0.0230849 0 -116 -0.0549318 0 1011.55 -3.45238 0
0.0268245 0 -116 -0.0549318 0 1011.55 -3.45238 0
0.0318816 0 -113 -0.0549318 -0.007 1011.55 -3.3631 0
0.0370088 -0.0109864 -110 -0.0549318 -0.007 1011.55 -3.3631 0
0.0421987 -0.0274659 -110 -0.0549318 0 1011.55 -3.27381 0
0.0471117 -0.0549318 -110 -0.0549318 0 1011.55 -3.27381 0
0.0522044 -0.0988772 -110 -0.0549318 -0.011 1011.55 -3.27381 0
0.0572779 -0.164795 -48 -0.0549318 -0.011 1011.55 -3.27381 0
0.0582037 -0.164795 -48 -0.0549318 -0.011 1011.55 -3.27381 0
0.0673902 -0.34607 135 -0.0549318 0.007 1011.55 -1.42857 0
0.0724995 -0.472413 260 -0.0549318 0 1011.55 4.01786 0
0.0776353 -0.620729 409 -0.0549318 0 1011.55 4.01786 0
0.0786178 -0.620729 409 -0.0549318 0 1011.55 4.01786 0
0.0827169 -0.796511 495 -0.0549318 0.049 1014.64 12.1726 0
0.0878117 -0.994265 606 -0.0549318 0.049 1014.64 12.1726 0
0.0927444 -1.21949 743 -0.230713 0.049 1036.33 22.1131 0
0.0937214 -1.21949 743 -0.230713 0.049 1036.33 22.1131 0
0.0979617 -1.46668 818 -0.230713 0.049 1036.33 22.1131 0
0.103231 -1.74683 831 -0.494386 0.038 1083.58 24.3452 0
0.108056 -2.04896 869 -0.494386 0.038 1083.58 24.3452 0
0.113056 -2.37305 934 -1.02173 0.026 1156.39 25.8631 0
0.118177 -2.72462 935 -1.02173 0.026 1156.39 25.8631 0
0.12323 -3.10365 960 -1.63697 0.022 1248.56 28.5714 0
0.128421 -3.49915 920 -1.63697 0.022 1248.56 28.5714 0
0.133412 -3.92213 902 -2.86744 0.038 1413.53 26.8452 0
0.138442 -4.36158 993 -2.86744 0.038 1413.53 26.8452 0
0.14349 -4.82301 1015 -3.65846 0.007 1535.91 30.2083 0
0.148656 -5.30641 1056 -3.65846 0.007 1535.91 30.2083 0
0.153705 -5.8008 1113 -4.53736 0 1668.35 33.125 0
0.163833 -6.83351 1094 -5.59205 0.003 1810.87 32.5595 0
0.169027 -7.37184 1102 -5.59205 0.003 1810.87 32.5595 0
0.174057 -7.91567 1120 -6.64674 -0.022 1958.03 33.3333 0
0.179291 -8.46499 1057 -6.64674 -0.022 1958.03 33.3333 0
0.184411 -9.02529 1088 -7.26198 -0.026 2107.52 32.381 0
0.189117 -9.58559 1122 -7.26198 -0.026 2107.52 32.381 0
0.194461 -10.1459 1158 -8.31667 -0.007 2182.65 33.3929 0
0.199657 -10.7117 1105 -8.31667 -0.007 2182.65 33.3929 0
0.209707 -11.8213 1165 -9.45925 0 2336.78 32.8869 0
0.220021 -12.909 1112 -10.5139 0 2494.01 34.6726 0
0.224878 -13.4418 1026 -11.6565 -0.007 2652.02 33.0952 0
0.230096 -13.9582 1105 -11.6565 -0.007 2652.02 33.0952 0
0.240118 -14.9469 953 -12.7112 -0.011 2809.25 32.8869 0
0.250485 -15.8698 821 -13.8538 -0.007 2957.96 28.3631 0
0.255584 -16.2983 901 -14.9085 -0.019 3095.83 24.4345 0
0.260606 -16.7102 871 -14.9085 -0.019 3095.83 24.4345 0
0.265445 -17.0948 819 -15.6995 -0.026 3222.08 25.9226 0
0.270508 -17.4573 744 -15.6995 -0.026 3222.08 25.9226 0
0.28048 -18.111 606 -16.5784 -0.003 3339.03 22.1429 0
0.28558 -18.4021 543 -17.3694 -0.019 3441.27 18.0357 0
0.290776 -18.6603 542 -17.3694 -0.019 3441.27 18.0357 0
0.295617 -18.902 515 -17.9847 -0.003 3522.6 16.131 0
0.30084 -19.1108 551 -17.9847 -0.003 3522.6 16.131 0
0.305842 -19.2975 472 -18.4241 0.003 3589.98 16.3988 0
0.311039 -19.4568 369 -18.4241 0.003 3589.98 16.3988 0
0.31594 -19.5887 329 -18.9515 -0.011 3649.62 10.9821 0
0.321233 -19.704 267 -18.9515 -0.011 3649.62 10.9821 0
0.326199 -19.7974 270 -19.303 -0.015 3693 7.94643 0
0.331532 -19.8688 254 -19.303 -0.015 3693 7.94643 0
0.341522 -19.9567 256 -19.4788 0.026 3717.01 7.55952 0
0.351793 -19.9897 204 -19.5667 0.034 3728.63 7.61905 0
0.361833 -19.9952 210 -19.6546 0.038 3734.82 6.07143 0
1.37781 -19.9952 240 -19.6546 0.026 3738.7 7.1131 0
1.38677 -19.9952 240 -19.6546 0.041 3738.7 7.14286 0
1.39188 -19.9952 240 -19.6546 0.026 3738.7 7.14286 0
1.40213 -19.9842 227 -19.6546 0.038 3738.7 6.75595 0
1.40702 -19.9732 216 -19.6546 0.038 3738.7 6.75595 0
1.41233 -19.9567 200 -19.6546 0.019 3738.7 5.95238 0
1.41732 -19.9347 178 -19.6546 0.019 3738.7 5.95238 0
1.42754 -19.8688 115 -19.6546 0.022 3738.7 4.46429 0
1.4376 -19.7754 22 -19.6546 0.003 3737.92 2.17262 0
1.44268 -19.7205 -36 -19.6546 0.003 3737.92 -1.07143 0
1.44795 -19.6491 -54 -19.6546 0.003 3737.92 -1.07143 0
1.45272 -19.5722 -85 -19.6546 0.003 3737.15 -2.52976 0
1.45784 -19.4843 -173 -19.6546 0.003 3737.15 -2.52976 0
1.46306 -19.3854 -273 -19.6546 -0.015 3734.05 -8.125 0
1.4683 -19.2756 -295 -19.6546 -0.015 3734.05 -8.125 0
1.47333 -19.1492 -329 -19.5667 -0.038 3713.91 -9.79167 0
1.47831 -19.0174 -375 -19.5667 -0.038 3713.91 -9.79167 0
1.48343 -18.8746 -344 -19.3909 -0.015 3698.42 -10.2381 0
1.48845 -18.7153 -414 -19.3909 -0.015 3698.42 -10.2381 0
1.49351 -18.545 -408 -19.1272 -0.003 3658.14 -12.3214 0
1.49868 -18.3637 -326 -19.1272 -0.003 3658.14 -12.3214 0
1.50867 -17.9627 -465 -18.6878 0.011 3610.9 -9.70238 0
1.51382 -17.743 -422 -18.4241 0.007 3536.54 -12.5595 0
1.52385 -17.2596 -551 -17.9847 0.007 3476.13 -16.3988 0
1.52904 -17.0014 -547 -17.9847 0.007 3476.13 -16.3988 0
1.53427 -16.7322 -556 -17.5452 0 3404.87 -16.5476 0
1.5393 -16.4466 -578 -17.5452 0 3404.87 -16.5476 0
1.54435 -16.1444 -525 -17.0179 0 3365.37 -17.2024 0
1.5494 -15.8368 -660 -17.0179 0 3365.37 -17.2024 0
1.55448 -15.5127 -633 -16.4905 0.034 3237.57 -18.8393 0
1.55949 -15.1776 -617 -16.4905 0.034 3237.57 -18.8393 0
1.56472 -14.8261 -614 -15.7874 0.03 3144.62 -18.2738 0
1.57452 -14.0955 -645 -15.0843 0.022 3096.6 -18.5714 0
1.57982 -13.711 -766 -15.0843 0.022 3096.6 -18.5714 0
1.58979 -12.909 -691 -14.469 0.03 2998.24 -22.7976 0
1.59504 -12.4915 -757 -13.5901 0.015 2892.9 -22.5298 0
1.59993 -12.063 -835 -13.5901 0.015 2892.9 -22.5298 0
1.60527 -11.6236 -835 -12.887 0.022 2719.4 -24.8512 0
1.61 -11.1731 -844 -12.887 0.022 2719.4 -24.8512 0
1.61543 -10.7117 -864 -12.0081 0.019 2593.93 -25.7143 0
1.62544 -9.76687 -843 -11.1292 0.038 2528.09 -26.5774 0
1.63541 -8.78908 -856 -10.1624 0.049 2393.32 -26.4583 0
1.64036 -8.2892 -918 -10.1624 0.049 2393.32 -26.4583 0
1.64566 -7.77834 -900 -8.66823 0.053 2183.42 -26.7857 0
1.65054 -7.26198 -889 -8.66823 0.053 2183.42 -26.7857 0
1.66074 -6.21278 -885 -8.14089 0.049 2038.58 -26.3095 0
1.67074 -5.14161 -903 -7.0862 0.041 1891.42 -26.5179 0
1.67606 -4.59779 -919 -5.50416 0.038 1744.26 -27.3512 0
1.68089 -4.05396 -852 -5.50416 0.038 1744.26 -27.3512 0
1.68623 -3.49915 -964 -4.88893 0.03 1593.22 -28.6905 0
1.69105 -2.94434 -991 -4.88893 0.03 1593.22 -28.6905 0
1.69638 -2.38953 -1021 -3.39478 0.034 1439.87 -30.3869 0
1.70134 -1.82923 -965 -3.39478 0.034 1439.87 -30.3869 0
1.70641 -1.26892 -999 -2.77955 0.045 1281.86 -29.7321 0
1.71166 -0.70862 -946 -2.77955 0.045 1281.86 -29.7321 0
1.72172 0.411988 -929 -1.63697 0.038 1123.85 -26.5774 0
1.73213 1.5326 -998 -0.494386 0.049 968.173 -28.6905 0
1.74212 3.20802 -915 1.08765 0.064 811.716 -30.6845 0
1.74743 3.76283 -1029 2.31812 0.053 571.609 -30.625 0
1.75241 4.31214 -963 2.31812 0.053 571.609 -30.625 0
1.7572 4.85597 -894 3.98805 0.045 412.054 -26.6071 0
1.76242 5.3943 -908 3.98805 0.045 412.054 -26.6071 0
1.77255 6.46547 -834 4.51539 0.072 254.823 -24.7024 0
1.77786 6.98732 -832 5.65797 0.053 106.886 -24.7619 0
1.78785 8.02004 -897 6.62477 0.049 34.8542 -26.6964 0
1.79282 8.52541 -876 6.62477 0.049 34.8542 -26.6964 0
1.79807 9.02529 -847 7.67946 0.034 -182.016 -25.2083 0
1.80301 9.51418 -809 7.67946 0.034 -182.016 -25.2083 0
1.80801 9.99209 -852 8.73415 0.03 -322.982 -25.3571 0
1.81312 10.4645 -886 8.73415 0.03 -322.982 -25.3571 0
1.81826 10.9314 -822 9.61306 0.022 -457.752 -24.4643 0
1.82321 11.3874 -749 9.61306 0.022 -457.752 -24.4643 0
1.82835 11.8268 -755 10.6678 0.045 -523.588 -22.4702 0
1.83325 12.2608 -750 10.6678 0.045 -523.588 -22.4702 0
1.83847 12.6892 -734 11.5467 0.026 -650.612 -21.8452 0
1.8433 13.1012 -708 11.5467 0.026 -650.612 -21.8452 0
1.84871 13.5022 -758 12.4256 0.03 -771.44 -21.0714 0
1.85356 13.8922 -710 12.4256 0.03 -771.44 -21.0714 0
1.8636 14.6393 -753 13.2166 0.03 -886.846 -21.131 0
1.86899 14.9909 -669 13.9197 0.015 -1000.7 -22.4107 0
1.87388 15.337 -572 13.9197 0.015 -1000.7 -22.4107 0
1.87922 15.6665 -551 14.7986 0.041 -1109.14 -17.0238 0
1.88427 15.9851 -517 14.7986 0.041 -1109.14 -17.0238 0
1.89429 16.5784 -500 15.5017 0.022 -1207.5 -15.3869 0
1.89947 16.8586 -515 16.117 0.026 -1294.25 -14.881 0
1.90945 17.3804 -420 16.7322 0.026 -1410.43 -12.5 0
1.9147 17.6221 -397 16.7322 0.026 -1410.43 -12.5 0
1.92464 18.0616 -400 17.2596 0.034 -1445.29 -10.744 0
1.93502 18.4516 -351 17.699 0.007 -1540.56 -12.6488 0
1.94003 18.6274 -351 18.1385 0.03 -1569.21 -10.4464 0
1.94507 18.7922 -339 18.1385 0.03 -1569.21 -10.4464 0
1.95043 18.946 -315 18.49 0.015 -1621.88 -10.0893 0
1.96021 19.2096 -319 18.8416 0.03 -1686.94 -9.49405 0
1.96507 19.325 -260 18.8416 0.03 -1686.94 -9.49405 0
1.96594 19.325 -260 18.8416 0.03 -1686.94 -9.49405 0
1.97033 19.4294 -277 19.1053 0.007 -1705.53 -8.24405 0
1.9756 19.5282 -195 19.1053 0.007 -1705.53 -8.24405 0
1.98049 19.6106 -192 19.3689 0.022 -1753.55 -5.71429 0
1.98561 19.6821 -178 19.3689 0.022 -1753.55 -5.71429 0
1.99571 19.8029 -209 19.5447 0.007 -1776.02 -4.58333 0
2.00078 19.8523 -168 19.6326 -0.007 -1789.18 -5 0
2.00581 19.8908 -207 19.6326 -0.007 -1789.18 -5 0
2.01105 19.9183 -151 19.7205 0.007 -1798.48 -4.49405 0
2.02124 19.9622 -107 19.8084 -0.003 -1803.9 -3.18452 0
2.02602 19.9787 -121 19.8084 -0.003 -1803.9 -3.18452 0
2.03117 19.9897 -130 19.8963 -0.007 -1803.9 -3.86905 0
2.03623 19.9952 -224 19.8963 -0.007 -1803.9 -3.86905 0
2.04111 19.9952 -139 19.8084 -0.011 -1804.67 -4.1369 0
2.04631 19.9952 -140 19.8084 -0.011 -1804.67 -4.1369 0
3.06317 19.9952 -146 19.8963 -0.011 -1805.45 -4.34524 0
3.0718 19.9952 -146 19.8963 -0.011 -1805.45 -4.34524 0
3.077 19.9952 -145 19.8963 -0.019 -1805.45 -4.31548 0
3.08683 19.9897 -138 19.8963 0 -1805.45 -4.10714 0
3.09188 19.9842 -130 19.8963 0 -1805.45 -4.10714 0
3.09734 19.9512 -101 19.8963 0.003 -1805.45 -3.00595 0
3.10228 19.9292 -91 19.8963 0.003 -1805.45 -3.00595 0
3.10715 19.9018 -91 19.8963 -0.007 -1805.45 -2.70833 0
3.11242 19.8633 -91 19.8963 -0.007 -1805.45 -2.70833 0
3.1225 19.7699 -15 19.8963 0 -1805.45 -1.99405 0
3.1328 19.6381 117 19.8963 0.007 -1805.45 1.36905 0
3.13791 19.5557 197 19.8963 0.022 -1805.45 5.8631 0
3.14804 19.3635 390 19.8963 0.038 -1802.35 11.6071 0
3.15304 19.2481 415 19.8963 0.038 -1802.35 11.6071 0
3.158 19.1272 539 19.8084 0.064 -1787.63 16.0417 0
3.16328 18.9899 499 19.8084 0.064 -1787.63 16.0417 0
3.16835 18.8416 559 19.6326 0.057 -1758.2 16.6369 0
3.17323 18.6823 631 19.6326 0.057 -1758.2 16.6369 0
3.17842 18.512 628 19.4568 0.038 -1713.28 18.6905 0
3.18328 18.3252 637 19.4568 0.038 -1713.28 18.6905 0
3.18861 18.1275 571 19.1053 0.022 -1657.51 16.994 0
3.19364 17.9187 606 19.1053 0.022 -1657.51 16.994 0
3.2037 17.4628 626 18.6658 0.003 -1594.77 19.4345 0
3.21399 16.9465 610 18.2264 0.011 -1527.39 20.8333 0
3.21914 16.6718 622 17.699 0.011 -1456.13 18.5119 0
3.22408 16.3861 735 17.699 0.011 -1456.13 18.5119 0
3.22914 16.084 772 17.2596 0.003 -1380.23 22.9762 0
3.23432 15.7709 734 17.2596 0.003 -1380.23 22.9762 0
3.24466 15.1062 785 16.3807 0.038 -1298.13 23.7202 0
3.25459 14.3921 884 16.0291 0.03 -1209.83 25.9524 0
3.25956 14.0186 908 15.4139 0.015 -1110.69 27.0238 0
3.26964 13.2331 903 14.7107 0.019 -999.929 26.875 0
3.27447 12.8266 873 14.7107 0.019 -999.929 26.875 0
3.27974 12.4036 854 13.8318 -0.011 -884.522 25.4167 0
3.28496 11.9751 934 13.8318 -0.011 -884.522 25.4167 0
3.29509 11.0797 1035 13.0408 0 -769.116 30.4464 0
3.30026 10.6238 1057 12.2498 0.015 -708.702 31.4583 0
3.30496 10.1514 1088 12.2498 0.015 -708.702 31.4583 0
3.3103 9.67349 952 11.3709 -0.003 -511.195 28.3333 0
3.31532 9.18459 1000 11.3709 -0.003 -511.195 28.3333 0
3.32051 8.69021 1056 10.3162 -0.007 -373.327 31.4286 0
3.33062 7.67946 1104 9.34939 0 -232.361 32.8571 0
3.33576 7.1631 1094 9.34939 0 -232.361 32.8571 0
3.34579 6.10841 1093 8.38259 0 -85.1992 32.4405 0
3.35596 5.03724 1113 7.3279 0 66.6103 32.7679 0
3.36109 4.48793 1043 6.27321 0.003 144.839 31.0417 0
3.3713 3.38929 1001 5.13063 -0.026 377.975 29.7917 0
3.37609 2.83448 1029 5.13063 -0.026 377.975 29.7917 0
3.38115 2.27967 1059 3.4607 -0.026 531.333 31.5179 0
3.38642 1.71936 1092 3.4607 -0.026 531.333 31.5179 0
3.39128 1.15906 1038 2.93336 -0.011 683.143 30.8929 0
3.39654 0.598756 1073 2.93336 -0.011 683.143 30.8929 0
3.40146 0.0329591 1197 1.79078 0.003 835.727 35.625 0
3.40662 -0.521852 1232 1.79078 0.003 835.727 35.625 0
3.41689 -1.64795 1126 0.823977 -0.011 993.732 35.119 0
3.42207 -2.20276 1071 -0.406495 0.015 1155.61 31.875 0
3.43206 -3.31788 1130 -1.54908 -0.011 1315.94 33.631 0
3.43702 -4.41651 1089 -1.54908 -0.011 1315.94 33.631 0
3.44204 -4.96034 1107 -3.219 -0.022 1474.72 32.9464 0
3.44731 -5.50416 1121 -3.219 -0.022 1474.72 32.9464 0
3.4523 -6.037 1041 -4.27369 -0.015 1710.18 30.9821 0
3.45723 -6.56984 1044 -4.27369 -0.015 1710.18 30.9821 0
3.46242 -7.09169 954 -5.41627 -0.003 1786.08 31.0714 0
3.46755 -7.60805 945 -5.41627 -0.003 1786.08 31.0714 0
3.47254 -8.11892 929 -6.55885 -0.015 1933.25 28.125 0
3.4776 -8.62429 906 -6.55885 -0.015 1933.25 28.125 0
3.48259 -9.11867 963 -7.61354 -0.019 2072.66 26.9643 0
3.48785 -9.60757 1012 -7.61354 -0.019 2072.66 26.9643 0
3.49269 -10.091 965 -8.49245 -0.007 2207.43 30.119 0
3.49793 -10.5579 910 -8.49245 -0.007 2207.43 30.119 0
3.50295 -11.0193 932 -9.54714 -0.007 2342.2 27.0833 0
3.50793 -11.4752 946 -9.54714 -0.007 2342.2 27.0833 0
3.51323 -11.9147 949 -10.4261 -0.015 2473.1 28.1548 0
3.52325 -12.7716 925 -11.305 0 2600.9 28.0357 0
3.52857 -13.1781 808 -11.305 0 2600.9 28.0357 0
3.53358 -13.5791 857 -12.2718 -0.015 2725.6 24.0476 0
3.53871 -13.9692 806 -12.2718 -0.015 2725.6 24.0476 0
3.54357 -14.3427 743 -13.0628 -0.011 2843.33 23.9881 0
3.54893 -14.7107 757 -13.0628 -0.011 2843.33 23.9881 0
3.55901 -15.4029 747 -13.8538 0.007 2951.76 22.5298 0
3.56382 -15.727 724 -14.5569 -0.022 3049.36 22.2321 0
3.56928 -16.0456 776 -14.5569 -0.022 3049.36 22.2321 0
3.57933 -16.6388 753 -15.1722 -0.003 3142.3 23.0952 0
3.58422 -16.9135 679 -15.7874 -0.007 3233.7 22.4107 0
3.58921 -17.1772 591 -15.7874 -0.007 3233.7 22.4107 0
3.59436 -17.4299 491 -16.4905 -0.026 3321.22 17.5893 0
3.59957 -17.6661 553 -16.4905 -0.026 3321.22 17.5893 0
3.60956 -18.1 551 -17.0179 0.011 3394.8 16.4583 0
3.61464 -18.3033 486 -17.4573 0.019 3454.44 16.3988 0
3.62471 -18.6603 495 -17.8089 0.019 3506.33 17.4107 0
3.63009 -18.8251 481 -17.8089 0.019 3506.33 17.4107 0
3.63494 -18.9734 455 -18.2483 0.03 3559 14.3155 0
3.64001 -19.1108 416 -18.2483 0.03 3559 14.3155 0
3.64494 -19.2371 366 -18.5999 0.011 3608.57 12.381 0
3.65035 -19.347 305 -18.5999 0.011 3608.57 12.381 0
3.65511 -19.4513 320 -18.9515 -0.007 3649.62 9.07738 0
3.66033 -19.5447 324 -18.9515 -0.007 3649.62 9.07738 0
3.6652 -19.6271 319 -19.1272 0.022 3675.18 9.64286 0
3.67038 -19.6985 391 -19.1272 0.022 3675.18 9.64286 0
3.67531 -19.759 365 -19.2151 0.045 3689.9 11.6369 0
3.6803 -19.8139 331 -19.2151 0.045 3689.9 11.6369 0
3.68536 -19.8578 377 -19.3909 0.045 3705.39 9.85119 0
3.69031 -19.8963 327 -19.3909 0.045 3705.39 9.85119 0
3.69548 -19.9238 269 -19.4788 0.045 3720.88 9.73214 0
3.70055 -19.9512 293 -19.4788 0.045 3720.88 9.73214 0
3.7056 -19.9677 311 -19.5667 0.022 3732.5 8.72024 0
3.71102 -19.9787 236 -19.5667 0.022 3732.5 8.72024 0
3.7211 -19.9952 250 -19.6546 0.015 3740.24 7.02381 0
3.73123 -19.9952 253 -19.6546 0.038 3743.34 7.44048 0
4.74195 -19.9952 279 -19.7425 0.03 3749.54 5.68452 0
4.75053 -19.9952 191 -19.7425 0.011 3749.54 5.68452 0
4.75575 -19.9952 279 -19.7425 0.011 3749.54 5.68452 0
4.76577 -19.9897 184 -19.6546 0.03 3749.54 8.30357 0
4.77607 -19.9677 164 -19.7425 0.011 3749.54 5.47619 0
4.78101 -19.9512 147 -19.7425 0.007 3749.54 4.88095 0
4.79094 -19.9018 95 -19.7425 0.015 3749.54 3.69048 0
4.79627 -19.8633 59 -19.7425 0.015 3749.54 3.69048 0
4.80118 -19.8194 15 -19.7425 0.015 3749.54 1.75595 0
4.80628 -19.7699 -15 -19.7425 0.015 3749.54 1.75595 0
4.81128 -19.704 -15 -19.7425 0 3749.54 -0.446429 0
4.81657 -19.6381 -70 -19.7425 0 3749.54 -0.446429 0
4.82139 -19.5557 -151 -19.7425 0.003 3748.76 -2.08333 0
4.8265 -19.4623 -241 -19.7425 0.003 3748.76 -2.08333 0
4.83149 -19.3635 -255 -19.7425 -0.019 3747.21 -7.17262 0
4.83653 -19.2481 -368 -19.7425 -0.019 3747.21 -7.17262 0
4.84156 -19.1272 -404 -19.6546 -0.026 3731.72 -10.9524 0
4.84676 -18.9899 -364 -19.6546 -0.026 3731.72 -10.9524 0
4.85695 -18.6823 -408 -19.3909 0.003 3699.97 -10.8333 0
4.86187 -18.3252 -326 -19.1272 -0.003 3658.14 -12.1429 0
4.86711 -18.1275 -347 -19.1272 -0.003 3658.14 -12.1429 0
4.87211 -17.9187 -382 -18.512 0.003 3586.11 -10.3274 0
4.87727 -17.6935 -517 -18.512 0.003 3586.11 -10.3274 0
4.88227 -17.4628 -490 -18.2483 -0.015 3536.54 -15.3869 0
4.88718 -17.2101 -563 -18.2483 -0.015 3536.54 -15.3869 0
4.8922 -16.9465 -562 -17.8089 -0.003 3475.35 -16.756 0
4.89742 -16.6718 -574 -17.8089 -0.003 3475.35 -16.756 0
4.90759 -16.084 -547 -17.2815 0.015 3401.77 -17.0833 0
4.91246 -15.7709 -597 -16.6663 0.03 3321.22 -16.2798 0
4.92269 -15.1062 -647 -16.139 0.022 3235.25 -19.6429 0
4.93306 -14.3921 -659 -15.4358 0.03 3142.3 -19.256 0
4.94288 -13.6341 -718 -14.7327 0.03 3043.16 -20.2976 0
4.94837 -13.2331 -765 -14.7327 0.03 3043.16 -20.2976 0
4.95817 -12.4036 -716 -14.0296 0.038 2940.15 -22.7679 0
4.96345 -11.9751 -795 -13.1507 0.003 2829.39 -21.3095 0
4.96844 -11.5357 -797 -13.1507 0.003 2829.39 -21.3095 0
4.97861 -10.6238 -831 -12.3596 0.015 2713.21 -23.7202 0
4.98862 -9.67349 -901 -11.4807 0.019 2588.51 -24.7321 0
4.99866 -8.69021 -917 -10.6018 0.038 2387.13 -25.625 0
5.0039 -8.19033 -893 -9.63503 0.03 2245.39 -26.5774 0
5.01411 -7.1631 -866 -8.66823 0.034 2173.35 -28.6905 0
5.02397 -6.10841 -865 -7.52565 0.061 2026.97 -25.744 0
5.02919 -5.57558 -873 -7.52565 0.061 2026.97 -25.744 0
5.03433 -5.03724 -973 -6.47096 0.045 1809.32 -28.9583 0
5.03943 -4.48793 -902 -6.47096 0.045 1809.32 -28.9583 0
5.04931 -3.38929 -948 -5.41627 0.041 1660.61 -27.5 0
5.05455 -2.83448 -976 -4.36158 0.049 1508.03 -29.0476 0
5.05941 -2.27967 -1006 -4.36158 0.049 1508.03 -29.0476 0
5.0646 -1.71936 -951 -3.30689 0.022 1429.02 -29.9405 0
5.06967 -1.15906 -897 -3.30689 0.022 1429.02 -29.9405 0
5.07976 -0.0329591 -968 -2.07642 0.064 1270.24 -27.7381 0
5.08982 1.08216 -950 -1.02173 0.041 1037.11 -27.2321 0
5.10017 2.20276 -1017 0.12085 0.034 959.653 -28.2738 0
5.10534 2.76307 -960 1.17554 0.03 803.196 -28.5714 0
5.11026 3.31788 -988 1.17554 0.03 803.196 -28.5714 0
5.12033 4.41651 -947 2.31812 0.053 560.766 -27.5298 0
5.12544 4.96034 -965 3.4607 0.041 479.439 -28.7202 0
5.13577 6.037 -811 4.60328 0.053 244.754 -24.1369 0
5.14051 6.56984 -814 4.60328 0.053 244.754 -24.1369 0
5.15095 7.60805 -889 5.74586 0.057 98.3663 -24.1369 0
5.16116 8.62429 -850 6.71266 0.045 -42.5996 -25.9821 0
5.17124 9.60757 -869 7.76735 0.049 -113.857 -25.2976 0
5.17618 10.091 -822 8.73415 0.038 -258.696 -25.8631 0
5.18132 10.5579 -766 8.73415 0.038 -258.696 -25.8631 0
5.18646 11.0193 -788 9.78884 0.041 -398.887 -22.7976 0
5.19141 11.4752 -801 9.78884 0.041 -398.887 -22.7976 0
5.20159 12.3487 -798 10.6678 0.053 -531.333 -23.8393 0
5.20655 12.7716 -780 11.5467 0.038 -658.357 -23.75 0
5.21693 13.5791 -712 12.5135 0.053 -780.734 -19.7619 0
5.22206 13.9692 -661 12.5135 0.053 -780.734 -19.7619 0
5.22703 14.7107 -700 13.3045 0.034 -895.366 -19.6726 0
5.23207 15.0623 -701 13.3045 0.034 -895.366 -19.6726 0
5.23729 15.4029 -602 14.3592 0.049 -1058.79 -20.8631 0
5.24215 15.727 -578 14.3592 0.049 -1058.79 -20.8631 0
5.24747 16.0456 -454 15.1502 0.049 -1162.58 -17.2024 0
5.25226 16.3477 -493 15.1502 0.049 -1162.58 -17.2024 0
5.25733 16.6388 -519 15.8533 0.022 -1254.75 -14.6726 0
5.26245 16.9135 -533 15.8533 0.022 -1254.75 -14.6726 0
5.26759 17.1772 -445 16.3807 0.026 -1335.3 -15.8631 0
5.27278 17.4299 -432 16.3807 0.026 -1335.3 -15.8631 0
5.27761 17.6661 -406 16.9959 0.022 -1411.21 -12.8571 0
5.28296 17.8913 -368 16.9959 0.022 -1411.21 -12.8571 0
5.28773 18.1 -404 17.5232 0.011 -1480.92 -10.9524 0
5.2928 18.3033 -340 17.5232 0.011 -1480.92 -10.9524 0
5.29797 18.49 -350 17.9627 0.019 -1542.11 -10.119 0
5.30331 18.6603 -348 17.9627 0.019 -1542.11 -10.119 0
5.30817 18.8251 -334 18.3143 0.03 -1595.55 -10.3571 0
5.31328 18.9734 -308 18.3143 0.03 -1595.55 -10.3571 0
5.32338 19.2371 -307 18.6658 0.019 -1643.57 -9.16667 0
5.32847 19.347 -245 18.9295 0.015 -1683.85 -9.1369 0
5.33382 19.4513 -260 18.9295 0.015 -1683.85 -9.1369 0
5.34377 19.6271 -171 19.1932 0.022 -1720.25 -7.7381 0
5.3539 19.759 -129 19.4568 0.022 -1752.01 -5.08929 0
5.35897 19.8139 -183 19.6326 0.022 -1771.37 -3.83929 0
5.36394 19.8578 -228 19.6326 0.022 -1771.37 -3.83929 0
5.36916 19.8963 -178 19.6326 -0.015 -1782.21 -6.78571 0
5.37935 19.9512 -144 19.7205 -0.03 -1793.06 -6.19048 0
5.38426 19.9677 -162 19.7205 -0.03 -1793.06 -6.19048 0
5.38926 19.9787 -87 19.8084 0 -1800.03 -4.82143 0
5.3946 19.9897 -184 19.8084 0 -1800.03 -4.82143 0
5.40455 19.9952 -103 19.8084 0.007 -1803.12 -5.47619 0
5.40959 19.9952 -192 19.8963 -0.022 -1803.12 -3.06548 0
6.42592 19.9952 -110 19.8963 0.007 -1804.67 -3.27381 0
6.43452 19.9952 -110 19.8963 -0.007 -1804.67 -3.27381 0
6.43959 19.9952 -109 19.8963 -0.007 -1804.67 -3.27381 0
6.44992 19.9897 -100 19.8963 -0.015 -1804.67 -3.24405 0
6.45993 19.9622 -76 19.8963 0.003 -1804.67 -2.97619 0
6.46495 19.9457 -57 19.8963 0.003 -1804.67 -2.2619 0
6.4699 19.9183 -56 19.8963 0.003 -1804.67 -2.2619 0
6.47508 19.8853 -56 19.8963 0 -1804.67 -1.66667 0
6.48019 19.8469 -56 19.8963 0 -1804.67 -1.66667 0
6.48518 19.7974 -11 19.8963 -0.003 -1804.67 -0.327381 0
6.49005 19.7425 44 19.8963 -0.003 -1804.67 -0.327381 0
6.49535 19.6766 109 19.8963 0.011 -1804.67 3.24405 0
6.50047 19.6052 183 19.8963 0.011 -1804.67 3.24405 0
6.50521 19.5173 268 19.8963 0.045 -1804.67 7.97619 0
6.51059 19.4239 363 19.8963 0.045 -1804.67 7.97619 0
6.51581 19.3195 381 19.8963 0.053 -1797.7 11.3393 0
6.52586 19.0723 540 19.8084 0.053 -1779.11 16.0714 0
6.53605 18.7812 569 19.6326 0.038 -1762.85 16.9345 0
6.54625 18.4406 560 19.2811 0.038 -1721.02 16.6071 0
6.5563 18.0451 601 18.9295 0.034 -1669.9 17.0833 0
6.56112 17.8309 641 18.9295 0.034 -1669.9 17.0833 0
6.57142 17.3639 672 18.5779 0.019 -1608.72 19.0774 0
6.57633 17.1058 575 18.1385 0.038 -1542.11 20 0
6.58136 16.8421 667 18.1385 0.038 -1542.11 20 0
6.59166 16.2653 713 17.6111 0.026 -1473.17 19.8512 0
6.6018 15.6446 811 17.0838 0.026 -1398.82 21.2202 0
6.61197 14.9689 783 16.5564 0.019 -1319.81 24.1369 0
6.62207 14.2438 892 15.8533 0.019 -1232.29 23.3036 0
6.6271 13.4748 961 15.2381 -0.007 -1137.02 26.5476 0
6.63223 13.0738 925 15.2381 -0.007 -1137.02 26.5476 0
6.63716 12.6563 899 14.0955 0.003 -973.594 27.5298 0
6.64213 12.2333 885 14.0955 0.003 -973.594 27.5298 0
6.6474 11.7993 968 13.2166 0.011 -855.865 26.3393 0
6.65258 11.3544 975 13.2166 0.011 -855.865 26.3393 0
6.65741 10.8985 990 12.4256 0.003 -738.135 29.0179 0
6.66249 10.437 1016 12.4256 0.003 -738.135 29.0179 0
6.66764 9.95913 1050 11.5467 0 -614.209 30.2381 0
6.67291 9.48122 1093 11.5467 0 -614.209 30.2381 0
6.68309 8.49245 1116 10.6678 0.003 -481.763 32.5298 0
6.68782 7.98708 1095 9.70095 0.007 -343.12 33.2143 0
6.69301 7.47072 1081 9.70095 0.007 -343.12 33.2143 0
6.6981 6.95436 1074 8.64626 -0.019 -199.831 32.1726 0
6.7033 6.42702 1161 8.64626 -0.019 -199.831 32.1726 0
6.70806 5.89418 1165 7.67946 -0.007 -51.894 34.5536 0
6.71314 5.36134 1087 7.67946 -0.007 -51.894 34.5536 0
6.72328 4.27369 1033 6.53688 0.007 101.464 32.3512 0
6.72831 3.72437 1144 5.3943 -0.015 256.372 30.744 0
6.73369 3.16956 1082 5.3943 -0.015 256.372 30.744 0
6.73856 2.61475 1111 4.33961 -0.011 412.054 32.2024 0
6.74386 2.05445 1054 4.33961 -0.011 412.054 32.2024 0
6.75375 0.93384 1122 3.19703 -0.015 564.638 31.369 0
6.75882 0.373536 1158 2.14234 -0.007 716.448 33.3929 0
6.76405 -0.186768 1193 2.14234 -0.007 716.448 33.3929 0
6.77401 -1.30738 1176 1.08765 -0.003 870.581 35.506 0
6.78441 -2.42798 1154 -0.0549318 -0.019 1031.68 35 0
6.78933 -2.9828 1096 -1.19751 -0.019 1192.79 34.3452 0
6.79944 -4.08692 1147 -2.2522 -0.003 1353.12 36.0417 0
6.80467 -4.63624 1079 -2.2522 -0.003 1353.12 36.0417 0
6.8148 -5.7184 1019 -3.48267 0 1511.9 32.1131 0
6.82473 -6.77858 1026 -4.62526 -0.015 1669.13 30.3274 0
6.83515 -7.81679 1009 -5.67995 -0.015 1820.16 30.5357 0
6.83996 -8.32216 990 -6.73464 -0.026 1965.78 30.0298 0
6.84512 -8.82204 964 -6.73464 -0.026 1965.78 30.0298 0
6.85025 -9.31643 1019 -7.78933 -0.022 2104.42 28.6905 0
6.86045 -10.2777 1014 -8.75612 -0.011 2238.41 29.0774 0
6.86531 -10.7447 954 -8.75612 -0.011 2238.41 29.0774 0
6.87052 -11.2061 973 -9.72292 -0.011 2370.86 28.3929 0
6.87569 -11.651 983 -9.72292 -0.011 2370.86 28.3929 0
6.88056 -12.0905 982 -10.6018 -0.015 2500.21 29.256 0
6.89064 -12.9364 861 -11.4807 0 2629.56 28.8988 0
6.89569 -13.3429 829 -11.4807 0 2629.56 28.8988 0
6.90591 -14.1175 817 -12.4475 0.007 2754.26 24.6726 0
6.91617 -14.8536 758 -13.2386 -0.015 2869.66 24.3155 0
6.92115 -15.1996 755 -14.0296 -0.003 2976.55 22.5595 0
6.93138 -15.8588 710 -14.7327 -0.015 3073.37 21.994 0
6.93648 -16.1664 757 -14.7327 -0.015 3073.37 21.994 0
6.94656 -16.7487 724 -15.3479 -0.003 3165.54 22.5298 0
6.95165 -17.0179 644 -15.9632 -0.003 3256.16 21.5476 0
6.96162 -17.5232 534 -16.6663 -0.007 3342.13 16.4286 0
6.96656 -17.7594 503 -16.6663 -0.007 3342.13 16.4286 0
6.9718 -17.9792 547 -17.1936 -0.015 3411.84 14.9702 0
6.97692 -18.1824 578 -17.1936 -0.015 3411.84 14.9702 0
6.98702 -18.556 515 -17.5452 0.034 3468.38 17.2024 0
6.99214 -18.8855 489 -17.9847 0.034 3520.28 15.3274 0
7.00222 -19.1602 414 -18.3362 0.022 3572.94 12.3214 0
7.00709 -19.2811 360 -18.3362 0.022 3572.94 12.3214 0
7.01241 -19.3909 381 -18.8636 0.015 3642.65 10.7143 0
7.0173 -19.4898 304 -18.8636 0.015 3642.65 10.7143 0
7.02243 -19.5777 305 -19.1272 0.011 3674.41 9.04762 0
7.02746 -19.6546 295 -19.1272 0.011 3674.41 9.04762 0
7.0326 -19.726 363 -19.303 0.022 3692.22 8.77976 0
7.03757 -19.7809 334 -19.303 0.022 3692.22 8.77976 0
7.04248 -19.8304 385 -19.3909 0.038 3703.84 9.94048 0
7.04787 -19.8743 339 -19.3909 0.038 3703.84 9.94048 0
7.053 -19.9073 286 -19.4788 0.041 3718.56 10.0893 0
7.06299 -19.9567 247 -19.5667 0.034 3732.5 9.31548 0
7.06792 -19.9732 263 -19.5667 0.034 3732.5 9.31548 0
7.07838 -19.9897 193 -19.6546 0.03 3741.79 7.82738 0
7.08357 -19.9952 197 -19.7425 0.034 3747.99 5.74405 0
7.08846 -19.9952 199 -19.7425 0.034 3747.99 5.74405 0
7.09345 -19.9952 199 -19.7425 0.03 3749.54 5.92262 0
8.10443 -19.9952 221 -19.7425 0.019 3750.31 6.57738 0
8.113 -19.9952 221 -19.7425 0.022 3750.31 6.57738 0
8.11804 -19.9952 219 -19.7425 0.034 3750.31 6.57738 0
8.1231 -19.9897 216 -19.7425 0.034 3750.31 6.57738 0
8.12834 -19.9842 209 -19.7425 0.045 3750.31 6.42857 0
8.1335 -19.9732 199 -19.7425 0.045 3750.31 6.42857 0
8.13845 -19.9622 184 -19.7425 0.022 3750.31 5.92262 0
8.14326 -19.9402 164 -19.7425 0.022 3750.31 5.92262 0
8.14814 -19.9128 137 -19.7425 0.026 3750.31 4.88095 0
8.1532 -19.8798 104 -19.7425 0.026 3750.31 4.88095 0
8.15842 -19.8359 63 -19.7425 -0.007 3750.31 3.09524 0
8.16362 -19.7919 14 -19.7425 -0.007 3750.31 3.09524 0
8.16859 -19.7315 13 -19.7425 -0.003 3750.31 0.416667 0
8.17864 -19.5887 -88 -19.7425 0 3750.31 -0.327381 0
8.18403 -19.5008 -174 -19.7425 0 3750.31 -0.327381 0
8.18874 -19.4019 -272 -19.7425 -0.015 3749.54 -5.17857 0
8.19393 -19.2975 -292 -19.7425 -0.015 3749.54 -5.17857 0
8.1989 -19.1767 -324 -19.6546 -0.011 3739.47 -8.69048 0
8.20423 -19.0448 -367 -19.6546 -0.011 3739.47 -8.69048 0
8.20911 -18.902 -334 -19.4788 -0.022 3711.59 -10.9226 0
8.21428 -18.7482 -401 -19.4788 -0.022 3711.59 -10.9226 0
8.2194 -18.5834 -393 -19.2151 0.019 3670.54 -11.9345 0
8.2243 -18.4021 -309 -19.2151 0.019 3670.54 -11.9345 0
8.22931 -18.2099 -325 -18.7757 0.019 3622.51 -9.19643 0
8.23458 -18.0066 -355 -18.7757 0.019 3622.51 -9.19643 0
8.2396 -17.7869 -485 -18.4241 0.011 3573.72 -10.5655 0
8.24449 -17.5562 -540 -18.4241 0.011 3573.72 -10.5655 0
8.25475 -17.0563 -602 -18.1604 -0.011 3522.6 -16.0714 0
8.25977 -16.7872 -608 -17.721 0 3459.09 -17.9167 0
8.27011 -16.2049 -572 -17.1058 0.007 3383.18 -16.0714 0
8.27516 -15.8973 -617 -17.1058 0.007 3383.18 -16.0714 0
8.28021 -15.5787 -587 -16.5784 0.015 3300.31 -18.3631 0
8.28532 -15.2436 -657 -16.5784 0.015 3300.31 -18.3631 0
8.29538 -14.5404 -659 -15.9632 0 3210.46 -19.5536 0
8.30025 -14.1724 -678 -15.26 0.022 3114.42 -19.6131 0
8.30533 -13.7879 -708 -15.26 0.022 3114.42 -19.6131 0
8.31034 -13.3924 -751 -14.5569 0.03 3016.05 -21.0714 0
8.31568 -12.9914 -804 -14.5569 0.03 3016.05 -21.0714 0
8.32052 -12.5739 -781 -13.8538 0.038 2912.26 -23.9286 0
8.33079 -11.7115 -766 -12.9749 0.022 2799.95 -22.8571 0
8.33604 -11.261 -862 -12.9749 0.022 2799.95 -22.8571 0
8.34612 -10.3382 -819 -12.1839 0.011 2679.9 -25.6548 0
8.35629 -9.38235 -900 -11.2171 0.011 2552.1 -24.375 0
8.36138 -8.88796 -865 -10.3382 0.019 2418.88 -26.7857 0
8.36648 -8.38808 -926 -10.3382 0.019 2418.88 -26.7857 0
8.37143 -7.88271 -906 -9.37136 0.022 2280.24 -27.5595 0
8.38168 -6.84999 -975 -8.31667 0.034 2136.18 -26.5774 0
8.38665 -6.32265 -887 -8.31667 0.034 2136.18 -26.5774 0
8.39684 -5.25148 -903 -7.26198 0.053 1989.01 -26.3988 0
8.40674 -4.16383 -939 -6.20729 0.061 1840.3 -26.875 0
8.41707 -3.0597 -901 -5.1526 0.049 1691.59 -27.9464 0
8.42223 -1.94458 -962 -4.01002 0.041 1464.65 -30.2976 0
8.43238 -0.823977 -942 -2.42798 0.019 1229.19 -28.0357 0
8.43711 -0.258179 -889 -2.42798 0.019 1229.19 -28.0357 0
8.44756 0.862429 -960 -1.19751 0.068 1072.74 -30.1488 0
8.4524 1.42273 -995 -0.142823 0.061 993.732 -28.5714 0
8.45744 1.98304 -940 -0.142823 0.061 993.732 -28.5714 0
8.46269 2.53785 -972 0.999758 0.019 836.501 -27.9762 0
8.47278 3.64747 -940 2.05445 0.041 678.495 -29.7917 0
8.47786 4.19679 -963 2.05445 0.041 678.495 -29.7917 0
8.48289 4.74611 -894 3.19703 0.03 518.166 -28.6607 0
8.48791 5.28993 -910 3.19703 0.03 518.166 -28.6607 0
8.49289 5.82277 -832 4.33961 0.064 359.386 -27.0833 0
8.4983 6.35561 -837 4.33961 0.064 359.386 -27.0833 0
8.50329 6.88295 -837 5.48219 0.038 206.802 -24.9107 0
8.5083 7.4048 -830 5.48219 0.038 206.802 -24.9107 0
8.51334 7.91567 -905 6.53688 0.045 60.414 -24.7024 0
8.51866 8.42653 -885 6.53688 0.045 60.414 -24.7024 0
8.52884 9.41531 -822 7.50368 0.057 -83.6501 -26.3393 0
8.53897 10.3711 -813 8.55837 0.061 -228.489 -24.4643 0
8.54401 10.838 -752 9.52517 0.053 -367.906 -24.1964 0
8.54911 11.294 -769 9.52517 0.053 -367.906 -24.1964 0
8.5541 11.7389 -776 10.492 0.034 -501.126 -22.8869 0
8.55924 12.1784 -773 10.492 0.034 -501.126 -22.8869 0
8.56419 12.6013 -760 11.3709 0.03 -627.376 -23.006 0
8.56953 13.0188 -736 11.3709 0.03 -627.376 -23.006 0
8.5743 13.4198 -701 12.2498 0.03 -749.753 -21.9048 0
8.57954 13.8153 -743 12.2498 0.03 -749.753 -21.9048 0
8.58945 14.5624 -703 13.0408 0.038 -865.934 -22.1131 0
8.59458 14.9195 -709 13.8318 0.015 -977.467 -20.9226 0
8.59986 15.2655 -615 13.8318 0.015 -977.467 -20.9226 0
8.60988 15.9192 -477 14.6228 0.034 -1085.9 -18.3036 0
8.61514 16.2268 -521 15.4139 0.041 -1187.37 -14.1964 0
8.62012 16.5235 -465 15.4139 0.041 -1187.37 -14.1964 0
8.62526 16.8036 -483 16.0291 0.053 -1274.89 -13.8393 0
8.63025 17.0728 -489 16.0291 0.053 -1274.89 -13.8393 0
8.64027 17.5727 -461 16.5564 0.019 -1353.12 -14.3155 0
8.64549 17.8034 -427 17.0838 0.022 -1427.47 -13.7202 0
8.65568 18.2209 -409 17.6111 0.03 -1496.41 -11.3393 0
8.6608 18.4131 -337 17.6111 0.03 -1496.41 -11.3393 0
8.67093 18.7592 -331 18.0506 0.019 -1555.27 -10.0298 0
8.68114 19.0558 -275 18.4021 0.026 -1606.39 -9.85119 0
8.69096 19.303 -349 18.7537 0.011 -1651.32 -8.18452 0
8.69606 19.4129 -280 18.9295 -0.003 -1689.27 -10.3869 0
8.70128 19.5063 -201 18.9295 -0.003 -1689.27 -10.3869 0
8.70624 19.5942 -199 19.2811 0.003 -1725.67 -5.98214 0
8.71143 19.6711 -187 19.2811 0.003 -1725.67 -5.98214 0
8.71625 19.737 -166 19.4568 0.019 -1755.1 -5.56548 0
8.7214 19.7919 -135 19.4568 0.019 -1755.1 -5.56548 0
8.72648 19.8414 -183 19.6326 0.003 -1773.69 -4.01786 0
8.73662 19.9128 -169 19.6326 -0.007 -1781.44 -6.66667 0
8.74182 19.9402 -195 19.6326 -0.007 -1781.44 -6.66667 0
8.75197 19.9787 -143 19.7205 -0.019 -1789.96 -5.80357 0
8.7568 19.9842 -153 19.8084 -0.003 -1797.7 -4.25595 0
8.76693 19.9952 -163 19.8084 -0.022 -1800.8 -4.73214 0
8.77221 19.9952 -164 19.8084 -0.022 -1800.8 -4.73214 0
9.78325 19.9952 -84 19.8963 -0.007 -1803.9 -2.5 0
9.79172 19.9952 -84 19.8084 -0.011 -1803.9 -5.11905 0
9.80183 19.9952 -81 19.8963 0 -1803.9 -2.47024 0
9.80702 19.9842 -68 19.8963 0 -1803.9 -2.47024 0
9.81207 19.9677 -56 19.8963 0.011 -1803.9 -2.02381 0
9.81725 19.9512 -39 19.8963 0.011 -1803.9 -2.02381 0
9.82217 19.9292 -29 19.8963 0 -1803.9 -1.16071 0
9.82741 19.9018 -29 19.8963 0 -1803.9 -1.16071 0
9.83237 19.8633 -29 19.8963 -0.007 -1803.9 -0.863095 0
9.83737 19.8194 -5 19.8963 -0.007 -1803.9 -0.863095 0
9.84243 19.7699 46 19.8963 0.011 -1803.9 -0.14881 0
9.84746 19.704 108 19.8963 0.011 -1803.9 -0.14881 0
9.85256 19.6381 179 19.8963 0.003 -1803.9 3.21429 0
9.85774 19.5557 259 19.8963 0.003 -1803.9 3.21429 0
9.86788 19.3635 364 19.8963 0.015 -1803.9 7.70833 0
9.87277 19.2481 477 19.8084 0.057 -1797.7 10.8333 0
9.87806 19.1272 513 19.8084 0.057 -1797.7 10.8333 0
9.88289 18.9899 561 19.7205 0.049 -1780.66 15.2679 0
9.88815 18.8416 533 19.7205 0.049 -1780.66 15.2679 0
9.89304 18.6823 605 19.4568 0.041 -1746.58 15.8631 0
9.89825 18.512 602 19.4568 0.041 -1746.58 15.8631 0
9.90329 18.3252 611 19.1932 0.068 -1700.89 17.9167 0
9.90831 18.1275 633 19.1932 0.068 -1700.89 17.9167 0
9.9132 17.9187 580 18.8416 0.03 -1646.67 18.8393 0
9.91852 17.6935 627 18.8416 0.03 -1646.67 18.8393 0
9.9233 17.4628 688 18.4021 0.034 -1585.48 18.6607 0
9.92845 17.2101 673 18.4021 0.034 -1585.48 18.6607 0
9.9335 16.9465 672 17.9627 0.022 -1520.42 20.0298 0
9.93845 16.6718 684 17.9627 0.022 -1520.42 20.0298 0
9.94351 16.3861 708 17.4353 0.022 -1449.94 20.3571 0
9.95372 15.7709 708 16.908 0 -1373.26 22.2024 0
9.95898 15.4468 771 16.908 0 -1373.26 22.2024 0
9.96395 15.1062 758 16.2928 0.019 -1291.15 22.9464 0
9.96923 14.7547 846 16.2928 0.019 -1291.15 22.9464 0
9.97402 14.3921 858 15.6775 0.03 -1202.86 25.1786 0
9.97938 14.0186 881 15.6775 0.03 -1202.86 25.1786 0
9.98431 13.6341 917 14.9744 0.007 -1102.17 26.2202 0
9.98928 13.2331 964 14.9744 0.007 -1102.17 26.2202 0
9.99442 12.8266 934 14.2713 0.011 -991.409 28.6905 0
9.99959 12.4036 915 14.2713 0.011 -991.409 28.6905 0
10.0045 11.9751 907 13.3924 0.015 -876.777 27.2321 0
10.0145 11.0797 1009 12.6013 0.019 -760.596 29.6726 0
10.0199 10.6238 1030 12.6013 0.019 -760.596 29.6726 0
10.0298 9.67349 1013 11.7224 0.022 -636.67 30.6548 0
10.035 9.18459 1061 10.7556 0 -503.45 30.1488 0
10.0401 8.69021 1030 10.7556 0 -503.45 30.1488 0
10.0451 8.19033 1093 9.78884 -0.007 -364.807 30.6548 0
10.0504 7.67946 1077 9.78884 -0.007 -364.807 30.6548 0
10.0602 6.63576 1151 8.82204 -0.015 -224.616 31.756 0
10.0701 5.57558 1073 7.3279 0.003 -3.87269 34.3452 0
10.0753 5.03724 1174 6.27321 -0.007 149.486 34.9405 0
10.0803 4.48793 1104 6.27321 -0.007 149.486 34.9405 0
10.0856 3.9441 1037 5.04274 -0.022 307.492 30.8631 0
10.0905 3.38929 1062 5.04274 -0.022 307.492 30.8631 0
10.0958 2.83448 1002 3.90016 -0.019 462.399 29.8214 0
10.1006 2.27967 1120 3.90016 -0.019 462.399 29.8214 0
10.1058 1.71936 1065 3.4607 -0.015 614.983 31.6964 0
10.1161 0.598756 1134 2.31812 0.003 690.113 32.7083 0
10.1213 0.0329591 1257 2.31812 0.003 690.113 32.7083 0
10.1263 -0.521852 1205 1.35132 -0.007 842.697 37.4107 0
10.1315 -1.08216 1152 1.35132 -0.007 842.697 37.4107 0
10.1365 -1.64795 1099 0.12085 0.003 1003.8 34.2857 0
10.1468 -2.76307 1074 -1.02173 -0.034 1166.45 33.6905 0
10.1566 -3.8672 1128 -2.16431 -0.019 1326.01 32.8274 0
10.1619 -4.41651 1150 -2.16431 -0.019 1326.01 32.8274 0
10.1721 -5.50416 1093 -3.219 -0.011 1481.69 34.2262 0
10.177 -6.56984 1105 -4.36158 -0.007 1638.15 32.5298 0
10.1824 -7.09169 1014 -4.36158 -0.007 1638.15 32.5298 0
10.1924 -8.11892 901 -6.03151 -0.015 1867.41 30.1786 0
10.2024 -9.11867 935 -7.17409 -0.019 2013.8 26.8155 0
10.2127 -10.091 1025 -8.14089 -0.022 2149.34 27.8274 0
10.2177 -10.5579 970 -9.0198 0 2281.79 30.506 0
10.2277 -11.4752 1006 -9.9866 0.015 2412.69 29.5238 0
10.233 -11.9147 921 -9.9866 0.015 2412.69 29.5238 0
10.2431 -12.7716 897 -10.9534 -0.019 2544.36 27.4107 0
10.248 -13.1781 868 -11.8323 0.022 2671.38 26.6964 0
10.2582 -13.9692 866 -12.7112 -0.019 2792.21 24.6726 0
10.2635 -14.3427 803 -12.7112 -0.019 2792.21 24.6726 0
10.2683 -14.7107 817 -13.5022 -0.015 2904.52 23.8988 0
10.2734 -15.0623 818 -13.5022 -0.015 2904.52 23.8988 0
10.2786 -15.4029 719 -14.2054 -0.003 3009.85 24.3452 0
10.2885 -16.0456 747 -14.9964 0 3106.67 20.7143 0
10.2938 -16.3477 699 -14.9964 0 3106.67 20.7143 0
10.304 -16.9135 650 -15.6116 0 3198.07 20.8036 0
10.3089 -17.1772 563 -16.2268 0.015 3287.91 19.3452 0
10.314 -17.4299 550 -16.2268 0.015 3287.91 19.3452 0
10.3191 -17.6661 524 -16.8421 -0.026 3368.47 16.369 0
10.3293 -18.1 522 -17.2815 0.003 3432.75 17.0833 0
10.3396 -18.49 556 -17.721 0.038 3487.74 16.25 0
10.3446 -18.6603 467 -17.721 0.038 3487.74 16.25 0
10.3548 -18.9734 426 -18.1604 0.015 3541.96 13.8988 0
10.3596 -19.1108 476 -18.512 0 3593.86 12.6786 0
10.3699 -19.347 364 -18.7757 0.022 3638.01 12.6488 0
10.38 -19.5447 296 -19.1272 0.007 3670.54 8.66071 0
10.3853 -19.6271 290 -19.1272 0.007 3670.54 8.66071 0
10.3952 -19.759 424 -19.303 0.038 3689.12 8.63095 0
10.4001 -19.8139 390 -19.303 0.061 3703.07 12.619 0
10.4053 -19.8578 348 -19.303 0.061 3703.07 12.619 0
10.4104 -19.8963 298 -19.4788 0.03 3720.11 10.3571 0
10.4157 -19.9238 240 -19.4788 0.03 3720.11 10.3571 0
10.4205 -19.9512 264 -19.6546 0.015 3737.15 7.14286 0
10.4308 -19.9787 295 -19.6546 0.034 3747.21 8.39286 0
10.4358 -19.9897 216 -19.6546 0.034 3747.21 8.39286 0
10.446 -19.9952 223 -19.7425 0.015 3753.41 6.42857 0
11.4623 -19.9952 245 -19.7425 0.022 3753.41 7.29167 0
11.4709 -19.9952 245 -19.7425 0.03 3753.41 7.29167 0
11.476 -19.9952 245 -19.7425 0.026 3753.41 7.29167 0
11.4811 -19.9952 243 -19.7425 0.026 3753.41 7.29167 0
11.4912 -19.9842 230 -19.7425 0.03 3753.41 7.23214 0
11.4964 -19.9677 218 -19.7425 0.034 3753.41 6.84524 0
11.5012 -19.9512 201 -19.7425 0.034 3753.41 6.84524 0
11.5063 -19.9292 178 -19.7425 0.03 3753.41 5.98214 0
11.5116 -19.9018 149 -19.7425 0.03 3753.41 5.98214 0
11.5164 -19.8633 113 -19.7425 0.007 3753.41 4.43452 0
11.5267 -19.7699 38 -19.7425 0.007 3752.64 2.05357 0
11.532 -19.704 38 -19.7425 0.007 3752.64 2.05357 0
11.5422 -19.5557 -97 -19.7425 -0.003 3752.64 1.13095 0
11.5472 -19.3635 -289 -19.7425 -0.003 3752.64 -2.8869 0
11.5521 -19.2481 -314 -19.7425 -0.003 3752.64 -2.8869 0
11.5571 -19.1272 -438 -19.6546 -0.011 3739.47 -9.34524 0
11.5623 -18.9899 -398 -19.6546 -0.011 3739.47 -9.34524 0
11.5675 -18.8416 -370 -19.4788 0 3707.71 -11.8452 0
11.5726 -18.6823 -354 -19.4788 0 3707.71 -11.8452 0
11.5776 -18.512 -351 -19.1272 0.015 3664.34 -10.5357 0
11.5876 -18.1275 -381 -18.7757 0.011 3617.09 -10.7143 0
11.5929 -17.9187 -416 -18.7757 0.011 3617.09 -10.7143 0
11.6029 -17.4628 -524 -18.4241 0.015 3569.07 -12.381 0
11.6077 -17.2101 -510 -18.0726 -0.03 3514.85 -15.5952 0
11.6129 -16.9465 -596 -18.0726 -0.03 3514.85 -15.5952 0
11.6179 -16.6718 -608 -17.6331 -0.003 3448.24 -17.7381 0
11.623 -16.3861 -544 -17.6331 -0.003 3448.24 -17.7381 0
11.6283 -16.084 -582 -17.0179 0.022 3370.01 -16.1905 0
11.6333 -15.7709 -632 -17.0179 0.022 3370.01 -16.1905 0
11.6383 -15.4468 -607 -16.4905 0.038 3285.59 -18.8095 0
11.6433 -15.1062 -682 -16.4905 0.038 3285.59 -18.8095 0
11.6483 -14.7547 -594 -15.8753 0.03 3195.74 -20.2976 0
11.6538 -14.3921 -693 -15.8753 0.03 3195.74 -20.2976 0
11.6638 -13.6341 -752 -15.1722 0.019 3099.7 -20.625 0
11.6737 -12.8266 -769 -14.469 0.011 2999.79 -22.381 0
11.6791 -12.4036 -750 -13.678 0.007 2893.67 -22.8869 0
11.6893 -11.5357 -832 -12.7991 0.022 2779.82 -22.0833 0
11.6941 -11.0797 -844 -12.7991 0.022 2779.82 -22.0833 0
11.6994 -10.6238 -865 -12.0081 0.022 2658.99 -25.119 0
11.7041 -10.1514 -896 -12.0081 0.022 2658.99 -25.119 0
11.7091 -9.67349 -936 -11.1292 0.022 2529.64 -26.6667 0
11.7141 -9.18459 -896 -11.1292 0.022 2529.64 -26.6667 0
11.7151 -9.18459 -896 -11.1292 0.022 2529.64 -26.6667 0
11.7192 -8.69021 -864 -10.1624 0.03 2393.32 -26.6667 0
11.7243 -8.19033 -928 -10.1624 0.03 2393.32 -26.6667 0
11.7293 -7.67946 -911 -9.19558 0.053 2253.91 -27.619 0
11.7344 -7.1631 -901 -9.19558 0.053 2253.91 -27.619 0
11.7394 -6.63576 -898 -8.14089 0.053 2109.84 -26.8155 0
11.7448 -6.10841 -900 -8.14089 0.053 2109.84 -26.8155 0
11.7497 -5.57558 -908 -7.0862 0.049 1961.9 -26.7857 0
11.7599 -4.48793 -850 -6.03151 0.041 1815.52 -27.381 0
11.7652 -3.9441 -871 -6.03151 0.041 1815.52 -27.381 0
11.7701 -3.38929 -983 -4.88893 0.03 1668.35 -25.9226 0
11.7753 -2.83448 -923 -4.88893 0.03 1668.35 -25.9226 0
11.7854 -1.71936 -1074 -3.83424 0.041 1518.87 -27.4702 0
11.7905 -1.15906 -932 -2.86744 0.022 1362.41 -31.9643 0
11.8006 -0.0329591 -915 -1.63697 0.057 1200.53 -28.7798 0
11.8056 0.521852 -951 -1.63697 0.057 1200.53 -28.7798 0
11.816 1.64795 -932 -0.494386 0.053 1042.53 -28.3036 0
11.8208 2.20276 -1052 0.648195 0.053 886.846 -27.7381 0
11.8261 2.76307 -995 0.648195 0.053 886.846 -27.7381 0
11.8363 3.8672 -961 1.70289 0.061 728.84 -29.6131 0
11.8411 4.41651 -983 2.84547 0.026 569.285 -28.6012 0
11.8463 4.96034 -1000 2.84547 0.026 569.285 -28.6012 0
11.8512 5.50416 -926 3.90016 0.057 409.731 -29.7619 0
11.8562 6.037 -846 3.90016 0.057 409.731 -29.7619 0
11.8613 6.56984 -849 5.13063 0.034 253.274 -25.1786 0
11.8662 7.09169 -846 5.13063 0.034 253.274 -25.1786 0
11.8716 7.60805 -925 6.18532 0.049 105.337 -25.1786 0
11.8766 8.11892 -909 6.18532 0.049 105.337 -25.1786 0
11.8867 9.11867 -855 7.15212 0.034 -37.1778 -27.0536 0
11.8969 10.091 -857 8.20681 0.041 -180.467 -25.4464 0
11.9018 10.5579 -801 9.17361 0.057 -322.208 -25.506 0
11.912 11.4752 -749 10.1404 0.045 -458.527 -24.5238 0
11.9169 11.9147 -753 10.1404 0.045 -458.527 -24.5238 0
11.9222 12.7716 -728 11.1072 0.049 -587.874 -22.4107 0
11.9273 13.1781 -788 11.1072 0.049 -587.874 -22.4107 0
11.9325 13.5791 -748 12.3377 0.034 -768.342 -23.4524 0
11.9425 14.3427 -722 13.2166 0.038 -884.522 -20.744 0
11.9477 14.7107 -736 13.2166 0.038 -884.522 -20.744 0
11.9576 15.4029 -550 13.9197 0.049 -996.83 -21.9048 0
11.9627 15.727 -527 14.7986 0.053 -1105.27 -16.369 0
11.968 16.0456 -490 14.7986 0.053 -1105.27 -16.369 0
11.9781 16.6388 -556 15.5017 0.038 -1202.08 -14.5833 0
11.983 16.9135 -481 16.0291 0.022 -1286.51 -16.5476 0
11.9883 17.1772 -481 16.0291 0.022 -1286.51 -16.5476 0
11.9931 17.4299 -469 16.6443 -0.007 -1364.74 -14.3155 0
11.9984 17.6661 -443 16.6443 -0.007 -1364.74 -14.3155 0
12.0085 18.1 -441 17.1717 0.026 -1438.32 -13.1845 0
12.0134 18.3033 -376 17.6111 0.022 -1504.93 -13.125 0
12.0184 18.49 -387 17.6111 0.022 -1504.93 -13.125 0
12.0288 18.8251 -283 18.0506 0.015 -1564.57 -11.5179 0
12.0388 19.1108 -306 18.49 0.019 -1614.14 -8.42262 0
12.0437 19.2371 -343 18.7537 0.015 -1656.74 -9.10714 0
12.0539 19.4513 -297 19.0174 -0.007 -1693.91 -8.39286 0
12.0591 19.5447 -213 19.0174 -0.007 -1693.91 -8.39286 0
12.0641 19.6271 -207 19.2811 0.022 -1728.77 -6.33929 0
12.0693 19.6985 -192 19.2811 0.022 -1728.77 -6.33929 0
12.0741 19.759 -166 19.4568 0.007 -1757.43 -5.71429 0
12.0844 19.8578 -177 19.6326 -0.003 -1774.47 -3.92857 0
12.0893 19.8963 -215 19.6326 -0.003 -1774.47 -3.92857 0
12.0944 19.9238 -157 19.6326 -0.011 -1782.21 -6.39881 0
12.0997 19.9512 -181 19.6326 -0.011 -1782.21 -6.39881 0
12.1097 19.9787 -124 19.7205 -0.026 -1789.96 -5.3869 0
12.1147 19.9897 -133 19.8084 0 -1795.38 -3.69048 0
12.12 19.9952 -138 19.8084 0 -1795.38 -3.69048 0
12.1302 19.9952 -141 19.8084 -0.022 -1797.7 -4.10714 0
13.1463 19.9952 -156 19.8084 0 -1800.8 -4.6131 0
13.1545 19.9952 -156 19.8084 -0.022 -1800.8 -4.64286 0
13.1592 19.9952 -155 19.8084 0 -1800.8 -4.64286 0
13.1694 19.9897 -59 19.8084 -0.015 -1800.8 -4.52381 0
13.1745 19.9787 -138 19.8084 -0.015 -1800.8 -4.52381 0
13.1847 19.9512 -107 19.8084 -0.022 -1800.8 -4.10714 0
13.1947 19.8963 -14 19.8084 0.007 -1800.8 -3.18452 0
13.205 19.8084 -14 19.8963 0 -1800.8 -0.416667 0
13.2098 19.7535 74 19.8084 -0.019 -1800.8 -0.416667 0
13.2151 19.693 49 19.8084 -0.019 -1800.8 -0.416667 0
13.2201 19.6216 122 19.8084 0.003 -1800.8 1.45833 0
13.2253 19.5392 204 19.8084 0.003 -1800.8 1.45833 0
13.2303 19.4458 297 19.8084 0.015 -1800.8 6.07143 0
13.2403 19.2261 516 19.8084 0.045 -1796.15 11.9345 0
13.2453 19.0998 555 19.8084 0.045 -1796.15 11.9345 0
13.2505 18.9624 605 19.7205 0.057 -1778.34 16.5179 0
13.2555 18.8141 580 19.7205 0.057 -1778.34 16.5179 0
13.2605 18.6493 566 19.4568 0.041 -1741.16 17.2619 0
13.2658 18.4736 565 19.4568 0.041 -1741.16 17.2619 0
13.2759 18.089 601 19.1053 0.038 -1692.37 16.8155 0
13.2859 17.6496 601 18.7537 0.034 -1638.15 17.8869 0
13.291 17.4134 664 18.3143 0.022 -1576.18 17.8869 0
13.2963 17.1607 652 18.3143 0.022 -1576.18 17.8869 0
13.3012 16.897 654 17.8748 0.007 -1511.12 19.4048 0
13.3062 16.6169 668 17.8748 0.007 -1511.12 19.4048 0
13.3114 16.3257 695 17.3475 0.038 -1440.64 19.881 0
13.3165 16.0236 735 17.3475 0.038 -1440.64 19.881 0
13.3213 15.7105 700 16.8201 0.015 -1322.14 20.8333 0
13.3266 15.3809 765 16.8201 0.015 -1322.14 20.8333 0
13.3317 15.0403 755 16.2049 0.015 -1236.16 22.4702 0
13.3366 14.6833 845 16.2049 0.015 -1236.16 22.4702 0
13.3417 14.3207 859 15.2381 -0.007 -1141.67 25.5655 0
13.3518 13.5517 923 14.5349 0.019 -1035.56 27.4702 0
13.3569 13.1507 885 14.5349 0.019 -1035.56 27.4702 0
13.3671 12.3212 840 14.0955 0.003 -921.7 25.506 0
13.3723 11.4423 1014 13.2166 0.022 -805.52 30.1786 0
13.3773 10.9918 1028 13.2166 0.022 -805.52 30.1786 0
13.3824 10.5304 1051 12.074 0.007 -686.241 30.5952 0
13.3874 10.058 1084 12.074 0.007 -686.241 30.5952 0
13.3925 9.57461 1037 11.1951 0.019 -555.344 32.2619 0
13.3973 9.08572 1087 11.1951 0.019 -555.344 32.2619 0
13.4026 8.59133 1057 10.2283 -0.003 -419.025 32.3512 0
13.4075 8.08596 1035 10.2283 -0.003 -419.025 32.3512 0
13.4128 7.57509 1107 9.17361 0.022 -279.608 30.8036 0
13.4228 6.53139 1096 8.20681 0.003 -135.544 32.7083 0
13.4281 6.00404 1100 8.20681 0.003 -135.544 32.7083 0
13.433 5.46571 1109 7.15212 -0.007 15.4908 32.7381 0
13.4382 4.92738 1122 7.15212 -0.007 15.4908 32.7381 0
13.4432 4.38356 1052 6.09743 -0.003 170.398 33.3929 0
13.4484 3.83424 1074 6.09743 -0.003 170.398 33.3929 0
13.4533 3.27943 1100 4.95485 -0.022 325.306 31.9643 0
13.4584 2.72462 1128 4.95485 -0.022 325.306 31.9643 0
13.4636 2.16981 1071 3.90016 -0.022 477.89 33.5714 0
13.4735 1.0492 1051 2.75758 -0.015 631.248 32.8571 0
13.4839 -0.0714113 1209 1.70289 -0.011 785.382 34.9405 0
13.4939 -1.19751 1104 0.560304 -0.011 942.613 34.4345 0
13.4992 -1.75782 1138 0.560304 -0.011 942.613 34.4345 0
13.5044 -2.31812 1171 -0.582277 0 1102.94 33.869 0
13.5093 -2.87293 1113 -0.582277 0 1102.94 33.869 0
13.5143 -3.42774 1141 -1.72486 0 1263.27 33.125 0
13.5243 -4.52638 1099 -2.86744 -0.011 1421.28 32.0536 0
13.5294 -5.0702 1116 -2.86744 -0.011 1421.28 32.0536 0
13.5396 -6.14687 1048 -3.92213 -0.003 1579.28 33.2143 0
13.5497 -7.19606 1045 -5.06471 -0.011 1734.97 31.1905 0
13.555 -7.71242 1035 -6.1194 -0.015 1883.68 31.1012 0
13.5601 -8.22329 930 -6.1194 -0.015 1883.68 31.1012 0
13.5652 -8.72317 905 -7.26198 -0.022 2027.74 27.6786 0
13.5702 -9.21755 961 -7.26198 -0.022 2027.74 27.6786 0
13.5754 -9.70644 1009 -8.22878 0 2163.28 28.6012 0
13.5853 -10.6513 990 -9.19558 0.003 2295.73 28.5714 0
13.5903 -11.1127 1011 -9.19558 0.003 2295.73 28.5714 0
13.6005 -12.0026 936 -10.0745 0.019 2428.18 30.0893 0
13.6057 -12.4311 927 -11.0413 0 2559.07 27.8571 0
13.6105 -12.854 907 -11.0413 0 2559.07 27.8571 0
13.6159 -13.2605 876 -11.9202 -0.026 2684.55 26.994 0
13.626 -14.0461 781 -12.7991 0.011 2804.6 24.8512 0
13.6312 -14.4196 804 -12.7991 0.011 2804.6 24.8512 0
13.6363 -14.7821 815 -13.5901 -0.019 2916.14 23.9286 0
13.6411 -15.1282 726 -13.5901 -0.019 2916.14 23.9286 0
13.6461 -15.4688 713 -14.3811 -0.007 3019.92 21.6071 0
13.6515 -15.7929 775 -14.3811 -0.007 3019.92 21.6071 0
13.6563 -16.106 736 -14.9964 -0.007 3115.19 23.0655 0
13.6617 -16.4081 773 -14.9964 -0.007 3115.19 23.0655 0
13.6664 -16.6938 708 -15.6116 0.015 3208.91 23.006 0
13.6714 -16.9684 631 -15.6116 0.015 3208.91 23.006 0
13.6766 -17.2266 541 -16.3147 -0.007 3300.31 18.7798 0
13.6819 -17.4738 526 -16.3147 -0.007 3300.31 18.7798 0
13.692 -17.9352 544 -16.93 0 3380.08 15.6548 0
13.7022 -18.3417 599 -17.3694 0.007 3441.27 16.1905 0
13.7123 -18.8526 498 -17.721 0.015 3493.94 17.8274 0
13.7173 -19.0009 469 -18.3362 0.003 3573.72 14.8214 0
13.7222 -19.1327 429 -18.3362 0.003 3573.72 14.8214 0
13.7276 -19.2591 376 -18.6878 0.015 3622.51 12.7679 0
13.7325 -19.3689 312 -18.6878 0.015 3622.51 12.7679 0
13.7427 -19.5612 328 -19.0394 0.007 3662.79 9.28571 0
13.753 -19.7095 390 -19.2151 0.007 3686.8 9.7619 0
13.7629 -19.8249 415 -19.303 0.041 3701.52 11.6071 0
13.7681 -19.8688 371 -19.3909 0.045 3721.66 11.0417 0
13.7784 -19.9292 260 -19.5667 0.045 3737.92 7.7381 0
13.7885 -19.9732 300 -19.6546 0.019 3749.54 8.92857 0
13.7933 -19.9842 224 -19.6546 0.019 3749.54 8.92857 0
13.7986 -19.9897 232 -19.7425 0.038 3754.96 6.90476 0
13.8037 -19.9952 236 -19.7425 0.038 3754.96 6.90476 0
13.8136 -19.9952 239 -19.7425 0.026 3754.96 7.08333 0
14.8252 -19.9952 260 -19.7425 0.041 3754.96 7.7381 0
14.834 -19.9952 260 -19.7425 0.049 3754.96 7.7381 0
14.8439 -19.9897 255 -19.7425 0.038 3754.96 7.70833 0
14.8491 -19.9842 249 -19.7425 0.038 3754.96 7.70833 0
14.8543 -19.9732 238 -19.7425 0.041 3754.96 7.41071 0
14.8593 -19.9622 223 -19.7425 0.041 3754.96 7.41071 0
14.8642 -19.9402 203 -19.7425 0.034 3754.96 6.6369 0
14.8693 -19.9128 176 -19.7425 0.034 3754.96 6.6369 0
14.8743 -19.8798 143 -19.7425 0.011 3754.96 5.2381 0
14.8796 -19.8359 102 -19.7425 0.011 3754.96 5.2381 0
14.8845 -19.7919 53 -19.7425 0.019 3754.96 3.03571 0
14.8895 -19.7315 53 -19.7425 0.019 3754.96 3.03571 0
14.8946 -19.6656 27 -19.7425 -0.015 3754.96 1.57738 0
14.8999 -19.5887 -48 -19.7425 -0.015 3754.96 1.57738 0
14.9099 -19.4019 -232 -19.7425 0.003 3754.19 -1.42857 0
14.9202 -19.1767 -372 -19.7425 -0.019 3752.64 -6.90476 0
14.925 -19.0448 -415 -19.6546 0.003 3735.6 -11.0714 0
14.9303 -18.902 -383 -19.6546 0.003 3735.6 -11.0714 0
14.9353 -18.7482 -362 -19.3909 -0.015 3699.19 -11.3988 0
14.9402 -18.5834 -353 -19.3909 -0.015 3699.19 -11.3988 0
14.9506 -18.2099 -374 -19.0394 0.022 3651.95 -10.506 0
14.9556 -18.0066 -404 -18.6878 0.011 3603.15 -11.131 0
14.9606 -17.7869 -446 -18.6878 0.011 3603.15 -11.131 0
14.9708 -17.3145 -570 -18.3362 -0.011 3554.35 -13.2738 0
14.981 -16.7872 -569 -17.9847 0.003 3497.81 -16.9643 0
14.9909 -16.2049 -621 -17.4573 -0.007 3428.11 -16.9345 0
14.9962 -15.8973 -578 -16.93 0.019 3348.33 -18.4821 0
15.0062 -15.2436 -618 -16.3147 0.015 3261.58 -18.9286 0
15.0164 -14.5404 -620 -15.6116 0.038 3169.41 -18.244 0
15.0213 -14.1724 -639 -15.6116 0.038 3169.41 -18.244 0
15.0265 -13.7879 -669 -14.9085 0.03 3073.37 -19.0179 0
15.0316 -13.3924 -712 -14.9085 0.03 3073.37 -19.0179 0
15.0365 -12.9914 -765 -14.2054 0.022 2971.9 -21.1905 0
15.0467 -12.1454 -730 -13.4143 0.022 2863.47 -22.0833 0
15.052 -11.7115 -815 -13.4143 0.022 2863.47 -22.0833 0
15.0621 -10.8051 -841 -12.6233 0.019 2746.51 -24.256 0
15.067 -9.86575 -904 -11.7444 0.022 2621.81 -25.0298 0
15.0772 -8.88796 -826 -10.8655 0.034 2492.46 -26.9048 0
15.0823 -8.38808 -887 -10.8655 0.034 2492.46 -26.9048 0
15.0872 -7.88271 -955 -9.37136 0.019 2286.44 -26.3988 0
15.0923 -7.36635 -943 -9.37136 0.019 2286.44 -26.3988 0
15.0974 -6.84999 -937 -8.40456 0.022 2142.37 -28.0655 0
15.1026 -6.32265 -849 -8.40456 0.022 2142.37 -28.0655 0
15.1074 -5.78981 -854 -7.26198 0.038 1994.44 -25.2679 0
15.1126 -5.25148 -865 -7.26198 0.038 1994.44 -25.2679 0
15.1175 -4.70765 -968 -6.20729 0.041 1847.27 -25.744 0
15.1227 -4.16383 -900 -6.20729 0.041 1847.27 -25.744 0
15.133 -3.0597 -950 -5.1526 0.03 1699.34 -26.7857 0
15.1433 -1.94458 -1011 -4.09791 0.041 1548.3 -28.2738 0
15.1482 -1.38428 -957 -3.04322 0.057 1394.17 -30.0893 0
15.1583 -0.258179 -939 -1.81275 0.061 1233.84 -26.9048 0
15.1635 0.296632 -975 -1.81275 0.061 1233.84 -26.9048 0
15.1735 1.42273 -957 -0.758058 0.03 1077.38 -29.0179 0
15.1785 1.98304 -990 0.384522 0.022 922.475 -28.4821 0
15.1887 3.09815 -963 1.43921 0.022 763.694 -30.4167 0
15.1988 4.19679 -925 2.66968 0.053 602.591 -26.8452 0
15.204 4.74611 -944 2.66968 0.053 602.591 -26.8452 0
15.2091 5.28993 -872 3.72437 0.053 442.261 -28.0952 0
15.2142 5.82277 -882 3.72437 0.053 442.261 -28.0952 0
15.2193 6.35561 -799 4.86696 0.045 286.579 -26.25 0
15.2242 6.88295 -887 4.86696 0.045 286.579 -26.25 0
15.2293 7.4048 -880 5.92165 0.053 138.642 -26.3988 0
15.2394 8.42653 -847 6.88844 0.061 -3.87269 -28.4226 0
15.2443 8.92092 -907 6.88844 0.061 -3.87269 -28.4226 0
15.2494 9.41531 -872 7.94313 0.041 -148.711 -25.9524 0
15.2545 9.89871 -916 7.94313 0.041 -148.711 -25.9524 0
15.2597 10.3711 -776 8.90993 0.045 -292.775 -27.2619 0
15.2698 11.294 -819 9.96462 0.03 -430.643 -23.869 0
15.2802 12.1784 -736 10.9314 0.038 -560.766 -21.9643 0
15.285 12.6013 -722 10.9314 0.038 -560.766 -21.9643 0
15.2901 13.0188 -786 11.8103 0.038 -682.368 -21.4881 0
15.2954 13.4198 -751 11.8103 0.038 -682.368 -21.4881 0
15.3054 14.1944 -735 12.6013 0.03 -800.872 -22.3512 0
15.3105 14.5624 -665 13.3924 0.03 -917.053 -21.875 0
15.3207 15.2655 -577 14.1834 0.041 -1029.36 -19.9702 0
15.3258 15.6006 -559 14.1834 0.041 -1029.36 -19.9702 0
15.336 16.2268 -484 14.9744 0.061 -1135.47 -16.6369 0
15.341 16.5235 -515 15.6775 0.045 -1228.42 -14.4048 0
15.3511 17.0728 -451 16.2928 0.03 -1310.52 -13.2738 0
15.3613 17.5727 -511 16.8201 0.007 -1385.65 -13.2143 0
15.3664 17.8034 -477 16.8201 0.007 -1385.65 -13.2143 0
15.3712 18.0176 -343 17.2596 0.015 -1456.13 -14.1964 0
15.3766 18.2209 -372 17.2596 0.015 -1456.13 -14.1964 0
15.3814 18.4131 -300 17.7869 0.022 -1521.19 -11.0714 0
15.3915 18.7592 -293 18.2264 0.026 -1577.73 -9.01786 0
15.3969 18.913 -272 18.2264 0.026 -1577.73 -9.01786 0
15.4068 19.1877 -280 18.5779 0 -1624.98 -8.09524 0
15.4173 19.4129 -243 18.8416 -0.007 -1666.81 -8.33333 0
15.4273 19.6711 -150 19.1053 0.022 -1703.21 -7.23214 0
15.4322 19.737 -128 19.4568 0.022 -1750.46 -4.46429 0
15.4371 19.7919 -98 19.4568 0.022 -1750.46 -4.46429 0
15.4423 19.8414 -146 19.6326 0.003 -1769.82 -2.91667 0
15.4474 19.8798 -187 19.6326 0.003 -1769.82 -2.91667 0
15.4523 19.9128 -220 19.6326 -0.015 -1777.56 -5.56548 0
15.4574 19.9402 -158 19.6326 -0.015 -1777.56 -5.56548 0
15.4678 19.9787 -193 19.7205 -0.007 -1785.31 -4.70238 0
15.4778 19.9952 -122 19.7205 -0.007 -1793.83 -5.74405 0
15.4828 19.9952 -126 19.8084 -0.003 -1797.7 -3.63095 0
15.493 19.9952 -127 19.8084 -0.007 -1797.7 -3.77976 0
