0.0493538 0 2352 0.280152 0.354 -241.974 70 0
0.0506554 0 2352 0.280152 0.354 -241.974 70 0
0.051754 0 2352 0.280152 0.354 -241.974 70 0
0.0528181 0 2352 0.280152 0.354 -241.974 70 0
0.0539503 0 2352 1.79078 0.362 -198.029 70 0
0.0551803 0 2352 1.79078 0.362 -198.029 70 0
0.0563259 0 2352 1.79078 0.362 -198.029 70 0
0.0574129 0 2352 1.79078 0.362 -198.029 70 0
0.058634 0 2352 1.79078 0.362 -198.029 70 0
0.0597136 0 2352 1.79078 0.362 -198.029 70 0
0.0606022 0 2352 1.79078 0.362 -198.029 70 0
0.0613918 0 2352 1.79078 0.362 -198.029 70 0
0.0621891 0 2352 1.79078 0.362 -198.029 70 0
0.063062 0 2352 1.79078 0.362 -198.029 70 0
0.0639915 0 2352 3.87818 0.35 -16.2049 70 0
0.0650339 0 2352 3.87818 0.35 -16.2049 70 0
0.0660188 0 2352 3.87818 0.35 -16.2049 70 0
0.0669959 0 2352 3.87818 0.35 -16.2049 70 0
0.0680292 0 2352 3.87818 0.35 -16.2049 70 0
0.069098 0 2352 3.87818 0.35 -16.2049 70 0
0.0701334 0 2352 3.87818 0.35 -16.2049 70 0
0.0711119 0 2352 3.87818 0.35 -16.2049 70 0
0.072011 0 2352 3.87818 0.35 -16.2049 70 0
0.0730608 0 2352 3.87818 0.35 -16.2049 70 0
0.0740511 0 2352 7.80031 0.316 133.21 70 0
0.0750973 0 2352 7.80031 0.316 133.21 70 0
0.0760114 0 2352 7.80031 0.316 133.21 70 0
0.0770032 0 2352 7.80031 0.316 133.21 70 0
0.0779998 0 2352 7.80031 0.316 133.21 70 0
0.0789568 0 2352 7.80031 0.316 133.21 70 0
0.08005 0 2352 7.80031 0.316 133.21 70 0
0.0810242 0 2352 7.80031 0.316 133.21 70 0
0.0819795 0 2352 7.80031 0.316 133.21 70 0
0.0829711 0 2352 7.80031 0.316 133.21 70 0
0.0839732 0 2352 10.6513 0.293 291.413 70 0
0.0850272 0 2352 10.6513 0.293 291.413 70 0
0.0860095 0 2352 10.6513 0.293 291.413 70 0
0.0870271 0 2352 10.6513 0.293 291.413 70 0
0.0880191 0 2352 10.6513 0.293 291.413 70 0
0.0889678 0 2352 10.6513 0.293 291.413 70 0
0.0902276 0 2352 10.6513 0.293 291.413 70 0
0.091296 0 2352 10.6513 0.293 291.413 70 0
0.0921941 0 2352 10.6513 0.293 291.413 70 0
0.0930893 0 2352 10.6513 0.293 291.413 70 0
0.0940027 0 2352 13.5791 0.274 456.758 70 0
0.0951214 0 2352 13.5791 0.274 456.758 70 0
0.0962954 0 2352 13.5791 0.274 456.758 70 0
0.0975668 0 2352 13.5791 0.274 456.758 70 0
0.098738 0 2352 13.5791 0.274 456.758 70 0
0.099766 0 2352 13.5791 0.274 456.758 70 0
0.100686 0 2352 13.5791 0.274 456.758 70 0
0.101723 0 2352 13.5791 0.274 456.758 70 0
0.102728 0 2352 13.5791 0.274 456.758 70 0
0.10362 0 2352 13.5791 0.274 456.758 70 0
0.104279 0 2352 16.5839 0.297 624.025 70 0
0.104899 0 2352 16.5839 0.297 624.025 70 0
0.105564 0 2352 16.5839 0.297 624.025 70 0
0.106199 0 2352 16.5839 0.297 624.025 70 0
0.106878 0 2352 16.5839 0.297 624.025 70 0
0.107512 0 2352 16.5839 0.297 624.025 70 0
0.108088 0 2352 16.5839 0.297 624.025 70 0
0.108599 0 2352 16.5839 0.297 624.025 70 0
0.109008 0 2352 16.5839 0.297 624.025 70 0
0.109522 0 2352 16.5839 0.297 624.025 70 0
0.109948 0 2352 16.5839 0.297 624.025 70 0
0.110455 0 2352 16.5839 0.297 624.025 70 0
0.110871 0 2352 16.5839 0.297 624.025 70 0
0.111367 0 2352 16.5839 0.297 624.025 70 0
0.111793 0 2352 16.5839 0.297 624.025 70 0
0.112307 0 2352 16.5839 0.297 624.025 70 0
0.11285 0 2352 16.5839 0.297 624.025 70 0
0.113334 0 2352 16.5839 0.297 624.025 70 0
0.113808 0 2352 16.5839 0.297 624.025 70 0
0.114291 0 2352 16.5839 0.297 624.025 70 0
0.114802 0 2352 19.5777 0.267 794.313 70 0
0.115357 0 2352 19.5777 0.267 794.313 70 0
0.115846 0 2352 19.5777 0.267 794.313 70 0
0.116307 0 2352 19.5777 0.267 794.313 70 0
0.116718 0 2352 19.5777 0.267 794.313 70 0
0.117217 0 2352 19.5777 0.267 794.313 70 0
0.117655 0 2352 19.5777 0.267 794.313 70 0
0.118136 0 2352 19.5777 0.267 794.313 70 0
0.118588 0 2352 19.5777 0.267 794.313 70 0
0.119067 0 2352 19.5777 0.267 794.313 70 0
0.119526 0 2352 19.5777 0.267 794.313 70 0
0.120063 0 2352 19.5777 0.267 794.313 70 0
0.120596 0 2352 19.5777 0.267 794.313 70 0
0.121105 0 2352 19.5777 0.267 794.313 70 0
0.121574 0 2352 19.5777 0.267 794.313 70 0
0.122014 0 2352 19.5777 0.267 794.313 70 0
0.122516 0 2352 19.5777 0.267 794.313 70 0
0.122994 0 2352 19.5777 0.267 794.313 70 0
0.12344 0 2352 19.5777 0.267 794.313 70 0
0.123959 0 2352 19.5777 0.267 794.313 70 0
0.124493 0 2352 22.5934 0.244 962.13 70 0
1.15024 0 -2352 24.928 -0.423 1111.82 -70 0
1.15197 0 -2352 24.928 -0.423 1111.82 -70 0
1.15342 0 -2352 24.928 -0.423 1111.82 -70 0
1.155 0 -2352 24.928 -0.423 1111.82 -70 0
1.1567 0 -2352 24.928 -0.423 1111.82 -70 0
1.1583 0 -2352 24.928 -0.423 1111.82 -70 0
1.15986 0 -2352 23.0109 -0.366 1011.29 -70 0
1.16121 0 -2352 23.0109 -0.366 1011.29 -70 0
1.16259 0 -2352 23.0109 -0.366 1011.29 -70 0
1.16383 0 -2352 23.0109 -0.366 1011.29 -70 0
1.16529 0 -2352 23.0109 -0.366 1011.29 -70 0
1.16666 0 -2352 23.0109 -0.366 1011.29 -70 0
1.16805 0 -2352 23.0109 -0.366 1011.29 -70 0
1.16942 0 -2352 20.4621 -0.35 875.887 -70 0
1.17112 0 -2352 20.4621 -0.35 875.887 -70 0
1.17271 0 -2352 20.4621 -0.35 875.887 -70 0
1.17433 0 -2352 20.4621 -0.35 875.887 -70 0
1.1758 0 -2352 20.4621 -0.35 875.887 -70 0
1.17718 0 -2352 20.4621 -0.35 875.887 -70 0
1.17852 0 -2352 20.4621 -0.35 875.887 -70 0
1.1799 0 -2352 17.7045 -0.312 726.473 -70 0
1.18103 0 -2352 17.7045 -0.312 726.473 -70 0
1.18205 0 -2352 17.7045 -0.312 726.473 -70 0
1.18417 0 -2352 17.7045 -0.312 726.473 -70 0
1.18534 0 -2352 17.7045 -0.312 726.473 -70 0
1.18658 0 -2352 17.7045 -0.312 726.473 -70 0
1.18771 0 -2352 17.7045 -0.312 726.473 -70 0
1.1889 0 -2352 17.7045 -0.312 726.473 -70 0
1.19024 0 -2352 14.7766 -0.32 565.523 -70 0
1.19116 0 -2352 14.7766 -0.32 565.523 -70 0
1.19212 0 -2352 14.7766 -0.32 565.523 -70 0
1.19311 0 -2352 14.7766 -0.32 565.523 -70 0
1.194 0 -2352 14.7766 -0.32 565.523 -70 0
1.19488 0 -2352 14.7766 -0.32 565.523 -70 0
1.19569 0 -2352 14.7766 -0.32 565.523 -70 0
1.19661 0 -2352 14.7766 -0.32 565.523 -70 0
1.19745 0 -2352 14.7766 -0.32 565.523 -70 0
1.19833 0 -2352 14.7766 -0.32 565.523 -70 0
1.19913 0 -2352 14.7766 -0.32 565.523 -70 0
1.19996 0 -2352 11.7115 -0.305 398.805 -70 0
1.20097 0 -2352 11.7115 -0.305 398.805 -70 0
1.20192 0 -2352 11.7115 -0.305 398.805 -70 0
1.20271 0 -2352 11.7115 -0.305 398.805 -70 0
1.20367 0 -2352 11.7115 -0.305 398.805 -70 0
1.20445 0 -2352 11.7115 -0.305 398.805 -70 0
1.20529 0 -2352 11.7115 -0.305 398.805 -70 0
1.20611 0 -2352 11.7115 -0.305 398.805 -70 0
1.20693 0 -2352 11.7115 -0.305 398.805 -70 0
1.20786 0 -2352 11.7115 -0.305 398.805 -70 0
1.20863 0 -2352 11.7115 -0.305 398.805 -70 0
1.2095 0 -2352 11.7115 -0.305 398.805 -70 0
1.21041 0 -2352 7.06423 -0.305 140.625 -70 0
1.21139 0 -2352 7.06423 -0.305 140.625 -70 0
1.21265 0 -2352 7.06423 -0.305 140.625 -70 0
1.21387 0 -2352 7.06423 -0.305 140.625 -70 0
1.21479 0 -2352 7.06423 -0.305 140.625 -70 0
1.21579 0 -2352 7.06423 -0.305 140.625 -70 0
1.21669 0 -2352 7.06423 -0.305 140.625 -70 0
1.21778 0 -2352 7.06423 -0.305 140.625 -70 0
1.21869 0 -2352 7.06423 -0.305 140.625 -70 0
1.21975 0 -2352 5.46571 -0.282 -34.607 -70 0
1.22087 0 -2352 5.46571 -0.282 -34.607 -70 0
1.22224 0 -2352 5.46571 -0.282 -34.607 -70 0
1.22336 0 -2352 5.46571 -0.282 -34.607 -70 0
1.22452 0 -2352 5.46571 -0.282 -34.607 -70 0
1.22579 0 -2352 5.46571 -0.282 -34.607 -70 0
1.22715 0 -2352 5.46571 -0.282 -34.607 -70 0
1.22841 0 -2352 5.46571 -0.282 -34.607 -70 0
1.22966 0 -2352 0.714113 -0.274 -211.213 -70 0
1.23094 0 -2352 0.714113 -0.274 -211.213 -70 0
1.23252 0 -2352 0.714113 -0.274 -211.213 -70 0
1.23403 0 -2352 0.714113 -0.274 -211.213 -70 0
1.23568 0 -2352 0.714113 -0.274 -211.213 -70 0
1.23697 0 -2352 0.714113 -0.274 -211.213 -70 0
1.23831 0 -2352 0.714113 -0.274 -211.213 -70 0
1.23962 0 -2352 0.714113 -0.274 -211.213 -70 0
1.24098 0 -2352 -2.48292 -0.267 -389.466 -70 0
1.24243 0 -2352 -2.48292 -0.267 -389.466 -70 0
1.24376 0 -2352 -2.48292 -0.267 -389.466 -70 0
1.24486 0 -2352 -2.48292 -0.267 -389.466 -70 0
1.24614 0 -2352 -2.48292 -0.267 -389.466 -70 0
1.2474 0 -2352 -2.48292 -0.267 -389.466 -70 0
1.24877 0 -2352 -2.48292 -0.267 -389.466 -70 0
1.25008 0 -2352 -5.66896 -0.274 -566.347 -70 0
1.25169 0 -2352 -5.66896 -0.274 -566.347 -70 0
1.253 0 -2352 -5.66896 -0.274 -566.347 -70 0
1.25437 0 -2352 -5.66896 -0.274 -566.347 -70 0
1.25574 0 -2352 -5.66896 -0.274 -566.347 -70 0
1.25718 0 -2352 -5.66896 -0.274 -566.347 -70 0
1.25853 0 -2352 -5.66896 -0.274 -566.347 -70 0
1.26003 0 -2352 -8.81106 -0.247 -740.48 -70 0
1.26177 0 -2352 -8.81106 -0.247 -740.48 -70 0
1.26321 0 -2352 -8.81106 -0.247 -740.48 -70 0
1.26467 0 -2352 -8.81106 -0.247 -740.48 -70 0
1.26616 0 -2352 -8.81106 -0.247 -740.48 -70 0
1.26753 0 -2352 -8.81106 -0.247 -740.48 -70 0
1.26886 0 -2352 -8.81106 -0.247 -740.48 -70 0
1.27029 0 -2352 -11.9367 -0.339 -910.494 -70 0
1.27168 0 -2352 -11.9367 -0.339 -910.494 -70 0
1.27295 0 -2352 -11.9367 -0.339 -910.494 -70 0
1.27413 0 -2352 -11.9367 -0.339 -910.494 -70 0
1.2752 0 -2352 -11.9367 -0.339 -910.494 -70 0
1.27642 0 -2352 -11.9367 -0.339 -910.494 -70 0
1.2776 0 -2352 -11.9367 -0.339 -910.494 -70 0
1.2788 0 -2352 -11.9367 -0.339 -910.494 -70 0
1.28008 0 -2352 -15.0293 -0.339 -1079.41 -70 0
1.28154 0 -2352 -15.0293 -0.339 -1079.41 -70 0
1.28321 0 -2352 -15.0293 -0.339 -1079.41 -70 0
1.28446 0 -2352 -15.0293 -0.339 -1079.41 -70 0
1.28588 0 -2352 -15.0293 -0.339 -1079.41 -70 0
1.28722 0 -2352 -15.0293 -0.339 -1079.41 -70 0
1.28847 0 -2352 -15.0293 -0.339 -1079.41 -70 0
1.29003 0 -2352 -15.0293 -0.339 -1079.41 -70 0
1.29159 0 -2352 -18.0835 -0.32 -1245.03 -70 0
1.29291 0 -2352 -18.0835 -0.32 -1245.03 -70 0
1.29423 0 -2352 -18.0835 -0.32 -1245.03 -70 0
1.29539 0 -2352 -18.0835 -0.32 -1245.03 -70 0
1.29662 0 -2352 -18.0835 -0.32 -1245.03 -70 0
1.2977 0 -2352 -18.0835 -0.32 -1245.03 -70 0
1.29883 0 -2352 -18.0835 -0.32 -1245.03 -70 0
1.30012 0 -2352 -18.0835 -0.32 -1245.03 -70 0
1.30156 0 -2352 -21.1213 -0.316 -1410.37 -70 0
2.33151 0 2352 -25.1752 0.499 -1637.79 70 0
2.33335 0 2352 -25.1752 0.499 -1637.79 70 0
2.33482 0 2352 -23.725 0.312 -1562.26 70 0
2.33663 0 2352 -23.725 0.312 -1562.26 70 0
2.33839 0 2352 -23.725 0.312 -1562.26 70 0
2.33993 0 2352 -23.725 0.312 -1562.26 70 0
2.34143 0 2352 -23.725 0.312 -1562.26 70 0
2.34279 0 2352 -23.725 0.312 -1562.26 70 0
2.34408 0 2352 -23.725 0.312 -1562.26 70 0
2.34537 0 2352 -23.725 0.312 -1562.26 70 0
2.34638 0 2352 -21.4838 0.324 -1443.88 70 0
2.34729 0 2352 -21.4838 0.324 -1443.88 70 0
2.34835 0 2352 -21.4838 0.324 -1443.88 70 0
2.34924 0 2352 -21.4838 0.324 -1443.88 70 0
2.35014 0 2352 -21.4838 0.324 -1443.88 70 0
2.35108 0 2352 -21.4838 0.324 -1443.88 70 0
2.35185 0 2352 -21.4838 0.324 -1443.88 70 0
2.35261 0 2352 -21.4838 0.324 -1443.88 70 0
2.35332 0 2352 -21.4838 0.324 -1443.88 70 0
2.35406 0 2352 -21.4838 0.324 -1443.88 70 0
2.3548 0 2352 -21.4838 0.324 -1443.88 70 0
2.3556 0 2352 -21.4838 0.324 -1443.88 70 0
2.3565 0 2352 -18.9405 0.308 -1237.06 70 0
2.35761 0 2352 -18.9405 0.308 -1237.06 70 0
2.35885 0 2352 -18.9405 0.308 -1237.06 70 0
2.35987 0 2352 -18.9405 0.308 -1237.06 70 0
2.36114 0 2352 -18.9405 0.308 -1237.06 70 0
2.36212 0 2352 -18.9405 0.308 -1237.06 70 0
2.36295 0 2352 -18.9405 0.308 -1237.06 70 0
2.36397 0 2352 -18.9405 0.308 -1237.06 70 0
2.36498 0 2352 -18.9405 0.308 -1237.06 70 0
2.36581 0 2352 -16.139 0.297 -1087.92 70 0
2.36677 0 2352 -16.139 0.297 -1087.92 70 0
2.36804 0 2352 -16.139 0.297 -1087.92 70 0
2.36915 0 2352 -16.139 0.297 -1087.92 70 0
2.37059 0 2352 -16.139 0.297 -1087.92 70 0
2.37162 0 2352 -16.139 0.297 -1087.92 70 0
2.37263 0 2352 -16.139 0.297 -1087.92 70 0
2.37374 0 2352 -16.139 0.297 -1087.92 70 0
2.37479 0 2352 -16.139 0.297 -1087.92 70 0
2.37572 0 2352 -16.139 0.297 -1087.92 70 0
2.37671 0 2352 -13.3155 0.263 -937.411 70 0
2.37759 0 2352 -13.3155 0.263 -937.411 70 0
2.37869 0 2352 -13.3155 0.263 -937.411 70 0
2.3797 0 2352 -13.3155 0.263 -937.411 70 0
2.38076 0 2352 -13.3155 0.263 -937.411 70 0
2.38168 0 2352 -13.3155 0.263 -937.411 70 0
2.38257 0 2352 -13.3155 0.263 -937.411 70 0
2.3836 0 2352 -13.3155 0.263 -937.411 70 0
2.38462 0 2352 -13.3155 0.263 -937.411 70 0
2.38562 0 2352 -13.3155 0.263 -937.411 70 0
2.38663 0 2352 -8.96487 0.278 -782.778 70 0
2.38761 0 2352 -8.96487 0.278 -782.778 70 0
2.38872 0 2352 -8.96487 0.278 -782.778 70 0
2.38975 0 2352 -8.96487 0.278 -782.778 70 0
2.39064 0 2352 -8.96487 0.278 -782.778 70 0
2.39157 0 2352 -8.96487 0.278 -782.778 70 0
2.39238 0 2352 -8.96487 0.278 -782.778 70 0
2.39339 0 2352 -8.96487 0.278 -782.778 70 0
2.39418 0 2352 -8.96487 0.278 -782.778 70 0
2.39517 0 2352 -8.96487 0.278 -782.778 70 0
2.39621 0 2352 -6.05897 0.331 -630.067 70 0
2.3972 0 2352 -6.05897 0.331 -630.067 70 0
2.39827 0 2352 -6.05897 0.331 -630.067 70 0
2.39931 0 2352 -6.05897 0.331 -630.067 70 0
2.40036 0 2352 -6.05897 0.331 -630.067 70 0
2.40135 0 2352 -6.05897 0.331 -630.067 70 0
2.40227 0 2352 -6.05897 0.331 -630.067 70 0
2.40356 0 2352 -6.05897 0.331 -630.067 70 0
2.40467 0 2352 -6.05897 0.331 -630.067 70 0
2.40572 0 2352 -6.05897 0.331 -630.067 70 0
2.40677 0 2352 -3.15308 0.335 -474.061 70 0
2.40768 0 2352 -3.15308 0.335 -474.061 70 0
2.40852 0 2352 -3.15308 0.335 -474.061 70 0
2.40916 0 2352 -3.15308 0.335 -474.061 70 0
2.40981 0 2352 -3.15308 0.335 -474.061 70 0
2.41042 0 2352 -3.15308 0.335 -474.061 70 0
2.4111 0 2352 -3.15308 0.335 -474.061 70 0
2.41168 0 2352 -3.15308 0.335 -474.061 70 0
2.41228 0 2352 -3.15308 0.335 -474.061 70 0
2.41284 0 2352 -3.15308 0.335 -474.061 70 0
2.41338 0 2352 -3.15308 0.335 -474.061 70 0
2.41388 0 2352 -3.15308 0.335 -474.061 70 0
2.41435 0 2352 -3.15308 0.335 -474.061 70 0
2.41482 0 2352 -3.15308 0.335 -474.061 70 0
2.41531 0 2352 -3.15308 0.335 -474.061 70 0
2.4158 0 2352 -3.15308 0.335 -474.061 70 0
2.41633 0 2352 -3.15308 0.335 -474.061 70 0
2.41685 0 2352 -0.258179 0.324 -321.626 70 0
2.4174 0 2352 -0.258179 0.324 -321.626 70 0
2.41793 0 2352 -0.258179 0.324 -321.626 70 0
2.4184 0 2352 -0.258179 0.324 -321.626 70 0
2.41883 0 2352 -0.258179 0.324 -321.626 70 0
2.41932 0 2352 -0.258179 0.324 -321.626 70 0
2.41982 0 2352 -0.258179 0.324 -321.626 70 0
2.42029 0 2352 -0.258179 0.324 -321.626 70 0
2.42081 0 2352 -0.258179 0.324 -321.626 70 0
2.4213 0 2352 -0.258179 0.324 -321.626 70 0
2.42179 0 2352 -0.258179 0.324 -321.626 70 0
2.42226 0 2352 -0.258179 0.324 -321.626 70 0
2.42278 0 2352 -0.258179 0.324 -321.626 70 0
2.42324 0 2352 -0.258179 0.324 -321.626 70 0
2.42368 0 2352 -0.258179 0.324 -321.626 70 0
2.42416 0 2352 -0.258179 0.324 -321.626 70 0
2.42465 0 2352 -0.258179 0.324 -321.626 70 0
2.42512 0 2352 -0.258179 0.324 -321.626 70 0
2.42561 0 2352 -0.258179 0.324 -321.626 70 0
2.42613 0 2352 -0.258179 0.324 -321.626 70 0
2.42659 0 2352 2.6587 0.301 -165.894 70 0
2.42704 0 2352 2.6587 0.301 -165.894 70 0
2.42753 0 2352 2.6587 0.301 -165.894 70 0
2.428 0 2352 2.6587 0.301 -165.894 70 0
2.42855 0 2352 2.6587 0.301 -165.894 70 0
2.42902 0 2352 2.6587 0.301 -165.894 70 0
2.42956 0 2352 2.6587 0.301 -165.894 70 0
2.43003 0 2352 2.6587 0.301 -165.894 70 0
2.43053 0 2352 2.6587 0.301 -165.894 70 0
2.43099 0 2352 2.6587 0.301 -165.894 70 0
2.43145 0 2352 2.6587 0.301 -165.894 70 0
2.43192 0 2352 2.6587 0.301 -165.894 70 0
2.43243 0 2352 2.6587 0.301 -165.894 70 0
2.43295 0 2352 2.6587 0.301 -165.894 70 0
2.43344 0 2352 2.6587 0.301 -165.894 70 0
2.43391 0 2352 2.6587 0.301 -165.894 70 0
2.43441 0 2352 2.6587 0.301 -165.894 70 0
2.43489 0 2352 2.6587 0.301 -165.894 70 0
2.43537 0 2352 2.6587 0.301 -165.894 70 0
2.43584 0 2352 2.6587 0.301 -165.894 70 0
2.43634 0 2352 2.6587 0.301 -165.894 70 0
2.4368 0 2352 5.56459 0.301 -10.9864 70 0
2.43736 0 2352 5.56459 0.301 -10.9864 70 0
2.43787 0 2352 5.56459 0.301 -10.9864 70 0
2.43834 0 2352 5.56459 0.301 -10.9864 70 0
2.43884 0 2352 5.56459 0.301 -10.9864 70 0
2.43926 0 2352 5.56459 0.301 -10.9864 70 0
2.43982 0 2352 5.56459 0.301 -10.9864 70 0
2.44029 0 2352 5.56459 0.301 -10.9864 70 0
2.44078 0 2352 5.56459 0.301 -10.9864 70 0
2.44124 0 2352 5.56459 0.301 -10.9864 70 0
2.44173 0 2352 5.56459 0.301 -10.9864 70 0
2.44227 0 2352 5.56459 0.301 -10.9864 70 0
2.44279 0 2352 5.56459 0.301 -10.9864 70 0
2.44332 0 2352 5.56459 0.301 -10.9864 70 0
2.44372 0 2352 5.56459 0.301 -10.9864 70 0
2.44422 0 2352 5.56459 0.301 -10.9864 70 0
2.44464 0 2352 5.56459 0.301 -10.9864 70 0
2.44514 0 2352 5.56459 0.301 -10.9864 70 0
2.44557 0 2352 5.56459 0.301 -10.9864 70 0
2.44602 0 2352 5.56459 0.301 -10.9864 70 0
2.44653 0 2352 5.56459 0.301 -10.9864 70 0
2.447 0 2352 8.50344 0.308 146.393 70 0
2.44755 0 2352 8.50344 0.308 146.393 70 0
2.44806 0 2352 8.50344 0.308 146.393 70 0
2.44853 0 2352 8.50344 0.308 146.393 70 0
2.44897 0 2352 8.50344 0.308 146.393 70 0
2.44944 0 2352 8.50344 0.308 146.393 70 0
2.44985 0 2352 8.50344 0.308 146.393 70 0
2.4503 0 2352 8.50344 0.308 146.393 70 0
2.45074 0 2352 8.50344 0.308 146.393 70 0
2.45126 0 2352 8.50344 0.308 146.393 70 0
2.45177 0 2352 8.50344 0.308 146.393 70 0
2.45224 0 2352 8.50344 0.308 146.393 70 0
2.45279 0 2352 8.50344 0.308 146.393 70 0
2.45318 0 2352 8.50344 0.308 146.393 70 0
2.45375 0 2352 8.50344 0.308 146.393 70 0
2.45416 0 2352 8.50344 0.308 146.393 70 0
2.45464 0 2352 8.50344 0.308 146.393 70 0
2.45506 0 2352 8.50344 0.308 146.393 70 0
2.45554 0 2352 8.50344 0.308 146.393 70 0
2.45595 0 2352 8.50344 0.308 146.393 70 0
2.45645 0 2352 8.50344 0.308 146.393 70 0
2.45694 0 2352 11.3709 0.278 301.575 70 0
2.45747 0 2352 11.3709 0.278 301.575 70 0
2.45787 0 2352 11.3709 0.278 301.575 70 0
2.45839 0 2352 11.3709 0.278 301.575 70 0
2.45888 0 2352 11.3709 0.278 301.575 70 0
2.45941 0 2352 11.3709 0.278 301.575 70 0
2.45982 0 2352 11.3709 0.278 301.575 70 0
2.46032 0 2352 11.3709 0.278 301.575 70 0
2.46082 0 2352 11.3709 0.278 301.575 70 0
2.46128 0 2352 11.3709 0.278 301.575 70 0
2.46167 0 2352 11.3709 0.278 301.575 70 0
2.46207 0 2352 11.3709 0.278 301.575 70 0
2.46261 0 2352 11.3709 0.278 301.575 70 0
2.46302 0 2352 11.3709 0.278 301.575 70 0
2.4635 0 2352 11.3709 0.278 301.575 70 0
2.4639 0 2352 11.3709 0.278 301.575 70 0
2.46437 0 2352 11.3709 0.278 301.575 70 0
2.46477 0 2352 11.3709 0.278 301.575 70 0
2.46523 0 2352 11.3709 0.278 301.575 70 0
2.46566 0 2352 11.3709 0.278 301.575 70 0
2.46618 0 2352 11.3709 0.278 301.575 70 0
2.4667 0 2352 14.2878 0.259 457.582 70 0
2.46725 0 2352 14.2878 0.259 457.582 70 0
2.46771 0 2352 14.2878 0.259 457.582 70 0
2.46822 0 2352 14.2878 0.259 457.582 70 0
2.46872 0 2352 14.2878 0.259 457.582 70 0
2.46923 0 2352 14.2878 0.259 457.582 70 0
2.46971 0 2352 14.2878 0.259 457.582 70 0
2.47019 0 2352 14.2878 0.259 457.582 70 0
2.47072 0 2352 14.2878 0.259 457.582 70 0
2.47125 0 2352 14.2878 0.259 457.582 70 0
2.47176 0 2352 14.2878 0.259 457.582 70 0
2.47229 0 2352 14.2878 0.259 457.582 70 0
2.4728 0 2352 14.2878 0.259 457.582 70 0
2.47327 0 2352 14.2878 0.259 457.582 70 0
2.47375 0 2352 14.2878 0.259 457.582 70 0
2.47422 0 2352 14.2878 0.259 457.582 70 0
2.47475 0 2352 14.2878 0.259 457.582 70 0
2.47527 0 2352 14.2878 0.259 457.582 70 0
2.47579 0 2352 14.2878 0.259 457.582 70 0
2.47631 0 2352 14.2878 0.259 457.582 70 0
2.47682 0 2352 17.1991 0.27 613.039 70 0
2.47732 0 2352 17.1991 0.27 613.039 70 0
2.47784 0 2352 17.1991 0.27 613.039 70 0
2.47838 0 2352 17.1991 0.27 613.039 70 0
2.4789 0 2352 17.1991 0.27 613.039 70 0
2.47948 0 2352 17.1991 0.27 613.039 70 0
2.47998 0 2352 17.1991 0.27 613.039 70 0
2.4805 0 2352 17.1991 0.27 613.039 70 0
2.48103 0 2352 17.1991 0.27 613.039 70 0
2.48155 0 2352 17.1991 0.27 613.039 70 0
2.48202 0 2352 17.1991 0.27 613.039 70 0
2.48254 0 2352 17.1991 0.27 613.039 70 0
2.48301 0 2352 17.1991 0.27 613.039 70 0
2.48353 0 2352 17.1991 0.27 613.039 70 0
2.48401 0 2352 17.1991 0.27 613.039 70 0
2.48453 0 2352 17.1991 0.27 613.039 70 0
2.48506 0 2352 17.1991 0.27 613.039 70 0
2.48557 0 2352 17.1991 0.27 613.039 70 0
2.4861 0 2352 17.1991 0.27 613.039 70 0
2.48665 0 2352 17.1991 0.27 613.039 70 0
2.48713 0 2352 20.0886 0.331 769.869 70 0
2.48759 0 2352 20.0886 0.331 769.869 70 0
3.51218 0 -2352 23.2526 -0.4 947.298 -70 0
3.51385 0 -2352 23.2526 -0.4 947.298 -70 0
3.51545 0 -2352 23.2526 -0.4 947.298 -70 0
3.5169 0 -2352 23.2526 -0.4 947.298 -70 0
3.51836 0 -2352 23.2526 -0.4 947.298 -70 0
3.51979 0 -2352 23.2526 -0.4 947.298 -70 0
3.52135 0 -2352 21.3794 -0.354 848.971 -70 0
3.52278 0 -2352 21.3794 -0.354 848.971 -70 0
3.52404 0 -2352 21.3794 -0.354 848.971 -70 0
3.52536 0 -2352 21.3794 -0.354 848.971 -70 0
3.52629 0 -2352 21.3794 -0.354 848.971 -70 0
3.52725 0 -2352 21.3794 -0.354 848.971 -70 0
3.52821 0 -2352 21.3794 -0.354 848.971 -70 0
3.5293 0 -2352 21.3794 -0.354 848.971 -70 0
3.53033 0 -2352 21.3794 -0.354 848.971 -70 0
3.53133 0 -2352 18.902 -0.35 720.98 -70 0
3.53234 0 -2352 18.902 -0.35 720.98 -70 0
3.5332 0 -2352 18.902 -0.35 720.98 -70 0
3.53412 0 -2352 18.902 -0.35 720.98 -70 0
3.53502 0 -2352 18.902 -0.35 720.98 -70 0
3.53593 0 -2352 18.902 -0.35 720.98 -70 0
3.53679 0 -2352 18.902 -0.35 720.98 -70 0
3.53765 0 -2352 18.902 -0.35 720.98 -70 0
3.53855 0 -2352 18.902 -0.35 720.98 -70 0
3.53934 0 -2352 18.902 -0.35 720.98 -70 0
3.54014 0 -2352 18.902 -0.35 720.98 -70 0
3.54124 0 -2352 18.902 -0.35 720.98 -70 0
3.54219 0 -2352 16.1609 -0.324 497.957 -70 0
3.54316 0 -2352 16.1609 -0.324 497.957 -70 0
3.5441 0 -2352 16.1609 -0.324 497.957 -70 0
3.54494 0 -2352 16.1609 -0.324 497.957 -70 0
3.54573 0 -2352 16.1609 -0.324 497.957 -70 0
3.5467 0 -2352 16.1609 -0.324 497.957 -70 0
3.54761 0 -2352 16.1609 -0.324 497.957 -70 0
3.54866 0 -2352 16.1609 -0.324 497.957 -70 0
3.54962 0 -2352 16.1609 -0.324 497.957 -70 0
3.55063 0 -2352 16.1609 -0.324 497.957 -70 0
3.55159 0 -2352 13.2715 -0.316 338.654 -70 0
3.55272 0 -2352 13.2715 -0.316 338.654 -70 0
3.55384 0 -2352 13.2715 -0.316 338.654 -70 0
3.55477 0 -2352 13.2715 -0.316 338.654 -70 0
3.55562 0 -2352 13.2715 -0.316 338.654 -70 0
3.55668 0 -2352 13.2715 -0.316 338.654 -70 0
3.55771 0 -2352 13.2715 -0.316 338.654 -70 0
3.55856 0 -2352 13.2715 -0.316 338.654 -70 0
3.55938 0 -2352 13.2715 -0.316 338.654 -70 0
3.56019 0 -2352 13.2715 -0.316 338.654 -70 0
3.56113 0 -2352 13.2715 -0.316 338.654 -70 0
3.56252 0 -2352 10.2448 -0.305 174.958 -70 0
3.56386 0 -2352 10.2448 -0.305 174.958 -70 0
3.56562 0 -2352 10.2448 -0.305 174.958 -70 0
3.56722 0 -2352 10.2448 -0.305 174.958 -70 0
3.56816 0 -2352 10.2448 -0.305 174.958 -70 0
3.56944 0 -2352 10.2448 -0.305 174.958 -70 0
3.57053 0 -2352 10.2448 -0.305 174.958 -70 0
3.57157 0 -2352 5.68544 -0.297 9.88772 -70 0
3.57272 0 -2352 5.68544 -0.297 9.88772 -70 0
3.57388 0 -2352 5.68544 -0.297 9.88772 -70 0
3.57514 0 -2352 5.68544 -0.297 9.88772 -70 0
3.57668 0 -2352 5.68544 -0.297 9.88772 -70 0
3.57811 0 -2352 5.68544 -0.297 9.88772 -70 0
3.57958 0 -2352 5.68544 -0.297 9.88772 -70 0
3.58091 0 -2352 5.68544 -0.297 9.88772 -70 0
3.58197 0 -2352 2.58179 -0.274 -156.83 -70 0
3.58322 0 -2352 2.58179 -0.274 -156.83 -70 0
3.58466 0 -2352 2.58179 -0.274 -156.83 -70 0
3.586 0 -2352 2.58179 -0.274 -156.83 -70 0
3.58743 0 -2352 2.58179 -0.274 -156.83 -70 0
3.58864 0 -2352 2.58179 -0.274 -156.83 -70 0
3.58971 0 -2352 2.58179 -0.274 -156.83 -70 0
3.59065 0 -2352 2.58179 -0.274 -156.83 -70 0
3.59156 0 -2352 2.58179 -0.274 -156.83 -70 0
3.59252 0 -2352 -0.510866 -0.27 -324.097 -70 0
3.59347 0 -2352 -0.510866 -0.27 -324.097 -70 0
3.5948 0 -2352 -0.510866 -0.27 -324.097 -70 0
3.59567 0 -2352 -0.510866 -0.27 -324.097 -70 0
3.59672 0 -2352 -0.510866 -0.27 -324.097 -70 0
3.59776 0 -2352 -0.510866 -0.27 -324.097 -70 0
3.59907 0 -2352 -0.510866 -0.27 -324.097 -70 0
3.60024 0 -2352 -0.510866 -0.27 -324.097 -70 0
3.6015 0 -2352 -0.510866 -0.27 -324.097 -70 0
3.60279 0 -2352 -3.60902 -0.244 -490.541 -70 0
3.60425 0 -2352 -3.60902 -0.244 -490.541 -70 0
3.60539 0 -2352 -3.60902 -0.244 -490.541 -70 0
3.60676 0 -2352 -3.60902 -0.244 -490.541 -70 0
3.60845 0 -2352 -3.60902 -0.244 -490.541 -70 0
3.60967 0 -2352 -3.60902 -0.244 -490.541 -70 0
3.61114 0 -2352 -3.60902 -0.244 -490.541 -70 0
3.61256 0 -2352 -6.70168 -0.339 -656.709 -70 0
3.6137 0 -2352 -6.70168 -0.339 -656.709 -70 0
3.61465 0 -2352 -6.70168 -0.339 -656.709 -70 0
3.61564 0 -2352 -6.70168 -0.339 -656.709 -70 0
3.61697 0 -2352 -6.70168 -0.339 -656.709 -70 0
3.61849 0 -2352 -6.70168 -0.339 -656.709 -70 0
3.61983 0 -2352 -6.70168 -0.339 -656.709 -70 0
3.62141 0 -2352 -6.70168 -0.339 -656.709 -70 0
3.62262 0 -2352 -9.78335 -0.335 -822.878 -70 0
3.62363 0 -2352 -9.78335 -0.335 -822.878 -70 0
3.62462 0 -2352 -9.78335 -0.335 -822.878 -70 0
3.62557 0 -2352 -9.78335 -0.335 -822.878 -70 0
3.62646 0 -2352 -9.78335 -0.335 -822.878 -70 0
3.6276 0 -2352 -9.78335 -0.335 -822.878 -70 0
3.62887 0 -2352 -9.78335 -0.335 -822.878 -70 0
3.63038 0 -2352 -9.78335 -0.335 -822.878 -70 0
3.63173 0 -2352 -9.78335 -0.335 -822.878 -70 0
3.63274 0 -2352 -12.9035 -0.305 -990.145 -70 0
3.63372 0 -2352 -12.9035 -0.305 -990.145 -70 0
3.6347 0 -2352 -12.9035 -0.305 -990.145 -70 0
3.63559 0 -2352 -12.9035 -0.305 -990.145 -70 0
3.63634 0 -2352 -12.9035 -0.305 -990.145 -70 0
3.63725 0 -2352 -12.9035 -0.305 -990.145 -70 0
3.63797 0 -2352 -12.9035 -0.305 -990.145 -70 0
3.6387 0 -2352 -12.9035 -0.305 -990.145 -70 0
3.63937 0 -2352 -12.9035 -0.305 -990.145 -70 0
3.63993 0 -2352 -12.9035 -0.305 -990.145 -70 0
3.6404 0 -2352 -12.9035 -0.305 -990.145 -70 0
3.64089 0 -2352 -12.9035 -0.305 -990.145 -70 0
3.64139 0 -2352 -12.9035 -0.305 -990.145 -70 0
3.64188 0 -2352 -12.9035 -0.305 -990.145 -70 0
3.64241 0 -2352 -12.9035 -0.305 -990.145 -70 0
3.64294 0 -2352 -15.9851 -0.305 -1156.04 -70 0
3.64348 0 -2352 -15.9851 -0.305 -1156.04 -70 0
3.64401 0 -2352 -15.9851 -0.305 -1156.04 -70 0
3.6445 0 -2352 -15.9851 -0.305 -1156.04 -70 0
3.64494 0 -2352 -15.9851 -0.305 -1156.04 -70 0
3.64539 0 -2352 -15.9851 -0.305 -1156.04 -70 0
3.64582 0 -2352 -15.9851 -0.305 -1156.04 -70 0
3.64629 0 -2352 -15.9851 -0.305 -1156.04 -70 0
3.64674 0 -2352 -15.9851 -0.305 -1156.04 -70 0
3.64722 0 -2352 -15.9851 -0.305 -1156.04 -70 0
3.64769 0 -2352 -15.9851 -0.305 -1156.04 -70 0
3.64816 0 -2352 -15.9851 -0.305 -1156.04 -70 0
3.64862 0 -2352 -15.9851 -0.305 -1156.04 -70 0
3.6491 0 -2352 -15.9851 -0.305 -1156.04 -70 0
3.64958 0 -2352 -15.9851 -0.305 -1156.04 -70 0
3.65004 0 -2352 -15.9851 -0.305 -1156.04 -70 0
3.65056 0 -2352 -15.9851 -0.305 -1156.04 -70 0
3.65107 0 -2352 -15.9851 -0.305 -1156.04 -70 0
3.65151 0 -2352 -15.9851 -0.305 -1156.04 -70 0
3.65199 0 -2352 -15.9851 -0.305 -1156.04 -70 0
3.65253 0 -2352 -15.9851 -0.305 -1156.04 -70 0
3.65305 0 -2352 -19.0613 -0.305 -1321.66 -70 0
3.65355 0 -2352 -19.0613 -0.305 -1321.66 -70 0
3.65401 0 -2352 -19.0613 -0.305 -1321.66 -70 0
3.65447 0 -2352 -19.0613 -0.305 -1321.66 -70 0
3.65492 0 -2352 -19.0613 -0.305 -1321.66 -70 0
3.65537 0 -2352 -19.0613 -0.305 -1321.66 -70 0
3.65583 0 -2352 -19.0613 -0.305 -1321.66 -70 0
3.65626 0 -2352 -19.0613 -0.305 -1321.66 -70 0
3.65678 0 -2352 -19.0613 -0.305 -1321.66 -70 0
3.6572 0 -2352 -19.0613 -0.305 -1321.66 -70 0
3.65767 0 -2352 -19.0613 -0.305 -1321.66 -70 0
3.65817 0 -2352 -19.0613 -0.305 -1321.66 -70 0
3.65871 0 -2352 -19.0613 -0.305 -1321.66 -70 0
3.65918 0 -2352 -19.0613 -0.305 -1321.66 -70 0
3.65963 0 -2352 -19.0613 -0.305 -1321.66 -70 0
3.66006 0 -2352 -19.0613 -0.305 -1321.66 -70 0
3.66053 0 -2352 -19.0613 -0.305 -1321.66 -70 0
3.66106 0 -2352 -19.0613 -0.305 -1321.66 -70 0
3.6615 0 -2352 -19.0613 -0.305 -1321.66 -70 0
3.66202 0 -2352 -19.0613 -0.305 -1321.66 -70 0
3.66255 0 -2352 -19.0613 -0.305 -1321.66 -70 0
3.66308 0 -2352 -22.1155 -0.278 -1485.08 -70 0
4.68865 0 2352 -25.752 0.37 -1689.7 70 0
4.6904 0 2352 -25.752 0.37 -1689.7 70 0
4.69207 0 2352 -25.752 0.37 -1689.7 70 0
4.69376 0 2352 -25.752 0.37 -1689.7 70 0
4.69536 0 2352 -25.752 0.37 -1689.7 70 0
4.69701 0 2352 -23.9942 0.385 -1601.26 70 0
4.69865 0 2352 -23.9942 0.385 -1601.26 70 0
4.70006 0 2352 -23.9942 0.385 -1601.26 70 0
4.70151 0 2352 -23.9942 0.385 -1601.26 70 0
4.70279 0 2352 -23.9942 0.385 -1601.26 70 0
4.70415 0 2352 -23.9942 0.385 -1601.26 70 0
4.70546 0 2352 -23.9942 0.385 -1601.26 70 0
4.70704 0 2352 -23.9942 0.385 -1601.26 70 0
4.70847 0 2352 -21.5992 0.35 -1478.21 70 0
4.7098 0 2352 -21.5992 0.35 -1478.21 70 0
4.71119 0 2352 -21.5992 0.35 -1478.21 70 0
4.71284 0 2352 -21.5992 0.35 -1478.21 70 0
4.71459 0 2352 -21.5992 0.35 -1478.21 70 0
4.71609 0 2352 -21.5992 0.35 -1478.21 70 0
4.71768 0 2352 -18.946 0.328 -1339.79 70 0
4.71894 0 2352 -18.946 0.328 -1339.79 70 0
4.7202 0 2352 -18.946 0.328 -1339.79 70 0
4.7214 0 2352 -18.946 0.328 -1339.79 70 0
4.72249 0 2352 -18.946 0.328 -1339.79 70 0
4.72388 0 2352 -18.946 0.328 -1339.79 70 0
4.72532 0 2352 -18.946 0.328 -1339.79 70 0
4.72677 0 2352 -18.946 0.328 -1339.79 70 0
4.72797 0 2352 -14.6393 0.282 -1113.74 70 0
4.7295 0 2352 -14.6393 0.282 -1113.74 70 0
4.7308 0 2352 -14.6393 0.282 -1113.74 70 0
4.73213 0 2352 -14.6393 0.282 -1113.74 70 0
4.73349 0 2352 -14.6393 0.282 -1113.74 70 0
4.73479 0 2352 -14.6393 0.282 -1113.74 70 0
4.73615 0 2352 -14.6393 0.282 -1113.74 70 0
4.73748 0 2352 -11.7829 0.331 -962.13 70 0
4.73887 0 2352 -11.7829 0.331 -962.13 70 0
4.74035 0 2352 -11.7829 0.331 -962.13 70 0
4.74146 0 2352 -11.7829 0.331 -962.13 70 0
4.74268 0 2352 -11.7829 0.331 -962.13 70 0
4.74395 0 2352 -11.7829 0.331 -962.13 70 0
4.74506 0 2352 -11.7829 0.331 -962.13 70 0
4.74624 0 2352 -11.7829 0.331 -962.13 70 0
4.7473 0 2352 -11.7829 0.331 -962.13 70 0
4.74828 0 2352 -8.83852 0.328 -806.673 70 0
4.74939 0 2352 -8.83852 0.328 -806.673 70 0
4.75037 0 2352 -8.83852 0.328 -806.673 70 0
4.75143 0 2352 -8.83852 0.328 -806.673 70 0
4.75248 0 2352 -8.83852 0.328 -806.673 70 0
4.75359 0 2352 -8.83852 0.328 -806.673 70 0
4.75455 0 2352 -8.83852 0.328 -806.673 70 0
4.75563 0 2352 -8.83852 0.328 -806.673 70 0
4.75665 0 2352 -8.83852 0.328 -806.673 70 0
4.7577 0 2352 -5.93263 0.316 -653.413 70 0
4.75893 0 2352 -5.93263 0.316 -653.413 70 0
4.76019 0 2352 -5.93263 0.316 -653.413 70 0
4.76128 0 2352 -5.93263 0.316 -653.413 70 0
4.76238 0 2352 -5.93263 0.316 -653.413 70 0
4.76364 0 2352 -5.93263 0.316 -653.413 70 0
4.76475 0 2352 -5.93263 0.316 -653.413 70 0
4.76586 0 2352 -5.93263 0.316 -653.413 70 0
4.76704 0 2352 -5.93263 0.316 -653.413 70 0
4.7682 0 2352 -3.01026 0.308 -497.682 70 0
4.76946 0 2352 -3.01026 0.308 -497.682 70 0
4.77076 0 2352 -3.01026 0.308 -497.682 70 0
4.77238 0 2352 -3.01026 0.308 -497.682 70 0
4.77377 0 2352 -3.01026 0.308 -497.682 70 0
4.77514 0 2352 -3.01026 0.308 -497.682 70 0
4.77674 0 2352 -3.01026 0.308 -497.682 70 0
4.77805 0 2352 -0.115357 0.301 -344.697 70 0
4.77932 0 2352 -0.115357 0.301 -344.697 70 0
4.78042 0 2352 -0.115357 0.301 -344.697 70 0
4.78162 0 2352 -0.115357 0.301 -344.697 70 0
4.78287 0 2352 -0.115357 0.301 -344.697 70 0
4.78452 0 2352 -0.115357 0.301 -344.697 70 0
4.78598 0 2352 -0.115357 0.301 -344.697 70 0
4.78739 0 2352 -0.115357 0.301 -344.697 70 0
4.78873 0 2352 2.77405 0.297 -189.789 70 0
4.78999 0 2352 2.77405 0.297 -189.789 70 0
4.7915 0 2352 2.77405 0.297 -189.789 70 0
4.79303 0 2352 2.77405 0.297 -189.789 70 0
4.79472 0 2352 2.77405 0.297 -189.789 70 0
4.79639 0 2352 2.77405 0.297 -189.789 70 0
4.79799 0 2352 5.69093 0.278 -35.7057 70 0
4.79941 0 2352 5.69093 0.278 -35.7057 70 0
4.80096 0 2352 5.69093 0.278 -35.7057 70 0
4.80277 0 2352 5.69093 0.278 -35.7057 70 0
4.80445 0 2352 5.69093 0.278 -35.7057 70 0
4.80602 0 2352 5.69093 0.278 -35.7057 70 0
4.80775 0 2352 8.6188 0.274 118.653 70 0
4.80947 0 2352 8.6188 0.274 118.653 70 0
4.81111 0 2352 8.6188 0.274 118.653 70 0
4.81266 0 2352 8.6188 0.274 118.653 70 0
4.81408 0 2352 8.6188 0.274 118.653 70 0
4.81558 0 2352 8.6188 0.274 118.653 70 0
4.81723 0 2352 8.6188 0.274 118.653 70 0
4.81869 0 2352 11.5027 0.255 273.56 70 0
4.82025 0 2352 11.5027 0.255 273.56 70 0
4.82169 0 2352 11.5027 0.255 273.56 70 0
4.82323 0 2352 11.5027 0.255 273.56 70 0
4.82456 0 2352 11.5027 0.255 273.56 70 0
4.826 0 2352 11.5027 0.255 273.56 70 0
4.82743 0 2352 11.5027 0.255 273.56 70 0
4.8288 0 2352 14.4196 0.316 427.919 70 0
4.8306 0 2352 14.4196 0.316 427.919 70 0
4.83221 0 2352 14.4196 0.316 427.919 70 0
4.83383 0 2352 14.4196 0.316 427.919 70 0
4.83559 0 2352 14.4196 0.316 427.919 70 0
4.83721 0 2352 14.4196 0.316 427.919 70 0
4.83858 0 2352 17.3145 0.328 583.375 70 0
4.84016 0 2352 17.3145 0.328 583.375 70 0
4.84153 0 2352 17.3145 0.328 583.375 70 0
4.84298 0 2352 17.3145 0.328 583.375 70 0
4.84444 0 2352 17.3145 0.328 583.375 70 0
4.8457 0 2352 17.3145 0.328 583.375 70 0
4.84715 0 2352 17.3145 0.328 583.375 70 0
4.84852 0 2352 20.2424 0.255 740.48 70 0
5.87518 0 -2352 23.5712 -0.408 932.467 -70 0
5.87682 0 -2352 23.5712 -0.408 932.467 -70 0
5.87831 0 -2352 23.5712 -0.408 932.467 -70 0
5.87993 0 -2352 23.5712 -0.408 932.467 -70 0
5.88172 0 -2352 23.5712 -0.408 932.467 -70 0
5.88317 0 -2352 23.5712 -0.408 932.467 -70 0
5.88461 0 -2352 21.5223 -0.362 828.371 -70 0
5.88562 0 -2352 21.5223 -0.362 828.371 -70 0
5.88685 0 -2352 21.5223 -0.362 828.371 -70 0
5.88796 0 -2352 21.5223 -0.362 828.371 -70 0
5.88906 0 -2352 21.5223 -0.362 828.371 -70 0
5.88999 0 -2352 21.5223 -0.362 828.371 -70 0
5.8909 0 -2352 21.5223 -0.362 828.371 -70 0
5.89188 0 -2352 21.5223 -0.362 828.371 -70 0
5.89279 0 -2352 21.5223 -0.362 828.371 -70 0
5.8936 0 -2352 21.5223 -0.362 828.371 -70 0
5.89447 0 -2352 19.0119 -0.263 697.084 -70 0
5.8955 0 -2352 19.0119 -0.263 697.084 -70 0
5.89661 0 -2352 19.0119 -0.263 697.084 -70 0
5.89775 0 -2352 19.0119 -0.263 697.084 -70 0
5.89886 0 -2352 19.0119 -0.263 697.084 -70 0
5.89999 0 -2352 19.0119 -0.263 697.084 -70 0
5.90084 0 -2352 19.0119 -0.263 697.084 -70 0
5.90161 0 -2352 19.0119 -0.263 697.084 -70 0
5.90237 0 -2352 19.0119 -0.263 697.084 -70 0
5.90309 0 -2352 19.0119 -0.263 697.084 -70 0
5.90389 0 -2352 19.0119 -0.263 697.084 -70 0
5.90473 0 -2352 16.2159 -0.354 472.688 -70 0
5.90557 0 -2352 16.2159 -0.354 472.688 -70 0
5.90647 0 -2352 16.2159 -0.354 472.688 -70 0
5.90723 0 -2352 16.2159 -0.354 472.688 -70 0
5.908 0 -2352 16.2159 -0.354 472.688 -70 0
5.90876 0 -2352 16.2159 -0.354 472.688 -70 0
5.90956 0 -2352 16.2159 -0.354 472.688 -70 0
5.91047 0 -2352 16.2159 -0.354 472.688 -70 0
5.91123 0 -2352 16.2159 -0.354 472.688 -70 0
5.91213 0 -2352 16.2159 -0.354 472.688 -70 0
5.91301 0 -2352 16.2159 -0.354 472.688 -70 0
5.9139 0 -2352 16.2159 -0.354 472.688 -70 0
5.91465 0 -2352 13.31 -0.324 313.386 -70 0
5.91544 0 -2352 13.31 -0.324 313.386 -70 0
5.91634 0 -2352 13.31 -0.324 313.386 -70 0
5.91713 0 -2352 13.31 -0.324 313.386 -70 0
5.91788 0 -2352 13.31 -0.324 313.386 -70 0
5.91868 0 -2352 13.31 -0.324 313.386 -70 0
5.91946 0 -2352 13.31 -0.324 313.386 -70 0
5.92045 0 -2352 13.31 -0.324 313.386 -70 0
5.92142 0 -2352 13.31 -0.324 313.386 -70 0
5.92224 0 -2352 13.31 -0.324 313.386 -70 0
5.92309 0 -2352 13.31 -0.324 313.386 -70 0
5.92389 0 -2352 13.31 -0.324 313.386 -70 0
5.92469 0 -2352 8.7726 -0.328 151.612 -70 0
5.92559 0 -2352 8.7726 -0.328 151.612 -70 0
5.92654 0 -2352 8.7726 -0.328 151.612 -70 0
5.92757 0 -2352 8.7726 -0.328 151.612 -70 0
5.92829 0 -2352 8.7726 -0.328 151.612 -70 0
5.92897 0 -2352 8.7726 -0.328 151.612 -70 0
5.92963 0 -2352 8.7726 -0.328 151.612 -70 0
5.93033 0 -2352 8.7726 -0.328 151.612 -70 0
5.9309 0 -2352 8.7726 -0.328 151.612 -70 0
5.9316 0 -2352 8.7726 -0.328 151.612 -70 0
5.93225 0 -2352 8.7726 -0.328 151.612 -70 0
5.93282 0 -2352 8.7726 -0.328 151.612 -70 0
5.93339 0 -2352 8.7726 -0.328 151.612 -70 0
5.93393 0 -2352 8.7726 -0.328 151.612 -70 0
5.93442 0 -2352 8.7726 -0.328 151.612 -70 0
5.93495 0 -2352 5.72938 -0.308 -11.8103 -70 0
5.93559 0 -2352 5.72938 -0.308 -11.8103 -70 0
5.93617 0 -2352 5.72938 -0.308 -11.8103 -70 0
5.9368 0 -2352 5.72938 -0.308 -11.8103 -70 0
5.93733 0 -2352 5.72938 -0.308 -11.8103 -70 0
5.9378 0 -2352 5.72938 -0.308 -11.8103 -70 0
5.93838 0 -2352 5.72938 -0.308 -11.8103 -70 0
5.93885 0 -2352 5.72938 -0.308 -11.8103 -70 0
5.93937 0 -2352 5.72938 -0.308 -11.8103 -70 0
5.93982 0 -2352 5.72938 -0.308 -11.8103 -70 0
5.94036 0 -2352 5.72938 -0.308 -11.8103 -70 0
5.94089 0 -2352 5.72938 -0.308 -11.8103 -70 0
5.9414 0 -2352 5.72938 -0.308 -11.8103 -70 0
5.9419 0 -2352 5.72938 -0.308 -11.8103 -70 0
5.94246 0 -2352 5.72938 -0.308 -11.8103 -70 0
5.94294 0 -2352 5.72938 -0.308 -11.8103 -70 0
5.94338 0 -2352 5.72938 -0.308 -11.8103 -70 0
5.94385 0 -2352 5.72938 -0.308 -11.8103 -70 0
5.9444 0 -2352 5.72938 -0.308 -11.8103 -70 0
5.9449 0 -2352 2.64222 -0.312 -175.782 -70 0
5.94535 0 -2352 2.64222 -0.312 -175.782 -70 0
5.94585 0 -2352 2.64222 -0.312 -175.782 -70 0
5.94631 0 -2352 2.64222 -0.312 -175.782 -70 0
5.9468 0 -2352 2.64222 -0.312 -175.782 -70 0
5.94717 0 -2352 2.64222 -0.312 -175.782 -70 0
5.9477 0 -2352 2.64222 -0.312 -175.782 -70 0
5.94816 0 -2352 2.64222 -0.312 -175.782 -70 0
5.94862 0 -2352 2.64222 -0.312 -175.782 -70 0
5.94918 0 -2352 2.64222 -0.312 -175.782 -70 0
5.94963 0 -2352 2.64222 -0.312 -175.782 -70 0
5.95013 0 -2352 2.64222 -0.312 -175.782 -70 0
5.95059 0 -2352 2.64222 -0.312 -175.782 -70 0
5.95106 0 -2352 2.64222 -0.312 -175.782 -70 0
5.95155 0 -2352 2.64222 -0.312 -175.782 -70 0
5.95198 0 -2352 2.64222 -0.312 -175.782 -70 0
5.95247 0 -2352 2.64222 -0.312 -175.782 -70 0
5.95292 0 -2352 2.64222 -0.312 -175.782 -70 0
5.9534 0 -2352 2.64222 -0.312 -175.782 -70 0
5.95389 0 -2352 2.64222 -0.312 -175.782 -70 0
5.95433 0 -2352 2.64222 -0.312 -175.782 -70 0
5.9548 0 -2352 2.64222 -0.312 -175.782 -70 0
5.95533 0 -2352 -0.433961 -0.274 -341.401 -70 0
5.95585 0 -2352 -0.433961 -0.274 -341.401 -70 0
5.95636 0 -2352 -0.433961 -0.274 -341.401 -70 0
5.95686 0 -2352 -0.433961 -0.274 -341.401 -70 0
5.9573 0 -2352 -0.433961 -0.274 -341.401 -70 0
5.95773 0 -2352 -0.433961 -0.274 -341.401 -70 0
5.95818 0 -2352 -0.433961 -0.274 -341.401 -70 0
5.95868 0 -2352 -0.433961 -0.274 -341.401 -70 0
5.95916 0 -2352 -0.433961 -0.274 -341.401 -70 0
5.95962 0 -2352 -0.433961 -0.274 -341.401 -70 0
5.96011 0 -2352 -0.433961 -0.274 -341.401 -70 0
5.96054 0 -2352 -0.433961 -0.274 -341.401 -70 0
5.96096 0 -2352 -0.433961 -0.274 -341.401 -70 0
5.96146 0 -2352 -0.433961 -0.274 -341.401 -70 0
5.96195 0 -2352 -0.433961 -0.274 -341.401 -70 0
5.96244 0 -2352 -0.433961 -0.274 -341.401 -70 0
5.96292 0 -2352 -0.433961 -0.274 -341.401 -70 0
5.96341 0 -2352 -0.433961 -0.274 -341.401 -70 0
5.9639 0 -2352 -0.433961 -0.274 -341.401 -70 0
5.96437 0 -2352 -0.433961 -0.274 -341.401 -70 0
5.96486 0 -2352 -0.433961 -0.274 -341.401 -70 0
5.96535 0 -2352 -3.51014 -0.278 -505.647 -70 0
5.96586 0 -2352 -3.51014 -0.278 -505.647 -70 0
5.96635 0 -2352 -3.51014 -0.278 -505.647 -70 0
5.96686 0 -2352 -3.51014 -0.278 -505.647 -70 0
5.96736 0 -2352 -3.51014 -0.278 -505.647 -70 0
5.96784 0 -2352 -3.51014 -0.278 -505.647 -70 0
5.9683 0 -2352 -3.51014 -0.278 -505.647 -70 0
5.96887 0 -2352 -3.51014 -0.278 -505.647 -70 0
5.96936 0 -2352 -3.51014 -0.278 -505.647 -70 0
5.96975 0 -2352 -3.51014 -0.278 -505.647 -70 0
5.97024 0 -2352 -3.51014 -0.278 -505.647 -70 0
5.97078 0 -2352 -3.51014 -0.278 -505.647 -70 0
5.97127 0 -2352 -3.51014 -0.278 -505.647 -70 0
5.97176 0 -2352 -3.51014 -0.278 -505.647 -70 0
5.97222 0 -2352 -3.51014 -0.278 -505.647 -70 0
5.97271 0 -2352 -3.51014 -0.278 -505.647 -70 0
5.97313 0 -2352 -3.51014 -0.278 -505.647 -70 0
5.97359 0 -2352 -3.51014 -0.278 -505.647 -70 0
5.97406 0 -2352 -3.51014 -0.278 -505.647 -70 0
5.97455 0 -2352 -3.51014 -0.278 -505.647 -70 0
5.97504 0 -2352 -6.56435 -0.274 -667.146 -70 0
5.97556 0 -2352 -6.56435 -0.274 -667.146 -70 0
5.97614 0 -2352 -6.56435 -0.274 -667.146 -70 0
5.9766 0 -2352 -6.56435 -0.274 -667.146 -70 0
5.97701 0 -2352 -6.56435 -0.274 -667.146 -70 0
5.97747 0 -2352 -6.56435 -0.274 -667.146 -70 0
5.97795 0 -2352 -6.56435 -0.274 -667.146 -70 0
5.97847 0 -2352 -6.56435 -0.274 -667.146 -70 0
5.97887 0 -2352 -6.56435 -0.274 -667.146 -70 0
5.97931 0 -2352 -6.56435 -0.274 -667.146 -70 0
5.97973 0 -2352 -6.56435 -0.274 -667.146 -70 0
5.98011 0 -2352 -6.56435 -0.274 -667.146 -70 0
5.98056 0 -2352 -6.56435 -0.274 -667.146 -70 0
5.98099 0 -2352 -6.56435 -0.274 -667.146 -70 0
5.98147 0 -2352 -6.56435 -0.274 -667.146 -70 0
5.98188 0 -2352 -6.56435 -0.274 -667.146 -70 0
5.98234 0 -2352 -6.56435 -0.274 -667.146 -70 0
5.98283 0 -2352 -6.56435 -0.274 -667.146 -70 0
5.9833 0 -2352 -6.56435 -0.274 -667.146 -70 0
5.98378 0 -2352 -6.56435 -0.274 -667.146 -70 0
5.98421 0 -2352 -6.56435 -0.274 -667.146 -70 0
5.98466 0 -2352 -6.56435 -0.274 -667.146 -70 0
5.98515 0 -2352 -9.59658 -0.263 -827.822 -70 0
5.98573 0 -2352 -9.59658 -0.263 -827.822 -70 0
5.98625 0 -2352 -9.59658 -0.263 -827.822 -70 0
5.98673 0 -2352 -9.59658 -0.263 -827.822 -70 0
5.98727 0 -2352 -9.59658 -0.263 -827.822 -70 0
5.98778 0 -2352 -9.59658 -0.263 -827.822 -70 0
5.98822 0 -2352 -9.59658 -0.263 -827.822 -70 0
5.98872 0 -2352 -9.59658 -0.263 -827.822 -70 0
5.98915 0 -2352 -9.59658 -0.263 -827.822 -70 0
5.98964 0 -2352 -9.59658 -0.263 -827.822 -70 0
5.99011 0 -2352 -9.59658 -0.263 -827.822 -70 0
5.99059 0 -2352 -9.59658 -0.263 -827.822 -70 0
5.99104 0 -2352 -9.59658 -0.263 -827.822 -70 0
5.99152 0 -2352 -9.59658 -0.263 -827.822 -70 0
5.99196 0 -2352 -9.59658 -0.263 -827.822 -70 0
5.99247 0 -2352 -9.59658 -0.263 -827.822 -70 0
5.99286 0 -2352 -9.59658 -0.263 -827.822 -70 0
5.99332 0 -2352 -9.59658 -0.263 -827.822 -70 0
5.99385 0 -2352 -9.59658 -0.263 -827.822 -70 0
5.99436 0 -2352 -9.59658 -0.263 -827.822 -70 0
5.99483 0 -2352 -9.59658 -0.263 -827.822 -70 0
5.99526 0 -2352 -12.6618 -0.343 -989.321 -70 0
5.99582 0 -2352 -12.6618 -0.343 -989.321 -70 0
5.99627 0 -2352 -12.6618 -0.343 -989.321 -70 0
5.99671 0 -2352 -12.6618 -0.343 -989.321 -70 0
5.99717 0 -2352 -12.6618 -0.343 -989.321 -70 0
5.99767 0 -2352 -12.6618 -0.343 -989.321 -70 0
5.9981 0 -2352 -12.6618 -0.343 -989.321 -70 0
5.99863 0 -2352 -12.6618 -0.343 -989.321 -70 0
5.99911 0 -2352 -12.6618 -0.343 -989.321 -70 0
5.99956 0 -2352 -12.6618 -0.343 -989.321 -70 0
6.00009 0 -2352 -12.6618 -0.343 -989.321 -70 0
6.00059 0 -2352 -12.6618 -0.343 -989.321 -70 0
6.00116 0 -2352 -12.6618 -0.343 -989.321 -70 0
6.00174 0 -2352 -12.6618 -0.343 -989.321 -70 0
6.00222 0 -2352 -12.6618 -0.343 -989.321 -70 0
6.00273 0 -2352 -12.6618 -0.343 -989.321 -70 0
6.00331 0 -2352 -12.6618 -0.343 -989.321 -70 0
6.00378 0 -2352 -12.6618 -0.343 -989.321 -70 0
6.00424 0 -2352 -12.6618 -0.343 -989.321 -70 0
6.00473 0 -2352 -12.6618 -0.343 -989.321 -70 0
6.00526 0 -2352 -15.6995 -0.331 -1149.45 -70 0
6.00583 0 -2352 -15.6995 -0.331 -1149.45 -70 0
6.00649 0 -2352 -15.6995 -0.331 -1149.45 -70 0
6.00709 0 -2352 -15.6995 -0.331 -1149.45 -70 0
6.00768 0 -2352 -15.6995 -0.331 -1149.45 -70 0
6.00812 0 -2352 -15.6995 -0.331 -1149.45 -70 0
6.00862 0 -2352 -15.6995 -0.331 -1149.45 -70 0
6.00914 0 -2352 -15.6995 -0.331 -1149.45 -70 0
6.00965 0 -2352 -15.6995 -0.331 -1149.45 -70 0
6.01017 0 -2352 -15.6995 -0.331 -1149.45 -70 0
6.0107 0 -2352 -15.6995 -0.331 -1149.45 -70 0
6.01121 0 -2352 -15.6995 -0.331 -1149.45 -70 0
6.01173 0 -2352 -15.6995 -0.331 -1149.45 -70 0
6.01222 0 -2352 -15.6995 -0.331 -1149.45 -70 0
6.01273 0 -2352 -15.6995 -0.331 -1149.45 -70 0
6.01327 0 -2352 -15.6995 -0.331 -1149.45 -70 0
6.01374 0 -2352 -15.6995 -0.331 -1149.45 -70 0
6.01422 0 -2352 -15.6995 -0.331 -1149.45 -70 0
6.01473 0 -2352 -15.6995 -0.331 -1149.45 -70 0
6.01522 0 -2352 -18.7207 -0.32 -1309.02 -70 0
6.01573 0 -2352 -18.7207 -0.32 -1309.02 -70 0
6.01625 0 -2352 -18.7207 -0.32 -1309.02 -70 0
6.01677 0 -2352 -18.7207 -0.32 -1309.02 -70 0
6.01731 0 -2352 -18.7207 -0.32 -1309.02 -70 0
6.01777 0 -2352 -18.7207 -0.32 -1309.02 -70 0
6.0183 0 -2352 -18.7207 -0.32 -1309.02 -70 0
6.01881 0 -2352 -18.7207 -0.32 -1309.02 -70 0
6.01934 0 -2352 -18.7207 -0.32 -1309.02 -70 0
6.01984 0 -2352 -18.7207 -0.32 -1309.02 -70 0
6.02038 0 -2352 -18.7207 -0.32 -1309.02 -70 0
6.02083 0 -2352 -18.7207 -0.32 -1309.02 -70 0
6.02132 0 -2352 -18.7207 -0.32 -1309.02 -70 0
6.02177 0 -2352 -18.7207 -0.32 -1309.02 -70 0
6.02227 0 -2352 -18.7207 -0.32 -1309.02 -70 0
6.02274 0 -2352 -18.7207 -0.32 -1309.02 -70 0
6.02319 0 -2352 -18.7207 -0.32 -1309.02 -70 0
6.02364 0 -2352 -18.7207 -0.32 -1309.02 -70 0
6.02414 0 -2352 -18.7207 -0.32 -1309.02 -70 0
6.02464 0 -2352 -18.7207 -0.32 -1309.02 -70 0
6.02521 0 -2352 -21.731 -0.324 -1467.5 -70 0
6.02579 0 -2352 -21.731 -0.324 -1467.5 -70 0
7.05023 0 2352 -24.3348 0.354 -1614.44 70 0
7.05201 0 2352 -24.3348 0.354 -1614.44 70 0
7.05383 0 2352 -24.3348 0.354 -1614.44 70 0
7.05548 0 2352 -24.3348 0.354 -1614.44 70 0
7.05702 0 2352 -24.3348 0.354 -1614.44 70 0
7.05852 0 2352 -24.3348 0.354 -1614.44 70 0
7.06004 0 2352 -22.2968 0.301 -1508.43 70 0
7.06147 0 2352 -22.2968 0.301 -1508.43 70 0
7.06268 0 2352 -22.2968 0.301 -1508.43 70 0
7.0636 0 2352 -22.2968 0.301 -1508.43 70 0
7.06454 0 2352 -22.2968 0.301 -1508.43 70 0
7.06553 0 2352 -22.2968 0.301 -1508.43 70 0
7.06646 0 2352 -22.2968 0.301 -1508.43 70 0
7.06734 0 2352 -22.2968 0.301 -1508.43 70 0
7.06827 0 2352 -22.2968 0.301 -1508.43 70 0
7.06928 0 2352 -19.8414 0.286 -1380.98 70 0
7.07034 0 2352 -19.8414 0.286 -1380.98 70 0
7.07137 0 2352 -19.8414 0.286 -1380.98 70 0
7.07253 0 2352 -19.8414 0.286 -1380.98 70 0
7.07364 0 2352 -19.8414 0.286 -1380.98 70 0
7.07454 0 2352 -19.8414 0.286 -1380.98 70 0
7.07548 0 2352 -19.8414 0.286 -1380.98 70 0
7.07635 0 2352 -19.8414 0.286 -1380.98 70 0
7.07715 0 2352 -19.8414 0.286 -1380.98 70 0
7.0782 0 2352 -19.8414 0.286 -1380.98 70 0
7.07933 0 2352 -17.0783 0.339 -1237.89 70 0
7.08043 0 2352 -17.0783 0.339 -1237.89 70 0
7.08135 0 2352 -17.0783 0.339 -1237.89 70 0
7.08279 0 2352 -17.0783 0.339 -1237.89 70 0
7.08421 0 2352 -17.0783 0.339 -1237.89 70 0
7.08561 0 2352 -17.0783 0.339 -1237.89 70 0
7.0869 0 2352 -17.0783 0.339 -1237.89 70 0
7.08843 0 2352 -17.0783 0.339 -1237.89 70 0
7.09009 0 2352 -14.2163 0.335 -1088.2 70 0
7.09118 0 2352 -14.2163 0.335 -1088.2 70 0
7.09243 0 2352 -14.2163 0.335 -1088.2 70 0
7.09372 0 2352 -14.2163 0.335 -1088.2 70 0
7.0948 0 2352 -14.2163 0.335 -1088.2 70 0
7.09607 0 2352 -14.2163 0.335 -1088.2 70 0
7.0972 0 2352 -14.2163 0.335 -1088.2 70 0
7.09828 0 2352 -14.2163 0.335 -1088.2 70 0
7.09929 0 2352 -14.2163 0.335 -1088.2 70 0
7.10038 0 2352 -11.3599 0.328 -937.685 70 0
7.10145 0 2352 -11.3599 0.328 -937.685 70 0
7.10252 0 2352 -11.3599 0.328 -937.685 70 0
7.10373 0 2352 -11.3599 0.328 -937.685 70 0
7.10488 0 2352 -11.3599 0.328 -937.685 70 0
7.10629 0 2352 -11.3599 0.328 -937.685 70 0
7.10769 0 2352 -11.3599 0.328 -937.685 70 0
7.10912 0 2352 -11.3599 0.328 -937.685 70 0
7.11048 0 2352 -8.43203 0.305 -783.876 70 0
7.112 0 2352 -8.43203 0.305 -783.876 70 0
7.11351 0 2352 -8.43203 0.305 -783.876 70 0
7.11495 0 2352 -8.43203 0.305 -783.876 70 0
7.11639 0 2352 -8.43203 0.305 -783.876 70 0
7.1178 0 2352 -8.43203 0.305 -783.876 70 0
7.11936 0 2352 -5.5536 0.308 -633.363 70 0
7.12083 0 2352 -5.5536 0.308 -633.363 70 0
7.12215 0 2352 -5.5536 0.308 -633.363 70 0
7.12358 0 2352 -5.5536 0.308 -633.363 70 0
7.12501 0 2352 -5.5536 0.308 -633.363 70 0
7.12651 0 2352 -5.5536 0.308 -633.363 70 0
7.12792 0 2352 -5.5536 0.308 -633.363 70 0
7.12936 0 2352 -2.64222 0.301 -479.829 70 0
7.13089 0 2352 -2.64222 0.301 -479.829 70 0
7.13235 0 2352 -2.64222 0.301 -479.829 70 0
7.13376 0 2352 -2.64222 0.301 -479.829 70 0
7.13522 0 2352 -2.64222 0.301 -479.829 70 0
7.13671 0 2352 -2.64222 0.301 -479.829 70 0
7.13831 0 2352 -2.64222 0.301 -479.829 70 0
7.13975 0 2352 0.22522 0.289 -329.591 70 0
7.14116 0 2352 0.22522 0.289 -329.591 70 0
7.14282 0 2352 0.22522 0.289 -329.591 70 0
7.14445 0 2352 0.22522 0.289 -329.591 70 0
7.14589 0 2352 0.22522 0.289 -329.591 70 0
7.14741 0 2352 0.22522 0.289 -329.591 70 0
7.14864 0 2352 0.22522 0.289 -329.591 70 0
7.14987 0 2352 0.22522 0.289 -329.591 70 0
7.15087 0 2352 3.09266 0.316 -176.056 70 0
7.15188 0 2352 3.09266 0.316 -176.056 70 0
7.15299 0 2352 3.09266 0.316 -176.056 70 0
7.15412 0 2352 3.09266 0.316 -176.056 70 0
7.15508 0 2352 3.09266 0.316 -176.056 70 0
7.1562 0 2352 3.09266 0.316 -176.056 70 0
7.15716 0 2352 3.09266 0.316 -176.056 70 0
7.15815 0 2352 3.09266 0.316 -176.056 70 0
7.15933 0 2352 3.09266 0.316 -176.056 70 0
7.16039 0 2352 7.44326 0.297 51.6359 70 0
7.16149 0 2352 7.44326 0.297 51.6359 70 0
7.16266 0 2352 7.44326 0.297 51.6359 70 0
7.16371 0 2352 7.44326 0.297 51.6359 70 0
7.16481 0 2352 7.44326 0.297 51.6359 70 0
7.16592 0 2352 7.44326 0.297 51.6359 70 0
7.16712 0 2352 7.44326 0.297 51.6359 70 0
7.16826 0 2352 7.44326 0.297 51.6359 70 0
7.16931 0 2352 7.44326 0.297 51.6359 70 0
7.17037 0 2352 10.3107 0.305 204.896 70 0
7.17149 0 2352 10.3107 0.305 204.896 70 0
7.1726 0 2352 10.3107 0.305 204.896 70 0
7.17374 0 2352 10.3107 0.305 204.896 70 0
7.17487 0 2352 10.3107 0.305 204.896 70 0
7.17603 0 2352 10.3107 0.305 204.896 70 0
7.17716 0 2352 10.3107 0.305 204.896 70 0
7.17825 0 2352 10.3107 0.305 204.896 70 0
7.17927 0 2352 10.3107 0.305 204.896 70 0
7.18036 0 2352 13.2056 0.278 357.606 70 0
7.18135 0 2352 13.2056 0.278 357.606 70 0
7.18231 0 2352 13.2056 0.278 357.606 70 0
7.18329 0 2352 13.2056 0.278 357.606 70 0
7.18443 0 2352 13.2056 0.278 357.606 70 0
7.18556 0 2352 13.2056 0.278 357.606 70 0
7.18664 0 2352 13.2056 0.278 357.606 70 0
7.1876 0 2352 13.2056 0.278 357.606 70 0
7.18856 0 2352 13.2056 0.278 357.606 70 0
7.18959 0 2352 13.2056 0.278 357.606 70 0
7.19049 0 2352 16.139 0.267 514.161 70 0
7.1916 0 2352 16.139 0.267 514.161 70 0
7.19266 0 2352 16.139 0.267 514.161 70 0
7.1936 0 2352 16.139 0.267 514.161 70 0
7.19495 0 2352 16.139 0.267 514.161 70 0
7.19598 0 2352 16.139 0.267 514.161 70 0
7.19697 0 2352 16.139 0.267 514.161 70 0
7.19803 0 2352 16.139 0.267 514.161 70 0
7.19905 0 2352 16.139 0.267 514.161 70 0
7.20008 0 2352 16.139 0.267 514.161 70 0
7.20115 0 2352 19.0394 0.263 671.541 70 0
7.2022 0 2352 19.0394 0.263 671.541 70 0
7.20319 0 2352 19.0394 0.263 671.541 70 0
7.20425 0 2352 19.0394 0.263 671.541 70 0
7.20529 0 2352 19.0394 0.263 671.541 70 0
7.20618 0 2352 19.0394 0.263 671.541 70 0
7.20719 0 2352 19.0394 0.263 671.541 70 0
7.20824 0 2352 19.0394 0.263 671.541 70 0
7.20923 0 2352 19.0394 0.263 671.541 70 0
7.21017 0 2352 21.9782 0.335 830.294 70 0
8.23683 0 -2352 24.8621 -0.396 989.871 -70 0
8.23878 0 -2352 24.8621 -0.396 989.871 -70 0
8.24032 0 -2352 24.8621 -0.396 989.871 -70 0
8.24171 0 -2352 24.8621 -0.396 989.871 -70 0
8.2431 0 -2352 24.8621 -0.396 989.871 -70 0
8.24473 0 -2352 24.8621 -0.396 989.871 -70 0
8.24619 0 -2352 22.9505 -0.396 822.329 -70 0
8.24736 0 -2352 22.9505 -0.396 822.329 -70 0
8.24845 0 -2352 22.9505 -0.396 822.329 -70 0
8.24943 0 -2352 22.9505 -0.396 822.329 -70 0
8.25032 0 -2352 22.9505 -0.396 822.329 -70 0
8.25116 0 -2352 22.9505 -0.396 822.329 -70 0
8.25218 0 -2352 22.9505 -0.396 822.329 -70 0
8.25311 0 -2352 22.9505 -0.396 822.329 -70 0
8.25401 0 -2352 22.9505 -0.396 822.329 -70 0
8.25498 0 -2352 22.9505 -0.396 822.329 -70 0
8.25602 0 -2352 20.55 -0.354 754.763 -70 0
8.25712 0 -2352 20.55 -0.354 754.763 -70 0
8.25824 0 -2352 20.55 -0.354 754.763 -70 0
8.25932 0 -2352 20.55 -0.354 754.763 -70 0
8.26022 0 -2352 20.55 -0.354 754.763 -70 0
8.26112 0 -2352 20.55 -0.354 754.763 -70 0
8.26215 0 -2352 20.55 -0.354 754.763 -70 0
8.26312 0 -2352 20.55 -0.354 754.763 -70 0
8.26406 0 -2352 20.55 -0.354 754.763 -70 0
8.26492 0 -2352 20.55 -0.354 754.763 -70 0
8.26597 0 -2352 16.4191 -0.335 536.409 -70 0
8.26727 0 -2352 16.4191 -0.335 536.409 -70 0
8.26819 0 -2352 16.4191 -0.335 536.409 -70 0
8.26917 0 -2352 16.4191 -0.335 536.409 -70 0
8.27037 0 -2352 16.4191 -0.335 536.409 -70 0
8.27175 0 -2352 16.4191 -0.335 536.409 -70 0
8.27302 0 -2352 16.4191 -0.335 536.409 -70 0
8.27447 0 -2352 16.4191 -0.335 536.409 -70 0
8.27549 0 -2352 16.4191 -0.335 536.409 -70 0
8.27659 0 -2352 13.5132 -0.316 381.501 -70 0
8.27772 0 -2352 13.5132 -0.316 381.501 -70 0
8.27882 0 -2352 13.5132 -0.316 381.501 -70 0
8.28006 0 -2352 13.5132 -0.316 381.501 -70 0
8.28134 0 -2352 13.5132 -0.316 381.501 -70 0
8.28242 0 -2352 13.5132 -0.316 381.501 -70 0
8.28328 0 -2352 13.5132 -0.316 381.501 -70 0
8.28423 0 -2352 13.5132 -0.316 381.501 -70 0
8.28518 0 -2352 13.5132 -0.316 381.501 -70 0
8.2863 0 -2352 10.5084 -0.301 221.65 -70 0
8.28747 0 -2352 10.5084 -0.301 221.65 -70 0
8.28861 0 -2352 10.5084 -0.301 221.65 -70 0
8.28972 0 -2352 10.5084 -0.301 221.65 -70 0
8.2907 0 -2352 10.5084 -0.301 221.65 -70 0
8.29168 0 -2352 10.5084 -0.301 221.65 -70 0
8.29269 0 -2352 10.5084 -0.301 221.65 -70 0
8.29373 0 -2352 10.5084 -0.301 221.65 -70 0
8.29479 0 -2352 10.5084 -0.301 221.65 -70 0
8.29581 0 -2352 10.5084 -0.301 221.65 -70 0
8.29692 0 -2352 7.49269 -0.282 61.7982 -70 0
8.29812 0 -2352 7.49269 -0.282 61.7982 -70 0
8.29925 0 -2352 7.49269 -0.282 61.7982 -70 0
8.30014 0 -2352 7.49269 -0.282 61.7982 -70 0
8.30111 0 -2352 7.49269 -0.282 61.7982 -70 0
8.30203 0 -2352 7.49269 -0.282 61.7982 -70 0
8.30299 0 -2352 7.49269 -0.282 61.7982 -70 0
8.30384 0 -2352 7.49269 -0.282 61.7982 -70 0
8.30477 0 -2352 7.49269 -0.282 61.7982 -70 0
8.30567 0 -2352 7.49269 -0.282 61.7982 -70 0
8.30661 0 -2352 4.44947 -0.286 -100.25 -70 0
8.30771 0 -2352 4.44947 -0.286 -100.25 -70 0
8.30883 0 -2352 4.44947 -0.286 -100.25 -70 0
8.30994 0 -2352 4.44947 -0.286 -100.25 -70 0
8.31098 0 -2352 4.44947 -0.286 -100.25 -70 0
8.3122 0 -2352 4.44947 -0.286 -100.25 -70 0
8.3134 0 -2352 4.44947 -0.286 -100.25 -70 0
8.3145 0 -2352 4.44947 -0.286 -100.25 -70 0
8.31543 0 -2352 4.44947 -0.286 -100.25 -70 0
8.31633 0 -2352 4.44947 -0.286 -100.25 -70 0
8.31723 0 -2352 1.38428 -0.267 -260.926 -70 0
8.31824 0 -2352 1.38428 -0.267 -260.926 -70 0
8.31926 0 -2352 1.38428 -0.267 -260.926 -70 0
8.3201 0 -2352 1.38428 -0.267 -260.926 -70 0
8.32115 0 -2352 1.38428 -0.267 -260.926 -70 0
8.32205 0 -2352 1.38428 -0.267 -260.926 -70 0
8.32288 0 -2352 1.38428 -0.267 -260.926 -70 0
8.32348 0 -2352 1.38428 -0.267 -260.926 -70 0
8.32415 0 -2352 1.38428 -0.267 -260.926 -70 0
8.32476 0 -2352 1.38428 -0.267 -260.926 -70 0
8.32544 0 -2352 1.38428 -0.267 -260.926 -70 0
8.32611 0 -2352 1.38428 -0.267 -260.926 -70 0
8.32678 0 -2352 -1.68091 -0.259 -424.073 -70 0
8.32752 0 -2352 -1.68091 -0.259 -424.073 -70 0
8.32797 0 -2352 -1.68091 -0.259 -424.073 -70 0
8.3284 0 -2352 -1.68091 -0.259 -424.073 -70 0
8.32885 0 -2352 -1.68091 -0.259 -424.073 -70 0
8.32933 0 -2352 -1.68091 -0.259 -424.073 -70 0
8.32979 0 -2352 -1.68091 -0.259 -424.073 -70 0
8.33023 0 -2352 -1.68091 -0.259 -424.073 -70 0
8.33069 0 -2352 -1.68091 -0.259 -424.073 -70 0
8.33113 0 -2352 -1.68091 -0.259 -424.073 -70 0
8.33165 0 -2352 -1.68091 -0.259 -424.073 -70 0
8.33209 0 -2352 -1.68091 -0.259 -424.073 -70 0
8.33255 0 -2352 -1.68091 -0.259 -424.073 -70 0
8.33303 0 -2352 -1.68091 -0.259 -424.073 -70 0
8.33348 0 -2352 -1.68091 -0.259 -424.073 -70 0
8.33398 0 -2352 -1.68091 -0.259 -424.073 -70 0
8.33444 0 -2352 -1.68091 -0.259 -424.073 -70 0
8.33493 0 -2352 -1.68091 -0.259 -424.073 -70 0
8.3354 0 -2352 -1.68091 -0.259 -424.073 -70 0
8.3359 0 -2352 -1.68091 -0.259 -424.073 -70 0
8.33635 0 -2352 -1.68091 -0.259 -424.073 -70 0
8.33677 0 -2352 -1.68091 -0.259 -424.073 -70 0
8.33718 0 -2352 -4.75709 -0.343 -586.122 -70 0
8.33763 0 -2352 -4.75709 -0.343 -586.122 -70 0
8.33797 0 -2352 -4.75709 -0.343 -586.122 -70 0
8.33831 0 -2352 -4.75709 -0.343 -586.122 -70 0
8.33872 0 -2352 -4.75709 -0.343 -586.122 -70 0
8.33903 0 -2352 -4.75709 -0.343 -586.122 -70 0
8.33941 0 -2352 -4.75709 -0.343 -586.122 -70 0
8.33983 0 -2352 -4.75709 -0.343 -586.122 -70 0
8.34026 0 -2352 -4.75709 -0.343 -586.122 -70 0
8.34061 0 -2352 -4.75709 -0.343 -586.122 -70 0
8.3409 0 -2352 -4.75709 -0.343 -586.122 -70 0
8.34126 0 -2352 -4.75709 -0.343 -586.122 -70 0
8.34162 0 -2352 -4.75709 -0.343 -586.122 -70 0
8.34197 0 -2352 -4.75709 -0.343 -586.122 -70 0
8.34227 0 -2352 -4.75709 -0.343 -586.122 -70 0
8.3427 0 -2352 -4.75709 -0.343 -586.122 -70 0
8.34314 0 -2352 -4.75709 -0.343 -586.122 -70 0
8.34353 0 -2352 -4.75709 -0.343 -586.122 -70 0
8.34386 0 -2352 -4.75709 -0.343 -586.122 -70 0
8.34426 0 -2352 -4.75709 -0.343 -586.122 -70 0
8.34462 0 -2352 -4.75709 -0.343 -586.122 -70 0
8.34498 0 -2352 -4.75709 -0.343 -586.122 -70 0
8.34531 0 -2352 -4.75709 -0.343 -586.122 -70 0
8.34575 0 -2352 -4.75709 -0.343 -586.122 -70 0
8.34607 0 -2352 -4.75709 -0.343 -586.122 -70 0
8.34644 0 -2352 -4.75709 -0.343 -586.122 -70 0
8.34685 0 -2352 -7.82778 -0.324 -748.995 -70 0
8.34728 0 -2352 -7.82778 -0.324 -748.995 -70 0
8.34766 0 -2352 -7.82778 -0.324 -748.995 -70 0
8.348 0 -2352 -7.82778 -0.324 -748.995 -70 0
8.34841 0 -2352 -7.82778 -0.324 -748.995 -70 0
8.3488 0 -2352 -7.82778 -0.324 -748.995 -70 0
8.3492 0 -2352 -7.82778 -0.324 -748.995 -70 0
8.34966 0 -2352 -7.82778 -0.324 -748.995 -70 0
8.35005 0 -2352 -7.82778 -0.324 -748.995 -70 0
8.35041 0 -2352 -7.82778 -0.324 -748.995 -70 0
8.35084 0 -2352 -7.82778 -0.324 -748.995 -70 0
8.35126 0 -2352 -7.82778 -0.324 -748.995 -70 0
8.3516 0 -2352 -7.82778 -0.324 -748.995 -70 0
8.35201 0 -2352 -7.82778 -0.324 -748.995 -70 0
8.35241 0 -2352 -7.82778 -0.324 -748.995 -70 0
8.35283 0 -2352 -7.82778 -0.324 -748.995 -70 0
8.35323 0 -2352 -7.82778 -0.324 -748.995 -70 0
8.3536 0 -2352 -7.82778 -0.324 -748.995 -70 0
8.35402 0 -2352 -7.82778 -0.324 -748.995 -70 0
8.35439 0 -2352 -7.82778 -0.324 -748.995 -70 0
8.35475 0 -2352 -7.82778 -0.324 -748.995 -70 0
8.35514 0 -2352 -7.82778 -0.324 -748.995 -70 0
8.35556 0 -2352 -7.82778 -0.324 -748.995 -70 0
8.35591 0 -2352 -7.82778 -0.324 -748.995 -70 0
8.35625 0 -2352 -7.82778 -0.324 -748.995 -70 0
8.35664 0 -2352 -7.82778 -0.324 -748.995 -70 0
8.35702 0 -2352 -10.8765 -0.312 -911.043 -70 0
8.35743 0 -2352 -10.8765 -0.312 -911.043 -70 0
8.35779 0 -2352 -10.8765 -0.312 -911.043 -70 0
8.35812 0 -2352 -10.8765 -0.312 -911.043 -70 0
8.35848 0 -2352 -10.8765 -0.312 -911.043 -70 0
8.3589 0 -2352 -10.8765 -0.312 -911.043 -70 0
8.35929 0 -2352 -10.8765 -0.312 -911.043 -70 0
8.35966 0 -2352 -10.8765 -0.312 -911.043 -70 0
8.36001 0 -2352 -10.8765 -0.312 -911.043 -70 0
8.36044 0 -2352 -10.8765 -0.312 -911.043 -70 0
8.36081 0 -2352 -10.8765 -0.312 -911.043 -70 0
8.36118 0 -2352 -10.8765 -0.312 -911.043 -70 0
8.36159 0 -2352 -10.8765 -0.312 -911.043 -70 0
8.36202 0 -2352 -10.8765 -0.312 -911.043 -70 0
8.36247 0 -2352 -10.8765 -0.312 -911.043 -70 0
8.36284 0 -2352 -10.8765 -0.312 -911.043 -70 0
8.36323 0 -2352 -10.8765 -0.312 -911.043 -70 0
8.36362 0 -2352 -10.8765 -0.312 -911.043 -70 0
8.36402 0 -2352 -10.8765 -0.312 -911.043 -70 0
8.36444 0 -2352 -10.8765 -0.312 -911.043 -70 0
8.36477 0 -2352 -10.8765 -0.312 -911.043 -70 0
8.36516 0 -2352 -10.8765 -0.312 -911.043 -70 0
8.36554 0 -2352 -10.8765 -0.312 -911.043 -70 0
8.3659 0 -2352 -10.8765 -0.312 -911.043 -70 0
8.36624 0 -2352 -10.8765 -0.312 -911.043 -70 0
8.36664 0 -2352 -10.8765 -0.312 -911.043 -70 0
8.36705 0 -2352 -13.9527 -0.32 -1073.92 -70 0
8.36751 0 -2352 -13.9527 -0.32 -1073.92 -70 0
8.3679 0 -2352 -13.9527 -0.32 -1073.92 -70 0
8.36821 0 -2352 -13.9527 -0.32 -1073.92 -70 0
8.36862 0 -2352 -13.9527 -0.32 -1073.92 -70 0
8.36902 0 -2352 -13.9527 -0.32 -1073.92 -70 0
8.36947 0 -2352 -13.9527 -0.32 -1073.92 -70 0
8.36983 0 -2352 -13.9527 -0.32 -1073.92 -70 0
8.37023 0 -2352 -13.9527 -0.32 -1073.92 -70 0
8.37062 0 -2352 -13.9527 -0.32 -1073.92 -70 0
8.37103 0 -2352 -13.9527 -0.32 -1073.92 -70 0
8.37141 0 -2352 -13.9527 -0.32 -1073.92 -70 0
8.37175 0 -2352 -13.9527 -0.32 -1073.92 -70 0
8.37212 0 -2352 -13.9527 -0.32 -1073.92 -70 0
8.37248 0 -2352 -13.9527 -0.32 -1073.92 -70 0
8.37288 0 -2352 -13.9527 -0.32 -1073.92 -70 0
8.37322 0 -2352 -13.9527 -0.32 -1073.92 -70 0
8.37359 0 -2352 -13.9527 -0.32 -1073.92 -70 0
8.37396 0 -2352 -13.9527 -0.32 -1073.92 -70 0
8.37436 0 -2352 -13.9527 -0.32 -1073.92 -70 0
8.37471 0 -2352 -13.9527 -0.32 -1073.92 -70 0
8.37507 0 -2352 -13.9527 -0.32 -1073.92 -70 0
8.37552 0 -2352 -13.9527 -0.32 -1073.92 -70 0
8.37588 0 -2352 -13.9527 -0.32 -1073.92 -70 0
8.37623 0 -2352 -13.9527 -0.32 -1073.92 -70 0
8.37662 0 -2352 -13.9527 -0.32 -1073.92 -70 0
8.37699 0 -2352 -13.9527 -0.32 -1073.92 -70 0
8.37742 0 -2352 -16.9904 -0.297 -1234.59 -70 0
8.37788 0 -2352 -16.9904 -0.297 -1234.59 -70 0
8.37824 0 -2352 -16.9904 -0.297 -1234.59 -70 0
8.3786 0 -2352 -16.9904 -0.297 -1234.59 -70 0
8.379 0 -2352 -16.9904 -0.297 -1234.59 -70 0
8.37936 0 -2352 -16.9904 -0.297 -1234.59 -70 0
8.37974 0 -2352 -16.9904 -0.297 -1234.59 -70 0
8.3801 0 -2352 -16.9904 -0.297 -1234.59 -70 0
8.38046 0 -2352 -16.9904 -0.297 -1234.59 -70 0
8.38083 0 -2352 -16.9904 -0.297 -1234.59 -70 0
8.38127 0 -2352 -16.9904 -0.297 -1234.59 -70 0
8.38164 0 -2352 -16.9904 -0.297 -1234.59 -70 0
8.382 0 -2352 -16.9904 -0.297 -1234.59 -70 0
8.38235 0 -2352 -16.9904 -0.297 -1234.59 -70 0
8.38272 0 -2352 -16.9904 -0.297 -1234.59 -70 0
8.38312 0 -2352 -16.9904 -0.297 -1234.59 -70 0
8.38353 0 -2352 -16.9904 -0.297 -1234.59 -70 0
8.38392 0 -2352 -16.9904 -0.297 -1234.59 -70 0
8.38431 0 -2352 -16.9904 -0.297 -1234.59 -70 0
8.38467 0 -2352 -16.9904 -0.297 -1234.59 -70 0
8.38499 0 -2352 -16.9904 -0.297 -1234.59 -70 0
8.38537 0 -2352 -16.9904 -0.297 -1234.59 -70 0
8.38577 0 -2352 -16.9904 -0.297 -1234.59 -70 0
8.38613 0 -2352 -16.9904 -0.297 -1234.59 -70 0
8.38645 0 -2352 -16.9904 -0.297 -1234.59 -70 0
8.38681 0 -2352 -16.9904 -0.297 -1234.59 -70 0
8.38728 0 -2352 -20.0226 -0.289 -1395.27 -70 0
8.3877 0 -2352 -20.0226 -0.289 -1395.27 -70 0
9.41275 0 2352 -22.8571 0.343 -1554.57 70 0
9.41453 0 2352 -22.8571 0.343 -1554.57 70 0
9.41608 0 2352 -22.8571 0.343 -1554.57 70 0
9.41766 0 2352 -22.8571 0.343 -1554.57 70 0
9.41908 0 2352 -22.8571 0.343 -1554.57 70 0
9.42061 0 2352 -22.8571 0.343 -1554.57 70 0
9.42187 0 2352 -20.8521 0.381 -1450.47 70 0
9.42326 0 2352 -20.8521 0.381 -1450.47 70 0
9.42463 0 2352 -20.8521 0.381 -1450.47 70 0
9.42595 0 2352 -20.8521 0.381 -1450.47 70 0
9.42706 0 2352 -20.8521 0.381 -1450.47 70 0
9.42816 0 2352 -20.8521 0.381 -1450.47 70 0
9.42922 0 2352 -20.8521 0.381 -1450.47 70 0
9.43016 0 2352 -20.8521 0.381 -1450.47 70 0
9.43103 0 2352 -20.8521 0.381 -1450.47 70 0
9.43192 0 2352 -18.3912 0.35 -1324.95 70 0
9.43292 0 2352 -18.3912 0.35 -1324.95 70 0
9.43388 0 2352 -18.3912 0.35 -1324.95 70 0
9.43481 0 2352 -18.3912 0.35 -1324.95 70 0
9.4357 0 2352 -18.3912 0.35 -1324.95 70 0
9.43658 0 2352 -18.3912 0.35 -1324.95 70 0
9.43738 0 2352 -18.3912 0.35 -1324.95 70 0
9.43823 0 2352 -18.3912 0.35 -1324.95 70 0
9.43902 0 2352 -18.3912 0.35 -1324.95 70 0
9.43993 0 2352 -18.3912 0.35 -1324.95 70 0
9.44084 0 2352 -18.3912 0.35 -1324.95 70 0
9.44167 0 2352 -18.3912 0.35 -1324.95 70 0
9.44253 0 2352 -15.6775 0.282 -1184.6 70 0
9.44344 0 2352 -15.6775 0.282 -1184.6 70 0
9.44429 0 2352 -15.6775 0.282 -1184.6 70 0
9.44509 0 2352 -15.6775 0.282 -1184.6 70 0
9.44601 0 2352 -15.6775 0.282 -1184.6 70 0
9.44677 0 2352 -15.6775 0.282 -1184.6 70 0
9.44755 0 2352 -15.6775 0.282 -1184.6 70 0
9.44851 0 2352 -15.6775 0.282 -1184.6 70 0
9.44937 0 2352 -15.6775 0.282 -1184.6 70 0
9.45022 0 2352 -15.6775 0.282 -1184.6 70 0
9.4511 0 2352 -15.6775 0.282 -1184.6 70 0
9.45191 0 2352 -15.6775 0.282 -1184.6 70 0
9.45288 0 2352 -12.8925 0.267 -963.503 70 0
9.45381 0 2352 -12.8925 0.267 -963.503 70 0
9.45466 0 2352 -12.8925 0.267 -963.503 70 0
9.45551 0 2352 -12.8925 0.267 -963.503 70 0
9.45631 0 2352 -12.8925 0.267 -963.503 70 0
9.45727 0 2352 -12.8925 0.267 -963.503 70 0
9.45825 0 2352 -12.8925 0.267 -963.503 70 0
9.45915 0 2352 -12.8925 0.267 -963.503 70 0
9.46016 0 2352 -12.8925 0.267 -963.503 70 0
9.46117 0 2352 -12.8925 0.267 -963.503 70 0
9.46204 0 2352 -12.8925 0.267 -963.503 70 0
9.46291 0 2352 -8.54738 0.328 -811.068 70 0
9.46397 0 2352 -8.54738 0.328 -811.068 70 0
9.46486 0 2352 -8.54738 0.328 -811.068 70 0
9.46571 0 2352 -8.54738 0.328 -811.068 70 0
9.46656 0 2352 -8.54738 0.328 -811.068 70 0
9.4676 0 2352 -8.54738 0.328 -811.068 70 0
9.46856 0 2352 -8.54738 0.328 -811.068 70 0
9.46936 0 2352 -8.54738 0.328 -811.068 70 0
9.47023 0 2352 -8.54738 0.328 -811.068 70 0
9.4711 0 2352 -8.54738 0.328 -811.068 70 0
9.47199 0 2352 -8.54738 0.328 -811.068 70 0
9.47287 0 2352 -5.69643 0.328 -661.379 70 0
9.47378 0 2352 -5.69643 0.328 -661.379 70 0
9.47462 0 2352 -5.69643 0.328 -661.379 70 0
9.47556 0 2352 -5.69643 0.328 -661.379 70 0
9.47662 0 2352 -5.69643 0.328 -661.379 70 0
9.47736 0 2352 -5.69643 0.328 -661.379 70 0
9.47823 0 2352 -5.69643 0.328 -661.379 70 0
9.47904 0 2352 -5.69643 0.328 -661.379 70 0
9.47998 0 2352 -5.69643 0.328 -661.379 70 0
9.48085 0 2352 -5.69643 0.328 -661.379 70 0
9.48159 0 2352 -5.69643 0.328 -661.379 70 0
9.48234 0 2352 -5.69643 0.328 -661.379 70 0
9.48322 0 2352 -2.79053 0.316 -507.57 70 0
9.48414 0 2352 -2.79053 0.316 -507.57 70 0
9.48511 0 2352 -2.79053 0.316 -507.57 70 0
9.48611 0 2352 -2.79053 0.316 -507.57 70 0
9.48696 0 2352 -2.79053 0.316 -507.57 70 0
9.48791 0 2352 -2.79053 0.316 -507.57 70 0
9.4888 0 2352 -2.79053 0.316 -507.57 70 0
9.48962 0 2352 -2.79053 0.316 -507.57 70 0
9.49043 0 2352 -2.79053 0.316 -507.57 70 0
9.49121 0 2352 -2.79053 0.316 -507.57 70 0
9.49209 0 2352 -2.79053 0.316 -507.57 70 0
9.49306 0 2352 0.109864 0.328 -355.134 70 0
9.49374 0 2352 0.109864 0.328 -355.134 70 0
9.49446 0 2352 0.109864 0.328 -355.134 70 0
9.49518 0 2352 0.109864 0.328 -355.134 70 0
9.49579 0 2352 0.109864 0.328 -355.134 70 0
9.49635 0 2352 0.109864 0.328 -355.134 70 0
9.49699 0 2352 0.109864 0.328 -355.134 70 0
9.49757 0 2352 0.109864 0.328 -355.134 70 0
9.49803 0 2352 0.109864 0.328 -355.134 70 0
9.49855 0 2352 0.109864 0.328 -355.134 70 0
9.49898 0 2352 0.109864 0.328 -355.134 70 0
9.49947 0 2352 0.109864 0.328 -355.134 70 0
9.49998 0 2352 0.109864 0.328 -355.134 70 0
9.50049 0 2352 0.109864 0.328 -355.134 70 0
9.50097 0 2352 0.109864 0.328 -355.134 70 0
9.5015 0 2352 0.109864 0.328 -355.134 70 0
9.50199 0 2352 0.109864 0.328 -355.134 70 0
9.50248 0 2352 0.109864 0.328 -355.134 70 0
9.50299 0 2352 2.9828 0.305 -200.501 70 0
9.50348 0 2352 2.9828 0.305 -200.501 70 0
9.50397 0 2352 2.9828 0.305 -200.501 70 0
9.50435 0 2352 2.9828 0.305 -200.501 70 0
9.5048 0 2352 2.9828 0.305 -200.501 70 0
9.50523 0 2352 2.9828 0.305 -200.501 70 0
9.50567 0 2352 2.9828 0.305 -200.501 70 0
9.50618 0 2352 2.9828 0.305 -200.501 70 0
9.50672 0 2352 2.9828 0.305 -200.501 70 0
9.50731 0 2352 2.9828 0.305 -200.501 70 0
9.50776 0 2352 2.9828 0.305 -200.501 70 0
9.50819 0 2352 2.9828 0.305 -200.501 70 0
9.50875 0 2352 2.9828 0.305 -200.501 70 0
9.50922 0 2352 2.9828 0.305 -200.501 70 0
9.50972 0 2352 2.9828 0.305 -200.501 70 0
9.51014 0 2352 2.9828 0.305 -200.501 70 0
9.51063 0 2352 2.9828 0.305 -200.501 70 0
9.5111 0 2352 2.9828 0.305 -200.501 70 0
9.51162 0 2352 2.9828 0.305 -200.501 70 0
9.51207 0 2352 2.9828 0.305 -200.501 70 0
9.5126 0 2352 5.89418 0.289 -46.9667 70 0
9.51321 0 2352 5.89418 0.289 -46.9667 70 0
9.51374 0 2352 5.89418 0.289 -46.9667 70 0
9.51415 0 2352 5.89418 0.289 -46.9667 70 0
9.51466 0 2352 5.89418 0.289 -46.9667 70 0
9.51512 0 2352 5.89418 0.289 -46.9667 70 0
9.51556 0 2352 5.89418 0.289 -46.9667 70 0
9.51599 0 2352 5.89418 0.289 -46.9667 70 0
9.51641 0 2352 5.89418 0.289 -46.9667 70 0
9.51693 0 2352 5.89418 0.289 -46.9667 70 0
9.51751 0 2352 5.89418 0.289 -46.9667 70 0
9.51814 0 2352 5.89418 0.289 -46.9667 70 0
9.51874 0 2352 5.89418 0.289 -46.9667 70 0
9.51928 0 2352 5.89418 0.289 -46.9667 70 0
9.51984 0 2352 5.89418 0.289 -46.9667 70 0
9.52045 0 2352 5.89418 0.289 -46.9667 70 0
9.52089 0 2352 5.89418 0.289 -46.9667 70 0
9.52146 0 2352 5.89418 0.289 -46.9667 70 0
9.52202 0 2352 5.89418 0.289 -46.9667 70 0
9.5227 0 2352 5.89418 0.289 -46.9667 70 0
9.52322 0 2352 8.80007 0.278 106.842 70 0
9.52377 0 2352 8.80007 0.278 106.842 70 0
9.52421 0 2352 8.80007 0.278 106.842 70 0
9.52474 0 2352 8.80007 0.278 106.842 70 0
9.52524 0 2352 8.80007 0.278 106.842 70 0
9.5257 0 2352 8.80007 0.278 106.842 70 0
9.52615 0 2352 8.80007 0.278 106.842 70 0
9.52659 0 2352 8.80007 0.278 106.842 70 0
9.52707 0 2352 8.80007 0.278 106.842 70 0
9.52749 0 2352 8.80007 0.278 106.842 70 0
9.52802 0 2352 8.80007 0.278 106.842 70 0
9.52847 0 2352 8.80007 0.278 106.842 70 0
9.52896 0 2352 8.80007 0.278 106.842 70 0
9.52941 0 2352 8.80007 0.278 106.842 70 0
9.52988 0 2352 8.80007 0.278 106.842 70 0
9.53036 0 2352 8.80007 0.278 106.842 70 0
9.5308 0 2352 8.80007 0.278 106.842 70 0
9.53125 0 2352 8.80007 0.278 106.842 70 0
9.53169 0 2352 8.80007 0.278 106.842 70 0
9.53211 0 2352 8.80007 0.278 106.842 70 0
9.53264 0 2352 8.80007 0.278 106.842 70 0
9.53313 0 2352 11.6895 0.27 260.651 70 0
9.5336 0 2352 11.6895 0.27 260.651 70 0
9.53407 0 2352 11.6895 0.27 260.651 70 0
9.53463 0 2352 11.6895 0.27 260.651 70 0
9.53509 0 2352 11.6895 0.27 260.651 70 0
9.53556 0 2352 11.6895 0.27 260.651 70 0
9.53608 0 2352 11.6895 0.27 260.651 70 0
9.53653 0 2352 11.6895 0.27 260.651 70 0
9.53709 0 2352 11.6895 0.27 260.651 70 0
9.53753 0 2352 11.6895 0.27 260.651 70 0
9.53811 0 2352 11.6895 0.27 260.651 70 0
9.53859 0 2352 11.6895 0.27 260.651 70 0
9.53916 0 2352 11.6895 0.27 260.651 70 0
9.53962 0 2352 11.6895 0.27 260.651 70 0
9.54011 0 2352 11.6895 0.27 260.651 70 0
9.54061 0 2352 11.6895 0.27 260.651 70 0
9.54112 0 2352 11.6895 0.27 260.651 70 0
9.54156 0 2352 11.6895 0.27 260.651 70 0
9.54214 0 2352 11.6895 0.27 260.651 70 0
9.54265 0 2352 11.6895 0.27 260.651 70 0
9.54319 0 2352 14.5899 0.263 413.911 70 0
9.54371 0 2352 14.5899 0.263 413.911 70 0
9.54428 0 2352 14.5899 0.263 413.911 70 0
9.54473 0 2352 14.5899 0.263 413.911 70 0
9.54528 0 2352 14.5899 0.263 413.911 70 0
9.54574 0 2352 14.5899 0.263 413.911 70 0
9.54617 0 2352 14.5899 0.263 413.911 70 0
9.54676 0 2352 14.5899 0.263 413.911 70 0
9.54723 0 2352 14.5899 0.263 413.911 70 0
9.54782 0 2352 14.5899 0.263 413.911 70 0
9.54832 0 2352 14.5899 0.263 413.911 70 0
9.54883 0 2352 14.5899 0.263 413.911 70 0
9.54935 0 2352 14.5899 0.263 413.911 70 0
9.54984 0 2352 14.5899 0.263 413.911 70 0
9.55031 0 2352 14.5899 0.263 413.911 70 0
9.55087 0 2352 14.5899 0.263 413.911 70 0
9.55136 0 2352 14.5899 0.263 413.911 70 0
9.55192 0 2352 14.5899 0.263 413.911 70 0
9.55237 0 2352 14.5899 0.263 413.911 70 0
9.5529 0 2352 17.4408 0.335 567.72 70 0
9.55344 0 2352 17.4408 0.335 567.72 70 0
9.55395 0 2352 17.4408 0.335 567.72 70 0
9.55439 0 2352 17.4408 0.335 567.72 70 0
9.55487 0 2352 17.4408 0.335 567.72 70 0
9.55534 0 2352 17.4408 0.335 567.72 70 0
9.5558 0 2352 17.4408 0.335 567.72 70 0
9.55624 0 2352 17.4408 0.335 567.72 70 0
9.55673 0 2352 17.4408 0.335 567.72 70 0
9.55719 0 2352 17.4408 0.335 567.72 70 0
9.55764 0 2352 17.4408 0.335 567.72 70 0
9.55809 0 2352 17.4408 0.335 567.72 70 0
9.55859 0 2352 17.4408 0.335 567.72 70 0
9.55905 0 2352 17.4408 0.335 567.72 70 0
9.5595 0 2352 17.4408 0.335 567.72 70 0
9.55999 0 2352 17.4408 0.335 567.72 70 0
9.5605 0 2352 17.4408 0.335 567.72 70 0
9.56091 0 2352 17.4408 0.335 567.72 70 0
9.5614 0 2352 17.4408 0.335 567.72 70 0
9.56193 0 2352 17.4408 0.335 567.72 70 0
9.56239 0 2352 17.4408 0.335 567.72 70 0
9.56294 0 2352 20.3412 0.331 722.353 70 0
9.56346 0 2352 20.3412 0.331 722.353 70 0
10.5887 0 -2352 23.9777 -0.396 933.016 -70 0
10.5904 0 -2352 23.9777 -0.396 933.016 -70 0
10.5921 0 -2352 23.9777 -0.396 933.016 -70 0
10.5938 0 -2352 23.9777 -0.396 933.016 -70 0
10.5955 0 -2352 23.9777 -0.396 933.016 -70 0
10.597 0 -2352 22.1924 -0.339 844.027 -70 0
10.5985 0 -2352 22.1924 -0.339 844.027 -70 0
10.5995 0 -2352 22.1924 -0.339 844.027 -70 0
10.6006 0 -2352 22.1924 -0.339 844.027 -70 0
10.6017 0 -2352 22.1924 -0.339 844.027 -70 0
10.6028 0 -2352 22.1924 -0.339 844.027 -70 0
10.6041 0 -2352 22.1924 -0.339 844.027 -70 0
10.6053 0 -2352 22.1924 -0.339 844.027 -70 0
10.6063 0 -2352 22.1924 -0.339 844.027 -70 0
10.6071 0 -2352 22.1924 -0.339 844.027 -70 0
10.6082 0 -2352 19.8578 -0.335 722.078 -70 0
10.6092 0 -2352 19.8578 -0.335 722.078 -70 0
10.6102 0 -2352 19.8578 -0.335 722.078 -70 0
10.6112 0 -2352 19.8578 -0.335 722.078 -70 0
10.6121 0 -2352 19.8578 -0.335 722.078 -70 0
10.6131 0 -2352 19.8578 -0.335 722.078 -70 0
10.6142 0 -2352 19.8578 -0.335 722.078 -70 0
10.6153 0 -2352 19.8578 -0.335 722.078 -70 0
10.6163 0 -2352 19.8578 -0.335 722.078 -70 0
10.6172 0 -2352 19.8578 -0.335 722.078 -70 0
10.618 0 -2352 17.1497 -0.297 581.727 -70 0
10.6191 0 -2352 17.1497 -0.297 581.727 -70 0
10.6199 0 -2352 17.1497 -0.297 581.727 -70 0
10.6207 0 -2352 17.1497 -0.297 581.727 -70 0
10.6214 0 -2352 17.1497 -0.297 581.727 -70 0
10.6222 0 -2352 17.1497 -0.297 581.727 -70 0
10.6231 0 -2352 17.1497 -0.297 581.727 -70 0
10.6241 0 -2352 17.1497 -0.297 581.727 -70 0
10.625 0 -2352 17.1497 -0.297 581.727 -70 0
10.6258 0 -2352 17.1497 -0.297 581.727 -70 0
10.6267 0 -2352 17.1497 -0.297 581.727 -70 0
10.6276 0 -2352 17.1497 -0.297 581.727 -70 0
10.6287 0 -2352 14.3097 -0.255 432.038 -70 0
10.6298 0 -2352 14.3097 -0.255 432.038 -70 0
10.6308 0 -2352 14.3097 -0.255 432.038 -70 0
10.6317 0 -2352 14.3097 -0.255 432.038 -70 0
10.6326 0 -2352 14.3097 -0.255 432.038 -70 0
10.6336 0 -2352 14.3097 -0.255 432.038 -70 0
10.6346 0 -2352 14.3097 -0.255 432.038 -70 0
10.6356 0 -2352 14.3097 -0.255 432.038 -70 0
10.6367 0 -2352 14.3097 -0.255 432.038 -70 0
10.6377 0 -2352 14.3097 -0.255 432.038 -70 0
10.6388 0 -2352 11.3599 -0.347 275.758 -70 0
10.6399 0 -2352 11.3599 -0.347 275.758 -70 0
10.6411 0 -2352 11.3599 -0.347 275.758 -70 0
10.6421 0 -2352 11.3599 -0.347 275.758 -70 0
10.6432 0 -2352 11.3599 -0.347 275.758 -70 0
10.6443 0 -2352 11.3599 -0.347 275.758 -70 0
10.6452 0 -2352 11.3599 -0.347 275.758 -70 0
10.6462 0 -2352 11.3599 -0.347 275.758 -70 0
10.6471 0 -2352 11.3599 -0.347 275.758 -70 0
10.6479 0 -2352 11.3599 -0.347 275.758 -70 0
10.6487 0 -2352 8.33864 -0.335 116.455 -70 0
10.6494 0 -2352 8.33864 -0.335 116.455 -70 0
10.6501 0 -2352 8.33864 -0.335 116.455 -70 0
10.6507 0 -2352 8.33864 -0.335 116.455 -70 0
10.6515 0 -2352 8.33864 -0.335 116.455 -70 0
10.6521 0 -2352 8.33864 -0.335 116.455 -70 0
10.6526 0 -2352 8.33864 -0.335 116.455 -70 0
10.6531 0 -2352 8.33864 -0.335 116.455 -70 0
10.6536 0 -2352 8.33864 -0.335 116.455 -70 0
10.6542 0 -2352 8.33864 -0.335 116.455 -70 0
10.6546 0 -2352 8.33864 -0.335 116.455 -70 0
10.6551 0 -2352 8.33864 -0.335 116.455 -70 0
10.6556 0 -2352 8.33864 -0.335 116.455 -70 0
10.6561 0 -2352 8.33864 -0.335 116.455 -70 0
10.6565 0 -2352 8.33864 -0.335 116.455 -70 0
10.657 0 -2352 8.33864 -0.335 116.455 -70 0
10.6574 0 -2352 8.33864 -0.335 116.455 -70 0
10.6579 0 -2352 8.33864 -0.335 116.455 -70 0
10.6584 0 -2352 5.3174 -0.312 -44.2201 -70 0
10.6589 0 -2352 5.3174 -0.312 -44.2201 -70 0
10.6594 0 -2352 5.3174 -0.312 -44.2201 -70 0
10.6599 0 -2352 5.3174 -0.312 -44.2201 -70 0
10.6604 0 -2352 5.3174 -0.312 -44.2201 -70 0
10.6608 0 -2352 5.3174 -0.312 -44.2201 -70 0
10.6613 0 -2352 5.3174 -0.312 -44.2201 -70 0
10.6618 0 -2352 5.3174 -0.312 -44.2201 -70 0
10.6623 0 -2352 5.3174 -0.312 -44.2201 -70 0
10.6628 0 -2352 5.3174 -0.312 -44.2201 -70 0
10.6632 0 -2352 5.3174 -0.312 -44.2201 -70 0
10.6637 0 -2352 5.3174 -0.312 -44.2201 -70 0
10.6642 0 -2352 5.3174 -0.312 -44.2201 -70 0
10.6647 0 -2352 5.3174 -0.312 -44.2201 -70 0
10.6652 0 -2352 5.3174 -0.312 -44.2201 -70 0
10.6656 0 -2352 5.3174 -0.312 -44.2201 -70 0
10.6662 0 -2352 5.3174 -0.312 -44.2201 -70 0
10.6667 0 -2352 5.3174 -0.312 -44.2201 -70 0
10.6672 0 -2352 5.3174 -0.312 -44.2201 -70 0
10.6677 0 -2352 5.3174 -0.312 -44.2201 -70 0
10.6682 0 -2352 5.3174 -0.312 -44.2201 -70 0
10.6687 0 -2352 2.23572 -0.255 -289.216 -70 0
10.6693 0 -2352 2.23572 -0.255 -289.216 -70 0
10.6697 0 -2352 2.23572 -0.255 -289.216 -70 0
10.6702 0 -2352 2.23572 -0.255 -289.216 -70 0
10.6707 0 -2352 2.23572 -0.255 -289.216 -70 0
10.6712 0 -2352 2.23572 -0.255 -289.216 -70 0
10.6717 0 -2352 2.23572 -0.255 -289.216 -70 0
10.6722 0 -2352 2.23572 -0.255 -289.216 -70 0
10.6727 0 -2352 2.23572 -0.255 -289.216 -70 0
10.6731 0 -2352 2.23572 -0.255 -289.216 -70 0
10.6736 0 -2352 2.23572 -0.255 -289.216 -70 0
10.6741 0 -2352 2.23572 -0.255 -289.216 -70 0
10.6746 0 -2352 2.23572 -0.255 -289.216 -70 0
10.6751 0 -2352 2.23572 -0.255 -289.216 -70 0
10.6755 0 -2352 2.23572 -0.255 -289.216 -70 0
10.6759 0 -2352 2.23572 -0.255 -289.216 -70 0
10.6764 0 -2352 2.23572 -0.255 -289.216 -70 0
10.6768 0 -2352 2.23572 -0.255 -289.216 -70 0
10.6773 0 -2352 2.23572 -0.255 -289.216 -70 0
10.6777 0 -2352 2.23572 -0.255 -289.216 -70 0
10.6782 0 -2352 2.23572 -0.255 -289.216 -70 0
10.6786 0 -2352 -2.36756 -0.362 -452.912 -70 0
10.6791 0 -2352 -2.36756 -0.362 -452.912 -70 0
10.6796 0 -2352 -2.36756 -0.362 -452.912 -70 0
10.6801 0 -2352 -2.36756 -0.362 -452.912 -70 0
10.6805 0 -2352 -2.36756 -0.362 -452.912 -70 0
10.681 0 -2352 -2.36756 -0.362 -452.912 -70 0
10.6815 0 -2352 -2.36756 -0.362 -452.912 -70 0
10.682 0 -2352 -2.36756 -0.362 -452.912 -70 0
10.6825 0 -2352 -2.36756 -0.362 -452.912 -70 0
10.683 0 -2352 -2.36756 -0.362 -452.912 -70 0
10.6834 0 -2352 -2.36756 -0.362 -452.912 -70 0
10.6839 0 -2352 -2.36756 -0.362 -452.912 -70 0
10.6843 0 -2352 -2.36756 -0.362 -452.912 -70 0
10.6848 0 -2352 -2.36756 -0.362 -452.912 -70 0
10.6853 0 -2352 -2.36756 -0.362 -452.912 -70 0
10.6858 0 -2352 -2.36756 -0.362 -452.912 -70 0
10.6863 0 -2352 -2.36756 -0.362 -452.912 -70 0
10.6868 0 -2352 -2.36756 -0.362 -452.912 -70 0
10.6873 0 -2352 -2.36756 -0.362 -452.912 -70 0
10.6879 0 -2352 -2.36756 -0.362 -452.912 -70 0
10.6884 0 -2352 -6.99831 -0.282 -698.183 -70 0
10.6889 0 -2352 -6.99831 -0.282 -698.183 -70 0
10.6895 0 -2352 -6.99831 -0.282 -698.183 -70 0
10.69 0 -2352 -6.99831 -0.282 -698.183 -70 0
10.6906 0 -2352 -6.99831 -0.282 -698.183 -70 0
10.691 0 -2352 -6.99831 -0.282 -698.183 -70 0
10.6914 0 -2352 -6.99831 -0.282 -698.183 -70 0
10.6919 0 -2352 -6.99831 -0.282 -698.183 -70 0
10.6923 0 -2352 -6.99831 -0.282 -698.183 -70 0
10.6928 0 -2352 -6.99831 -0.282 -698.183 -70 0
10.6932 0 -2352 -6.99831 -0.282 -698.183 -70 0
10.6937 0 -2352 -6.99831 -0.282 -698.183 -70 0
10.6941 0 -2352 -6.99831 -0.282 -698.183 -70 0
10.6946 0 -2352 -6.99831 -0.282 -698.183 -70 0
10.6951 0 -2352 -6.99831 -0.282 -698.183 -70 0
10.6955 0 -2352 -6.99831 -0.282 -698.183 -70 0
10.696 0 -2352 -6.99831 -0.282 -698.183 -70 0
10.6964 0 -2352 -6.99831 -0.282 -698.183 -70 0
10.6969 0 -2352 -6.99831 -0.282 -698.183 -70 0
10.6973 0 -2352 -6.99831 -0.282 -698.183 -70 0
10.6978 0 -2352 -6.99831 -0.282 -698.183 -70 0
10.6982 0 -2352 -6.99831 -0.282 -698.183 -70 0
10.6988 0 -2352 -10.0635 -0.274 -861.88 -70 0
10.6993 0 -2352 -10.0635 -0.274 -861.88 -70 0
10.6999 0 -2352 -10.0635 -0.274 -861.88 -70 0
10.7005 0 -2352 -10.0635 -0.274 -861.88 -70 0
10.701 0 -2352 -10.0635 -0.274 -861.88 -70 0
10.7015 0 -2352 -10.0635 -0.274 -861.88 -70 0
10.7019 0 -2352 -10.0635 -0.274 -861.88 -70 0
10.7024 0 -2352 -10.0635 -0.274 -861.88 -70 0
10.7029 0 -2352 -10.0635 -0.274 -861.88 -70 0
10.7034 0 -2352 -10.0635 -0.274 -861.88 -70 0
10.7039 0 -2352 -10.0635 -0.274 -861.88 -70 0
10.7043 0 -2352 -10.0635 -0.274 -861.88 -70 0
10.7048 0 -2352 -10.0635 -0.274 -861.88 -70 0
10.7053 0 -2352 -10.0635 -0.274 -861.88 -70 0
10.7058 0 -2352 -10.0635 -0.274 -861.88 -70 0
10.7063 0 -2352 -10.0635 -0.274 -861.88 -70 0
10.7068 0 -2352 -10.0635 -0.274 -861.88 -70 0
10.7072 0 -2352 -10.0635 -0.274 -861.88 -70 0
10.7077 0 -2352 -10.0635 -0.274 -861.88 -70 0
10.7082 0 -2352 -10.0635 -0.274 -861.88 -70 0
10.7087 0 -2352 -13.1562 -0.259 -1026.13 -70 0
10.7092 0 -2352 -13.1562 -0.259 -1026.13 -70 0
10.7097 0 -2352 -13.1562 -0.259 -1026.13 -70 0
10.7102 0 -2352 -13.1562 -0.259 -1026.13 -70 0
10.7106 0 -2352 -13.1562 -0.259 -1026.13 -70 0
10.7111 0 -2352 -13.1562 -0.259 -1026.13 -70 0
10.7116 0 -2352 -13.1562 -0.259 -1026.13 -70 0
10.712 0 -2352 -13.1562 -0.259 -1026.13 -70 0
10.7125 0 -2352 -13.1562 -0.259 -1026.13 -70 0
10.7129 0 -2352 -13.1562 -0.259 -1026.13 -70 0
10.7134 0 -2352 -13.1562 -0.259 -1026.13 -70 0
10.7139 0 -2352 -13.1562 -0.259 -1026.13 -70 0
10.7144 0 -2352 -13.1562 -0.259 -1026.13 -70 0
10.7149 0 -2352 -13.1562 -0.259 -1026.13 -70 0
10.7153 0 -2352 -13.1562 -0.259 -1026.13 -70 0
10.7158 0 -2352 -13.1562 -0.259 -1026.13 -70 0
10.7162 0 -2352 -13.1562 -0.259 -1026.13 -70 0
10.7167 0 -2352 -13.1562 -0.259 -1026.13 -70 0
10.7171 0 -2352 -13.1562 -0.259 -1026.13 -70 0
10.7176 0 -2352 -13.1562 -0.259 -1026.13 -70 0
10.718 0 -2352 -13.1562 -0.259 -1026.13 -70 0
10.7185 0 -2352 -13.1562 -0.259 -1026.13 -70 0
10.7189 0 -2352 -16.1884 -0.35 -1187.62 -70 0
10.7194 0 -2352 -16.1884 -0.35 -1187.62 -70 0
10.7199 0 -2352 -16.1884 -0.35 -1187.62 -70 0
10.7203 0 -2352 -16.1884 -0.35 -1187.62 -70 0
10.7208 0 -2352 -16.1884 -0.35 -1187.62 -70 0
10.7213 0 -2352 -16.1884 -0.35 -1187.62 -70 0
10.7217 0 -2352 -16.1884 -0.35 -1187.62 -70 0
10.7221 0 -2352 -16.1884 -0.35 -1187.62 -70 0
10.7226 0 -2352 -16.1884 -0.35 -1187.62 -70 0
10.723 0 -2352 -16.1884 -0.35 -1187.62 -70 0
10.7235 0 -2352 -16.1884 -0.35 -1187.62 -70 0
10.7239 0 -2352 -16.1884 -0.35 -1187.62 -70 0
10.7244 0 -2352 -16.1884 -0.35 -1187.62 -70 0
10.7248 0 -2352 -16.1884 -0.35 -1187.62 -70 0
10.7253 0 -2352 -16.1884 -0.35 -1187.62 -70 0
10.7257 0 -2352 -16.1884 -0.35 -1187.62 -70 0
10.7262 0 -2352 -16.1884 -0.35 -1187.62 -70 0
10.7266 0 -2352 -16.1884 -0.35 -1187.62 -70 0
10.7272 0 -2352 -16.1884 -0.35 -1187.62 -70 0
10.7276 0 -2352 -16.1884 -0.35 -1187.62 -70 0
10.7281 0 -2352 -16.1884 -0.35 -1187.62 -70 0
10.7285 0 -2352 -16.1884 -0.35 -1187.62 -70 0
10.729 0 -2352 -19.2041 -0.335 -1347.2 -70 0
10.7294 0 -2352 -19.2041 -0.335 -1347.2 -70 0
10.7299 0 -2352 -19.2041 -0.335 -1347.2 -70 0
10.7303 0 -2352 -19.2041 -0.335 -1347.2 -70 0
10.7308 0 -2352 -19.2041 -0.335 -1347.2 -70 0
10.7313 0 -2352 -19.2041 -0.335 -1347.2 -70 0
10.7317 0 -2352 -19.2041 -0.335 -1347.2 -70 0
10.7322 0 -2352 -19.2041 -0.335 -1347.2 -70 0
10.7327 0 -2352 -19.2041 -0.335 -1347.2 -70 0
10.7332 0 -2352 -19.2041 -0.335 -1347.2 -70 0
10.7337 0 -2352 -19.2041 -0.335 -1347.2 -70 0
10.7341 0 -2352 -19.2041 -0.335 -1347.2 -70 0
10.7346 0 -2352 -19.2041 -0.335 -1347.2 -70 0
10.7351 0 -2352 -19.2041 -0.335 -1347.2 -70 0
10.7355 0 -2352 -19.2041 -0.335 -1347.2 -70 0
10.736 0 -2352 -19.2041 -0.335 -1347.2 -70 0
10.7364 0 -2352 -19.2041 -0.335 -1347.2 -70 0
10.7369 0 -2352 -19.2041 -0.335 -1347.2 -70 0
10.7374 0 -2352 -19.2041 -0.335 -1347.2 -70 0
10.7379 0 -2352 -19.2041 -0.335 -1347.2 -70 0
10.7383 0 -2352 -19.2041 -0.335 -1347.2 -70 0
10.7388 0 -2352 -22.2089 -0.324 -1505.41 -70 0
10.7393 0 -2352 -22.2089 -0.324 -1505.41 -70 0
10.7397 0 -2352 -22.2089 -0.324 -1505.41 -70 0
