0.0191464 0 410 0.0219727 -0.072 -407.594 -12.8869 0
0.0232453 0 410 0.0219727 -0.064 -407.594 -12.9167 0
0.0283659 0 408 0.0219727 -0.064 -407.594 -12.9167 0
0.0334158 0 392 0.0219727 -0.068 -407.594 -13.006 0
0.0384834 -0.0164795 351 0.0219727 -0.068 -407.594 -13.006 0
0.0435698 -0.0384522 272 0.0219727 -0.08 -407.594 -14.7024 0
0.0486376 -0.0714113 157 0.0219727 -0.08 -407.594 -14.7024 0
0.0496006 -0.0714113 157 0.0219727 -0.08 -407.594 -14.7024 0
0.0536761 -0.126343 -23 0.0164795 -0.099 -407.868 -20.2083 0
0.0587342 -0.192261 -133 0.0164795 -0.099 -407.868 -20.2083 0
0.0596275 -0.192261 -133 0.0164795 -0.099 -407.868 -20.2083 0
0.0638869 -0.285645 -169 -0.0164795 -0.125 -411.714 -24.881 0
0.0690153 -0.395509 -262 -0.0164795 -0.125 -411.714 -24.881 0
0.0742207 -0.527345 -512 -0.181275 -0.038 -428.193 -11.5179 0
0.0791638 -0.686647 -866 -0.181275 -0.038 -428.193 -11.5179 0
0.084233 -0.873415 -1134 -0.302125 -0.083 -439.18 -19.1369 0
0.0893226 -1.08216 -1184 -0.302125 -0.083 -439.18 -19.1369 0
0.0943711 -1.31287 -1055 -0.60425 -0.122 -454.286 -28.5714 0
0.099515 -1.57654 -979 -0.60425 -0.122 -454.286 -28.5714 0
0.104585 -1.86219 -1080 -1.15906 -0.186 -477.082 -32.7083 0
0.109678 -2.1753 -1318 -1.15906 -0.186 -477.082 -32.7083 0
0.114676 -2.51038 -1481 -1.66443 -0.228 -502.351 -42.5 0
0.119784 -2.87293 -1461 -1.66443 -0.228 -502.351 -42.5 0
0.124913 -3.25745 -1292 -2.32361 -0.213 -537.507 -42.1429 0
0.135128 -4.09791 -1055 -3.21351 -0.087 -586.946 -21.8155 0
0.140313 -4.54835 -1112 -3.21351 -0.087 -586.946 -21.8155 0
0.150335 -5.49867 -1285 -4.09791 -0.091 -629.243 -25.3571 0
0.155221 -6.00404 -1438 -5.00428 -0.205 -666.872 -46.4881 0
0.16049 -6.5204 -1535 -5.00428 -0.205 -666.872 -46.4881 0
0.165355 -7.04775 -1426 -5.94911 -0.228 -717.958 -46.1905 0
0.170621 -7.58608 -1199 -5.94911 -0.228 -717.958 -46.1905 0
0.17548 -8.1354 -1089 -7.11366 -0.038 -784.426 -18.9583 0
0.18077 -8.69021 -1184 -7.11366 -0.038 -784.426 -18.9583 0
0.190772 -9.81081 -1678 -8.22329 -0.129 -831.667 -35.3571 0
0.195867 -10.3711 -1649 -9.20107 -0.354 -876.711 -58.3333 0
0.206168 -11.4917 -982 -10.4315 -0.087 -950.045 -22.619 0
0.211055 -12.041 -917 -10.4315 -0.087 -950.045 -22.619 0
0.221359 -13.1232 -1520 -11.6565 -0.057 -1006.35 -20.9524 0
0.231494 -14.6558 -979 -12.5629 -0.35 -1041.23 -60.9226 0
0.236476 -15.1392 -788 -14.2548 -0.011 -1143.13 -8.42262 0
0.246429 -16.0456 -1260 -15.2051 -0.122 -1179.93 -30.0298 0
0.251865 -16.4685 -1481 -15.2051 -0.122 -1179.93 -30.0298 0
0.262003 -17.2431 -1161 -15.9192 -0.293 -1212.07 -53.3333 0
0.266747 -17.6001 -804 -16.7926 -0.102 -1265.63 -22.8571 0
0.272013 -17.9242 -630 -16.7926 -0.102 -1265.63 -22.8571 0
0.276958 -18.2319 -684 -17.6276 -0.011 -1307.1 -7.58929 0
0.282127 -18.5065 -812 -17.6276 -0.011 -1307.1 -7.58929 0
0.287064 -18.7592 -811 -18.155 -0.11 -1327.43 -25.8333 0
0.292201 -18.9844 -690 -18.155 -0.11 -1327.43 -25.8333 0
0.297236 -19.1877 -623 -18.6713 -0.11 -1352.69 -23.0357 0
0.302241 -19.3635 -698 -18.6713 -0.11 -1352.69 -23.0357 0
0.307283 -19.5118 -841 -19.0448 -0.099 -1371.92 -22.0833 0
0.312315 -19.6381 -920 -19.0448 -0.099 -1371.92 -22.0833 0
0.317414 -19.7425 -881 -19.2591 -0.152 -1381.53 -30.9524 0
0.322343 -19.8249 -788 -19.2591 -0.152 -1381.53 -30.9524 0
0.327382 -19.8908 -713 -19.4843 -0.164 -1393.34 -25.8631 0
0.332505 -19.9347 -750 -19.4843 -0.164 -1393.34 -25.8631 0
0.337548 -19.9677 -793 -19.6052 -0.144 -1399.11 -25.2679 0
0.34258 -19.9842 -810 -19.6052 -0.144 -1399.11 -25.2679 0
0.343486 -19.9842 -810 -19.6052 -0.144 -1399.11 -25.2679 0
0.347793 -19.9952 -776 -19.6381 -0.16 -1400.49 -27.619 0
0.352944 -19.9952 -748 -19.6381 -0.16 -1400.49 -27.619 0
1.3633 -19.9952 -735 -19.7205 -0.156 -1403.51 -25.0595 0
1.37204 -19.9952 -726 -19.726 -0.152 -1403.51 -25.0893 0
1.37711 -19.9952 -720 -19.726 -0.152 -1403.51 -25.0893 0
1.38208 -19.9897 -707 -19.726 -0.152 -1403.51 -24.881 0
1.38723 -19.9842 -682 -19.726 -0.152 -1403.51 -24.881 0
1.39218 -19.9732 -643 -19.726 -0.156 -1403.51 -23.7202 0
1.39756 -19.9567 -587 -19.726 -0.156 -1403.51 -23.7202 0
1.40248 -19.9347 -512 -19.726 -0.114 -1403.51 -20.8631 0
1.40756 -19.9073 -415 -19.726 -0.114 -1403.51 -20.8631 0
1.4126 -19.8688 -293 -19.726 -0.072 -1403.51 -15.7143 0
1.41788 -19.8304 -154 -19.726 -0.072 -1403.51 -15.7143 0
1.42797 -19.7205 230 -19.7205 -0.034 -1403.51 -7.64881 0
1.43824 -19.5722 573 -19.7205 -0.022 -1403.51 3.80952 0
1.4484 -19.3854 597 -19.6711 0.061 -1401.86 15.7738 0
1.45342 -19.2756 503 -19.4898 0.057 -1391.97 14.7917 0
1.45838 -19.1492 506 -19.4898 0.057 -1391.97 14.7917 0
1.46352 -19.0174 607 -19.2316 0.03 -1377.69 9.22619 0
1.46876 -18.8746 750 -19.2316 0.03 -1377.69 9.22619 0
1.47365 -18.7153 839 -19.0229 0.064 -1366.98 15.9524 0
1.47881 -18.545 866 -19.0229 0.064 -1366.98 15.9524 0
1.48369 -18.3637 841 -18.7317 0.072 -1352.15 19.1369 0
1.48869 -18.1714 889 -18.7317 0.072 -1352.15 19.1369 0
1.49382 -17.9627 1001 -18.3582 0.102 -1335.12 22.9762 0
1.49898 -17.743 1168 -18.3582 0.102 -1335.12 22.9762 0
1.50403 -17.5068 1265 -18.0121 0.171 -1318.36 32.7381 0
1.51401 -17.0014 1105 -17.5507 0.175 -1296.66 37.619 0
1.51921 -16.7322 972 -17.5507 0.175 -1296.66 37.619 0
1.52416 -16.4466 876 -16.941 0.118 -1266.18 29.5536 0
1.52928 -16.1444 833 -16.941 0.118 -1266.18 29.5536 0
1.53435 -15.8368 913 -16.3202 0.087 -1234.59 24.5833 0
1.53954 -15.5127 1046 -16.3202 0.087 -1234.59 24.5833 0
1.5445 -15.1776 1147 -15.7434 0.076 -1201.91 22.6488 0
1.54977 -14.8261 1194 -15.7434 0.076 -1201.91 22.6488 0
1.55464 -14.469 1236 -15.1007 0.099 -1168.67 24.7619 0
1.55973 -14.0955 1330 -15.1007 0.099 -1168.67 24.7619 0
1.56482 -13.711 1455 -14.4086 0.202 -1139.56 40.5655 0
1.57014 -13.3155 1437 -14.4086 0.202 -1139.56 40.5655 0
1.57486 -12.909 1181 -13.656 0.236 -1102.76 45.2381 0
1.58015 -12.4915 827 -13.656 0.236 -1102.76 45.2381 0
1.58525 -12.063 674 -12.6563 0.099 -1052.49 26.5476 0
1.59524 -11.1731 1361 -11.8103 0.053 -1005.53 19.1071 0
1.60036 -10.7117 1641 -11.8103 0.053 -1005.53 19.1071 0
1.61045 -9.76687 1460 -11.1127 0.259 -950.869 48.6607 0
1.62061 -8.78908 947 -9.53616 0.186 -898.135 39.1369 0
1.62562 -8.2892 1011 -8.50893 0.053 -839.358 20.3869 0
1.63064 -7.77834 1302 -8.50893 0.053 -839.358 20.3869 0
1.63566 -7.26198 1588 -8.08046 0.144 -795.687 36.131 0
1.64096 -6.74013 1715 -8.08046 0.144 -795.687 36.131 0
1.64607 -6.21278 1622 -7.1631 0.274 -752.565 55.7738 0
1.65097 -5.67995 1280 -7.1631 0.274 -752.565 55.7738 0
1.66134 -4.59779 780 -5.97658 0.076 -721.254 46.1905 0
1.6714 -2.94434 1933 -4.32862 0.049 -627.321 20.2679 0
1.68166 -1.82923 1082 -3.42774 0.312 -562.227 57.9167 0
1.68677 -1.26892 766 -2.06543 0.175 -525.148 38.9583 0
1.69158 -0.70862 1031 -2.06543 0.175 -525.148 38.9583 0
1.69661 -0.148316 1606 -0.928347 0.015 -457.032 13.9881 0
1.70197 0.411988 1980 -0.928347 0.015 -457.032 13.9881 0
1.71216 1.5326 1262 -0.0769045 0.32 -421.052 56.2798 0
1.722 2.6532 715 1.25244 0.244 -360.902 48.0952 0
1.7271 3.20802 1362 2.52686 -0.015 -285.92 8.3631 0
1.73238 3.76283 1962 2.52686 -0.015 -285.92 8.3631 0
1.73729 4.31214 2011 3.27943 0.213 -250.214 49.494 0
1.74239 4.85597 1470 3.27943 0.213 -250.214 49.494 0
1.74747 5.3943 779 4.51539 0.259 -197.48 53.7798 0
1.75265 5.93263 609 4.51539 0.259 -197.48 53.7798 0
1.75765 6.46547 1132 5.83925 -0.011 -121.674 8.15476 0
1.76297 6.98732 1789 5.83925 -0.011 -121.674 8.15476 0
1.77325 8.02004 1633 6.55885 0.164 -84.0456 39.8214 0
1.78304 9.02529 559 7.63552 0.328 -40.6495 56.9643 0
1.7882 9.51418 649 8.94289 0.038 29.6632 15.0595 0
1.79841 10.4645 1770 9.72842 0.064 74.4326 22.9762 0
1.80338 10.9314 1837 9.72842 0.064 74.4326 22.9762 0
1.81376 11.8268 888 10.4865 0.263 106.842 53.0952 0
1.81869 12.2608 591 11.6565 0.144 161.499 32.9167 0
1.82873 13.1012 1097 12.5629 0.015 213.41 14.1667 0
1.83388 13.5022 1418 12.5629 0.015 213.41 14.1667 0
1.84405 14.2713 1353 13.1781 0.11 246.094 30.9821 0
1.85423 14.9909 1007 13.9692 0.179 280.701 39.0774 0
1.8643 15.6665 796 14.7876 0.148 319.978 32.5298 0
1.86943 15.9851 649 15.5237 0.091 358.979 21.4286 0
1.87432 16.2873 640 15.5237 0.091 358.979 21.4286 0
1.87943 16.5784 817 16.1884 0.041 393.312 14.7917 0
1.88464 16.8586 1084 16.1884 0.041 393.312 14.7917 0
1.88956 17.1277 1218 16.6333 0.11 416.383 26.2798 0
1.89454 17.3804 1212 16.6333 0.11 416.383 26.2798 0
1.89968 17.6221 1092 17.1167 0.129 441.102 28.9881 0
1.90488 17.8473 956 17.1167 0.129 441.102 28.9881 0
1.9149 18.2648 923 17.6606 0.144 464.723 28.5417 0
1.92002 18.4516 922 18.0835 0.148 483.674 32.4702 0
1.93038 18.7922 690 18.4736 0.091 506.196 23.631 0
1.94045 19.0833 469 18.8691 0.041 527.07 13.0357 0
1.94555 19.2096 512 18.8691 0.041 527.07 13.0357 0
1.95573 19.4294 624 19.1492 0.03 540.803 12.2917 0
1.96054 19.5282 579 19.3415 0.053 551.515 13.0655 0
1.96568 19.6106 537 19.3415 0.053 551.515 13.0655 0
1.97051 19.6821 565 19.5447 0.038 561.677 10.4762 0
1.97566 19.748 665 19.5447 0.038 561.677 10.4762 0
1.98602 19.8523 716 19.6436 0.057 566.896 14.0476 0
1.99095 19.8908 689 19.7315 0.049 572.938 12.1429 0
2.00103 19.9457 666 19.8139 0.057 576.509 12.0833 0
2.006 19.9622 685 19.8139 0.057 576.509 12.0833 0
2.01641 19.9952 662 19.8578 0.057 578.706 12.1131 0
2.02125 19.9952 653 19.8908 0.03 580.904 10.5655 0
2.02651 19.9952 638 19.8908 0.03 580.904 10.5655 0
2.03164 19.9952 629 19.9018 0.041 581.453 9.88095 0
3.04291 19.9952 618 19.9238 0.045 582.277 10.8631 0
3.05186 19.9952 617 19.9238 0.053 582.277 10.8631 0
3.0622 19.9897 597 19.9238 0.045 582.277 10.8631 0
3.0723 19.9732 532 19.9238 0.045 582.277 10.2679 0
3.07725 19.9567 476 19.9238 0.041 582.277 8.3631 0
3.08237 19.9347 400 19.9238 0.041 582.277 8.3631 0
3.08735 19.9073 302 19.9238 0.011 582.277 4.43452 0
3.09239 19.8743 179 19.9238 0.011 582.277 4.43452 0
3.09746 19.8304 30 19.9238 -0.003 582.277 -2.08333 0
3.10243 19.7809 -137 19.9238 -0.003 582.277 -2.08333 0
3.1075 19.7205 -336 19.9183 -0.034 582.002 -11.2202 0
3.1128 19.6491 -558 19.9183 -0.034 582.002 -11.2202 0
3.11781 19.5722 -757 19.9128 -0.133 581.178 -22.8869 0
3.12269 19.4843 -905 19.9128 -0.133 581.178 -22.8869 0
3.12792 19.3854 -994 19.8414 -0.156 575.41 -28.3333 0
3.13803 19.1547 -923 19.6546 -0.167 566.072 -30.744 0
3.14332 19.0174 -881 19.6546 -0.167 566.072 -30.744 0
3.15327 18.7153 -1048 19.3689 -0.175 553.163 -30.4464 0
3.15823 18.545 -1085 19.1163 -0.152 537.507 -29.375 0
3.16347 18.3637 -1060 19.1163 -0.152 537.507 -29.375 0
3.17355 17.9627 -923 18.7647 -0.133 519.655 -28.869 0
3.17862 17.743 -937 18.3252 -0.11 496.858 -23.3036 0
3.18874 17.2596 -878 17.8693 -0.083 472.688 -20.2679 0
3.19387 17.0014 -787 17.8693 -0.083 472.688 -20.2679 0
3.20393 16.4466 -847 17.3255 -0.068 446.87 -19.1964 0
3.20896 16.1444 -1008 16.7817 -0.137 422.975 -27.5298 0
3.2193 15.5127 -1279 16.2598 -0.202 397.706 -38.3929 0
3.2295 14.8261 -1323 15.6556 -0.225 366.395 -41.9345 0
3.23462 14.469 -1240 15.6556 -0.225 366.395 -41.9345 0
3.23952 14.0955 -1132 14.914 -0.137 324.372 -28.3036 0
3.24485 13.711 -1046 14.914 -0.137 324.372 -28.3036 0
3.2497 13.3155 -981 14.101 -0.053 281.525 -17.8869 0
3.25979 12.4915 -1121 13.2825 -0.102 246.644 -28.869 0
3.26493 12.063 -1306 13.2825 -0.102 246.644 -28.869 0
3.27495 11.1731 -1494 12.5244 -0.213 211.762 -44.4345 0
3.2852 10.2448 -1164 11.6895 -0.198 166.169 -42.0238 0
3.29006 9.77236 -931 10.6678 -0.061 110.138 -21.8452 0
3.30015 8.78908 -1120 9.62954 -0.175 64.2702 -40.8036 0
3.31039 7.77834 -1687 8.80007 -0.278 26.9166 -52.4405 0
3.3155 7.26747 -1571 8.80007 -0.278 26.9166 -52.4405 0
3.32043 6.74562 -1227 7.80031 -0.198 -30.4871 -39.6131 0
3.32555 6.21278 -942 7.80031 -0.198 -30.4871 -39.6131 0
3.3306 5.67995 -945 6.56984 -0.022 -95.3066 -13.9881 0
3.33557 5.14161 -1274 6.56984 -0.022 -95.3066 -13.9881 0
3.34063 4.59779 -1668 5.59205 -0.255 -133.759 -45.5952 0
3.34576 4.05396 -1778 5.59205 -0.255 -133.759 -45.5952 0
3.35094 3.49915 -1526 4.64723 -0.305 -182.373 -58.006 0
3.35612 2.94984 -1063 4.64723 -0.305 -182.373 -58.006 0
3.36097 2.38953 -812 3.33436 -0.03 -259.278 -12.9464 0
3.37105 1.26892 -1454 2.19727 -0.118 -305.421 -33.0357 0
3.3763 0.70862 -1816 2.19727 -0.118 -305.421 -33.0357 0
3.38645 -0.972292 -881 1.31287 -0.335 -345.796 -65.9226 0
3.39657 -2.0929 -1356 -0.642702 0.034 -458.68 -6.54762 0
3.40153 -2.6532 -1791 -1.62598 -0.247 -492.463 -52.9762 0
3.41175 -3.75733 -1415 -2.60377 -0.312 -545.747 -58.0655 0
3.41686 -4.30665 -878 -2.60377 -0.312 -545.747 -58.0655 0
3.42696 -5.3943 -1059 -3.98255 0.045 -626.772 -4.07738 0
3.43713 -6.45998 -1817 -5.01527 -0.209 -662.477 -42.9167 0
3.44705 -7.50917 -1044 -5.86671 -0.389 -706.423 -62.619 0
3.45731 -8.52541 -916 -7.13564 0.003 -783.876 -10.0893 0
3.46208 -9.0198 -1352 -8.19033 -0.106 -825.899 -28.5714 0
3.4675 -9.51418 -1674 -8.19033 -0.106 -825.899 -28.5714 0
3.47264 -9.99209 -1640 -8.95937 -0.335 -859.682 -61.131 0
3.47748 -10.4645 -1297 -8.95937 -0.335 -859.682 -61.131 0
3.48763 -11.3819 -733 -10.025 0.007 -956.088 -8.06548 0
3.49267 -11.8268 -847 -11.1017 -0.11 -990.969 -28.9881 0
3.49766 -12.2608 -1099 -11.1017 -0.11 -990.969 -28.9881 0
3.503 -12.6837 -1333 -11.8762 -0.259 -1024.48 -48.6012 0
3.50776 -13.1012 -1396 -11.8762 -0.259 -1024.48 -48.6012 0
3.51281 -13.5022 -1304 -12.6288 -0.152 -1072.54 -33.3929 0
3.51817 -13.8922 -1095 -12.6288 -0.152 -1072.54 -33.3929 0
3.52819 -14.6393 -823 -13.5077 -0.038 -1118.69 -17.4107 0
3.53818 -15.337 -979 -14.6723 -0.091 -1152.74 -21.6964 0
3.54324 -15.6665 -1030 -14.9854 -0.156 -1180.76 -33.4524 0
3.54845 -15.9851 -1105 -14.9854 -0.156 -1180.76 -33.4524 0
3.55369 -16.2873 -1203 -15.6006 -0.144 -1210.97 -35.4167 0
3.55837 -16.5784 -1255 -15.6006 -0.144 -1210.97 -35.4167 0
3.56383 -16.8586 -1205 -16.1554 -0.194 -1239.81 -34.9107 0
3.57391 -17.3804 -863 -16.7597 -0.091 -1273.04 -19.8214 0
3.57872 -17.6166 -735 -16.7597 -0.091 -1273.04 -19.8214 0
3.58897 -18.0616 -706 -17.342 -0.034 -1301.06 -10.2083 0
3.59396 -18.2648 -720 -17.7924 -0.095 -1317.26 -19.7917 0
3.60404 -18.6274 -616 -18.1934 -0.095 -1326.05 -20.6548 0
3.60916 -18.7922 -594 -18.1934 -0.095 -1326.05 -20.6548 0
3.61432 -18.9405 -634 -18.556 -0.076 -1351.32 -19.7619 0
3.61912 -19.0833 -691 -18.556 -0.076 -1351.32 -19.7619 0
3.62454 -19.2096 -774 -18.8196 -0.133 -1362.03 -25.3274 0
3.62968 -19.325 -835 -18.8196 -0.133 -1362.03 -25.3274 0
3.6347 -19.4294 -858 -19.0229 -0.152 -1366.43 -28.3036 0
3.63956 -19.5282 -852 -19.0229 -0.152 -1366.43 -28.3036 0
3.64487 -19.6106 -810 -19.2206 -0.118 -1382.08 -25.2381 0
3.6498 -19.6821 -791 -19.2206 -0.118 -1382.08 -25.2381 0
3.65998 -19.8029 -847 -19.3964 -0.171 -1387.85 -27.6488 0
3.66528 -19.8523 -858 -19.5008 -0.198 -1392.8 -28.0357 0
3.67505 -19.9183 -837 -19.5887 -0.156 -1396.64 -27.4107 0
3.68537 -19.9622 -839 -19.6436 -0.171 -1398.29 -28.6012 0
3.69537 -19.9897 -816 -19.6821 -0.152 -1399.94 -27.5893 0
3.70039 -19.9952 -798 -19.6821 -0.152 -1399.94 -27.5893 0
3.70574 -19.9952 -800 -19.704 -0.137 -1401.03 -26.25 0
3.71072 -19.9952 -785 -19.704 -0.137 -1401.03 -26.25 0
4.72165 -19.9952 -747 -19.7699 -0.144 -1402.96 -25.1488 0
4.73071 -19.9952 -748 -19.7699 -0.137 -1402.96 -25.1786 0
4.73555 -19.9952 -746 -19.7699 -0.137 -1402.96 -25.1786 0
4.74065 -19.9952 -737 -19.7699 -0.133 -1402.96 -24.8512 0
4.74583 -19.9897 -720 -19.7699 -0.133 -1402.96 -24.8512 0
4.75072 -19.9787 -690 -19.7699 -0.137 -1402.96 -23.3929 0
4.75598 -19.9677 -644 -19.7699 -0.137 -1402.96 -23.3929 0
4.7612 -19.9512 -581 -19.7699 -0.11 -1402.96 -20.1488 0
4.77144 -19.8963 -390 -19.7699 -0.064 -1402.96 -14.4643 0
4.77634 -19.8578 -258 -19.7699 -0.064 -1402.96 -14.4643 0
4.7866 -19.7535 72 -19.7699 -0.045 -1402.68 -6.30952 0
4.79142 -19.6216 480 -19.7645 0.041 -1402.41 12.3214 0
4.79643 -19.5392 615 -19.7645 0.041 -1402.41 12.3214 0
4.80158 -19.4458 604 -19.6052 0.064 -1396.09 18.0655 0
4.80632 -19.3415 525 -19.6052 0.064 -1396.09 18.0655 0
4.81169 -19.2261 476 -19.4788 0.03 -1381.81 11.1012 0
4.82186 -18.9624 651 -19.2316 0.038 -1369.72 13.4821 0
4.82666 -18.8141 773 -19.2316 0.038 -1369.72 13.4821 0
4.83208 -18.6493 860 -19.0174 0.102 -1363.96 19.7024 0
4.84201 -18.2868 888 -18.7153 0.091 -1340.06 21.9643 0
4.85243 -17.8748 1074 -18.3417 0.144 -1331.82 31.25 0
4.86255 -17.4134 1279 -17.9847 0.198 -1304.08 38.4821 0
4.86768 -17.1607 1209 -17.9847 0.198 -1304.08 38.4821 0
4.8727 -16.897 1088 -17.4903 0.186 -1290.07 35.5655 0
4.87766 -16.6169 983 -17.4903 0.186 -1290.07 35.5655 0
4.88283 -16.3257 886 -16.8805 0.137 -1259.86 29.1667 0
4.88783 -16.0236 852 -16.8805 0.137 -1259.86 29.1667 0
4.89796 -15.3809 1014 -16.2488 0.11 -1228.55 25.8333 0
4.90296 -15.0403 1170 -15.6501 0.076 -1194.49 22.0833 0
4.91301 -14.3207 1294 -15.0183 0.102 -1162.36 27.5298 0
4.9181 -13.9417 1385 -15.0183 0.102 -1162.36 27.5298 0
4.92333 -13.5517 1449 -14.3207 0.225 -1132.69 43.1548 0
4.92854 -13.1507 1361 -14.3207 0.225 -1132.69 43.1548 0
4.93332 -12.7442 1072 -13.5242 0.202 -1092.87 42.5 0
4.93868 -12.3212 763 -13.5242 0.202 -1092.87 42.5 0
4.94365 -11.8872 701 -12.519 0.057 -1041.78 22.9762 0
4.9489 -11.4423 1012 -12.519 0.057 -1041.78 22.9762 0
4.95885 -10.5304 1700 -11.7115 0.061 -997.836 22.7083 0
4.96396 -10.058 1660 -10.9918 0.202 -962.13 43.7202 0
4.9742 -9.08572 1064 -9.95364 0.24 -915.438 45.7143 0
4.98433 -8.08596 1022 -8.82754 0.08 -855.562 23.6905 0
4.98943 -7.57509 1381 -8.82754 0.08 -855.562 23.6905 0
4.99444 -7.05873 1696 -7.94863 0.091 -806.673 27.7083 0
4.9996 -6.53139 1784 -7.94863 0.091 -806.673 27.7083 0
5.00457 -6.00404 1584 -7.02028 0.278 -767.672 55.1488 0
5.00966 -5.46571 1133 -7.02028 0.278 -767.672 55.1488 0
5.01476 -4.92738 728 -5.76784 0.164 -706.148 38.0952 0
5.01987 -4.38356 838 -5.76784 0.164 -706.148 38.0952 0
5.03003 -3.27943 1916 -4.59779 0.011 -640.504 14.4643 0
5.03481 -2.72462 1919 -3.80128 0.205 -602.602 50.2679 0
5.04509 -1.6095 891 -2.55982 0.232 -547.12 50.7143 0
5.05005 -1.0492 731 -2.55982 0.232 -547.12 50.7143 0
5.05539 -0.4834 1190 -1.23047 0 -472.688 12.4702 0
5.06554 0.637209 2034 -0.411988 0.202 -431.214 43.244 0
5.07066 1.19751 1714 -0.411988 0.202 -431.214 43.244 0
5.07555 1.75782 1024 0.736086 0.4 -382.874 59.7619 0
5.08565 2.87293 837 2.19178 0.003 -304.047 12.2619 0
5.09081 3.42774 1616 2.19178 0.003 -304.047 12.2619 0
5.09573 3.97706 2086 2.99927 0.133 -259.003 34.256 0
5.1009 4.52638 1909 2.99927 0.133 -259.003 34.256 0
5.1059 5.0702 1228 4.01551 0.343 -217.53 62.4405 0
5.11076 5.60853 597 4.01551 0.343 -217.53 62.4405 0
5.11609 6.14687 680 5.4712 0.019 -141.449 16.8452 0
5.12099 6.67421 1377 5.4712 0.019 -141.449 16.8452 0
5.13137 7.71242 1961 6.31166 0.045 -92.0107 24.6131 0
5.13642 8.22329 1429 7.18508 0.293 -57.129 60.2976 0
5.14661 9.70644 778 8.5364 0.122 9.06374 27.9167 0
5.15659 10.6513 1865 9.81081 0.114 80.2004 31.756 0
5.16145 11.1127 1746 9.81081 0.114 80.2004 31.756 0
5.16677 11.5631 1266 10.6513 0.247 117.005 51.9643 0
5.17179 12.0026 741 10.6513 0.247 117.005 51.9643 0
5.17681 12.4311 555 11.8268 0.091 173.584 26.9345 0
5.18695 13.2605 1194 12.6618 0.03 221.924 14.7321 0
5.19192 13.656 1480 12.6618 0.03 221.924 14.7321 0
5.20214 14.4196 1297 13.2715 0.167 252.412 35.2083 0
5.20719 14.7821 1104 14.0845 0.179 288.666 38.9286 0
5.21251 15.1282 994 14.0845 0.179 288.666 38.9286 0
5.21752 15.4688 898 14.8865 0.144 328.492 30.2083 0
5.22264 15.7929 739 14.8865 0.144 328.492 30.2083 0
5.22751 16.106 622 15.6226 0.076 367.494 18.0655 0
5.23274 16.4081 663 15.6226 0.076 367.494 18.0655 0
5.23755 16.6938 860 16.2543 0.076 398.805 16.6667 0
5.24289 16.9684 1090 16.2543 0.076 398.805 16.6667 0
5.25312 17.4738 1211 16.6938 0.11 421.601 27.6786 0
5.25786 17.71 1131 17.1717 0.125 446.595 28.7202 0
5.26305 17.9352 996 17.1717 0.125 446.595 28.7202 0
5.26817 18.144 922 17.688 0.141 468.843 30.0595 0
5.27337 18.3417 899 17.688 0.141 468.843 30.0595 0
5.2783 18.523 861 18.122 0.144 488.618 31.1905 0
5.28335 18.6933 778 18.122 0.144 488.618 31.1905 0
5.28845 18.8526 671 18.512 0.102 511.415 20.744 0
5.29336 19.0009 560 18.512 0.102 511.415 20.744 0
5.2986 19.1327 504 18.8801 0.041 530.641 12.5595 0
5.30355 19.2591 531 18.8801 0.041 530.641 12.5595 0
5.30868 19.3689 577 19.1492 0.045 543.275 13.1548 0
5.31363 19.4733 574 19.1492 0.045 543.275 13.1548 0
5.31873 19.5612 553 19.347 0.045 554.536 11.8452 0
5.32405 19.6381 544 19.347 0.045 554.536 11.8452 0
5.32893 19.7095 569 19.5282 0.053 563.325 11.25 0
5.33907 19.8249 637 19.6381 0.053 568.544 14.0476 0
5.3442 19.8688 655 19.6381 0.053 568.544 14.0476 0
5.35434 19.9292 642 19.7205 0.053 574.037 12.5595 0
5.35942 19.9512 635 19.7919 0.053 577.333 12.5 0
5.36446 19.9732 637 19.7919 0.053 577.333 12.5 0
5.37451 19.9897 629 19.8304 0.064 580.354 11.5774 0
5.37977 19.9952 617 19.8523 0.038 580.904 11.25 0
5.38992 19.9952 607 19.8633 0.026 581.453 10.8929 0
6.40181 19.9952 609 19.8853 0.053 582.277 11.8452 0
6.41028 19.9952 609 19.8853 0.057 582.277 11.875 0
6.42041 19.9952 598 19.8853 0.053 582.277 11.875 0
6.43054 19.9787 549 19.8853 0.049 582.277 11.5476 0
6.44059 19.9512 439 19.8853 0.041 582.277 10.0893 0
6.44562 19.9238 355 19.8853 0.03 582.277 6.84524 0
6.45572 19.8578 115 19.8853 0.003 582.277 1.16071 0
6.4607 19.8084 -44 19.8853 0.003 582.277 1.16071 0
6.46595 19.7535 -234 19.8853 -0.03 582.277 -7.52976 0
6.47597 19.6216 -653 19.8798 -0.099 581.727 -18.631 0
6.48127 19.5392 -836 19.8798 -0.099 581.727 -18.631 0
6.49131 19.3415 -949 19.8414 -0.133 578.432 -27.9464 0
6.49627 19.0998 -920 19.6766 -0.175 569.093 -29.0179 0
6.50155 18.9624 -942 19.6766 -0.175 569.093 -29.0179 0
6.50634 18.8141 -997 19.292 -0.156 550.966 -30.7738 0
6.51157 18.6493 -1056 19.292 -0.156 550.966 -30.7738 0
6.51659 18.4736 -1073 19.0119 -0.141 534.486 -29.0179 0
6.52171 18.2868 -1037 19.0119 -0.141 534.486 -29.0179 0
6.5267 18.089 -988 18.6438 -0.152 515.809 -27.8274 0
6.5318 17.8748 -974 18.6438 -0.152 515.809 -27.8274 0
6.53699 17.6496 -947 18.2154 -0.133 493.562 -24.494 0
6.54211 17.4134 -890 18.2154 -0.133 493.562 -24.494 0
6.54702 17.1607 -781 17.7265 -0.087 468.019 -19.6726 0
6.55231 16.897 -698 17.7265 -0.087 468.019 -19.6726 0
6.55728 16.6169 -767 17.1552 -0.072 441.651 -18.5417 0
6.5626 16.3257 -939 17.1552 -0.072 441.651 -18.5417 0
6.57268 15.7105 -1205 16.6553 -0.152 418.855 -30.2381 0
6.58277 15.0403 -1350 16.1115 -0.194 391.938 -38.7202 0
6.58768 14.6833 -1319 15.4798 -0.194 359.254 -40.4464 0
6.59287 14.3207 -1224 15.4798 -0.194 359.254 -40.4464 0
6.59769 13.9417 -1104 14.7272 -0.106 316.407 -26.1012 0
6.60284 13.5517 -985 14.7272 -0.106 316.407 -26.1012 0
6.60791 13.1507 -926 13.8922 -0.064 274.384 -18.3929 0
6.61335 12.7442 -1021 13.8922 -0.064 274.384 -18.3929 0
6.6232 11.8872 -1411 13.0902 -0.11 240.601 -32.5893 0
6.62818 11.4423 -1512 12.3432 -0.255 204.621 -46.756 0
6.63354 10.9918 -1483 12.3432 -0.255 204.621 -46.756 0
6.63831 10.5304 -1276 11.4698 -0.202 156.006 -38.869 0
6.64326 10.058 -1015 11.4698 -0.202 156.006 -38.869 0
6.65367 9.08572 -967 10.3986 -0.053 99.4265 -18.3333 0
6.65855 8.59133 -1313 9.41531 -0.144 57.6784 -32.3512 0
6.66868 7.57509 -1660 8.60232 -0.274 17.8528 -53.7202 0
6.67884 6.53139 -1073 7.51467 -0.129 -44.2201 -31.7262 0
6.68395 6.00404 -882 7.51467 -0.129 -44.2201 -31.7262 0
6.69418 4.92738 -1440 6.30617 -0.03 -104.645 -15.744 0
6.70426 3.83424 -1734 5.38881 -0.255 -140.9 -52.3512 0
6.70915 3.27943 -1342 4.37806 -0.228 -196.381 -50.7738 0
6.71928 2.16981 -779 3.02674 0 -271.912 -8.83929 0
6.72948 1.0492 -1647 1.98304 -0.194 -311.463 -42.8571 0
6.7346 0.4834 -1885 1.98304 -0.194 -311.463 -42.8571 0
6.73954 -0.0714113 -1635 1.07117 -0.37 -358.155 -62.6488 0
6.74474 -0.637209 -1076 1.07117 -0.37 -358.155 -62.6488 0
6.75491 -1.75782 -1008 -0.285645 -0.015 -439.18 -11.1012 0
6.76503 -2.87293 -1918 -1.42823 -0.129 -484.498 -33.631 0
6.77481 -3.97706 -1159 -2.28516 -0.27 -523.5 -68.75 0
6.78 -4.52638 -693 -3.60902 0.038 -638.307 -1.90476 0
6.78522 -5.0702 -751 -3.60902 0.038 -638.307 -1.90476 0
6.7951 -6.14687 -1790 -4.81752 -0.278 -667.421 -54.0774 0
6.80538 -7.19606 -1350 -5.59205 -0.301 -719.881 -55.625 0
6.81029 -7.71242 -842 -6.77309 -0.125 -760.805 -24.8512 0
6.81559 -8.22329 -742 -6.77309 -0.125 -760.805 -24.8512 0
6.8205 -8.72317 -1097 -7.9706 -0.011 -817.934 -12.7083 0
6.82559 -9.21755 -1571 -7.9706 -0.011 -817.934 -12.7083 0
6.83075 -9.70644 -1737 -8.73415 -0.328 -845.125 -59.9702 0
6.8357 -10.1844 -1518 -8.73415 -0.328 -845.125 -59.9702 0
6.84085 -10.6513 -1094 -9.71194 -0.213 -902.804 -40.3869 0
6.8458 -11.1127 -763 -9.71194 -0.213 -902.804 -40.3869 0
6.8562 -12.0026 -930 -10.86 0.015 -965.426 -6.72619 0
6.86644 -12.854 -1406 -11.7005 -0.141 -995.913 -35.9821 0
6.8765 -14.0461 -985 -12.4146 -0.24 -1033.54 -46.1607 0
6.88675 -14.7821 -814 -13.7275 -0.095 -1104.95 -21.5774 0
6.89149 -15.1282 -896 -14.513 -0.053 -1143.68 -17.5893 0
6.89657 -15.4688 -974 -14.513 -0.053 -1143.68 -17.5893 0
6.90179 -15.7929 -1056 -15.1557 -0.164 -1186.8 -33.3333 0
6.90668 -16.106 -1161 -15.1557 -0.164 -1186.8 -33.3333 0
6.91172 -16.4081 -1221 -15.7434 -0.183 -1201.91 -35.3869 0
6.91674 -16.6938 -1217 -15.7434 -0.183 -1201.91 -35.3869 0
6.92191 -16.9684 -1140 -16.3147 -0.171 -1245.58 -33.244 0
6.92702 -17.2266 -987 -16.3147 -0.171 -1245.58 -33.244 0
6.93722 -17.71 -681 -16.9135 -0.057 -1262.33 -15.9226 0
6.94756 -18.144 -693 -17.4848 -0.034 -1304.08 -12.0833 0
6.95254 -18.3417 -689 -17.9133 -0.099 -1319.74 -21.756 0
6.95748 -18.523 -622 -17.9133 -0.099 -1319.74 -21.756 0
6.96255 -18.6933 -587 -18.3143 -0.087 -1329.35 -20.8929 0
6.96784 -18.8526 -606 -18.3143 -0.087 -1329.35 -20.8929 0
6.97797 -19.1327 -737 -18.6493 -0.091 -1346.93 -18.6905 0
6.98813 -19.3689 -858 -18.8965 -0.148 -1359.01 -22.8571 0
6.99824 -19.5612 -817 -19.0943 -0.129 -1368.35 -27.8869 0
7.00315 -19.6381 -799 -19.2975 -0.129 -1378.51 -26.6369 0
7.00824 -19.7095 -804 -19.2975 -0.129 -1378.51 -26.6369 0
7.01332 -19.7699 -854 -19.4513 -0.133 -1386.2 -26.25 0
7.02366 -19.8688 -834 -19.5502 -0.141 -1390.87 -28.2738 0
7.02885 -19.9018 -787 -19.5502 -0.141 -1390.87 -28.2738 0
7.03903 -19.9512 -825 -19.6491 -0.16 -1396.09 -25.744 0
7.04412 -19.9732 -846 -19.693 -0.167 -1398.01 -27.1131 0
7.05436 -19.9897 -820 -19.7205 -0.16 -1399.39 -27.2917 0
7.05913 -19.9952 -788 -19.7205 -0.16 -1399.39 -27.2917 0
7.06934 -19.9952 -761 -19.7425 -0.144 -1400.76 -25.744 0
8.08034 -19.9952 -809 -19.7809 -0.152 -1402.41 -25.4762 0
8.08881 -19.9952 -810 -19.7809 -0.152 -1402.41 -25.506 0
8.09889 -19.9952 -799 -19.7809 -0.144 -1402.41 -25.4464 0
8.10428 -19.9897 -781 -19.7809 -0.144 -1402.41 -25.4464 0
8.11403 -19.9677 -706 -19.7809 -0.133 -1402.41 -24.6429 0
8.11895 -19.9512 -642 -19.7809 -0.118 -1402.41 -22.381 0
8.12411 -19.9238 -558 -19.7809 -0.118 -1402.41 -22.381 0
8.1291 -19.8963 -451 -19.7809 -0.095 -1402.41 -17.9762 0
8.13425 -19.8578 -319 -19.7809 -0.095 -1402.41 -17.9762 0
8.1395 -19.8084 -159 -19.7809 -0.064 -1402.41 -10.8631 0
8.14446 -19.7535 30 -19.7809 -0.064 -1402.41 -10.8631 0
8.15483 -19.6216 448 -19.7809 -0.003 -1402.41 -0.446429 0
8.15976 -19.5392 593 -19.7645 0.045 -1401.86 12.5595 0
8.16472 -19.4458 601 -19.7645 0.045 -1401.86 12.5595 0
8.17 -19.3415 503 -19.6326 0.08 -1395.27 17.1429 0
8.175 -19.2261 453 -19.6326 0.08 -1395.27 17.1429 0
8.18523 -18.9624 619 -19.3689 0.038 -1380.98 10.1786 0
8.19014 -18.8141 779 -19.1547 0.041 -1369.17 13.0952 0
8.20037 -18.4736 893 -18.913 0.11 -1356.81 19.9107 0
8.20556 -18.2868 905 -18.913 0.11 -1356.81 19.9107 0
8.21063 -18.089 932 -18.5614 0.091 -1339.51 21.6071 0
8.21582 -17.8748 1053 -18.5614 0.091 -1339.51 21.6071 0
8.22078 -17.6496 1180 -18.1879 0.137 -1323.58 31.4583 0
8.2259 -17.4134 1247 -18.1879 0.137 -1323.58 31.4583 0
8.23089 -17.1607 1216 -17.7814 0.171 -1303.26 37.5595 0
8.23591 -16.897 1134 -17.7814 0.171 -1303.26 37.5595 0
8.24093 -16.6169 1001 -17.2321 0.141 -1274.97 32.4702 0
8.24596 -16.3257 893 -17.2321 0.141 -1274.97 32.4702 0
8.25621 -15.7105 861 -16.5949 0.122 -1243.93 27.0238 0
8.26118 -15.3809 1002 -15.9632 0.091 -1210.97 22.9464 0
8.27155 -14.6833 1272 -15.3809 0.099 -1177.46 22.9167 0
8.27639 -13.9417 1364 -15.3809 0.099 -1177.46 22.9167 0
8.28161 -13.5517 1419 -14.3427 0.19 -1132.14 42.7976 0
8.28675 -13.1507 1331 -14.3427 0.19 -1132.14 42.7976 0
8.29152 -12.7442 1080 -13.5407 0.213 -1092.04 41.5476 0
8.29684 -12.3212 790 -13.5407 0.213 -1092.04 41.5476 0
8.30177 -11.8872 691 -12.5519 0.087 -1041.51 23.1548 0
8.3068 -11.4423 973 -12.5519 0.087 -1041.51 23.1548 0
8.31198 -10.9918 1425 -11.7279 0.091 -997.286 22.3214 0
8.31695 -10.5304 1670 -11.7279 0.091 -997.286 22.3214 0
8.32702 -9.57461 1409 -11.0138 0.202 -961.581 43.3333 0
8.33229 -9.08572 1054 -9.9866 0.236 -915.163 45.8929 0
8.34223 -8.08596 983 -8.84402 0.083 -855.013 23.3036 0
8.3475 -7.57509 1371 -8.84402 0.083 -855.013 23.3036 0
8.35265 -7.05873 1696 -7.9706 0.076 -806.398 27.8869 0
8.35747 -6.53139 1783 -7.9706 0.076 -806.398 27.8869 0
8.36263 -6.00404 1603 -7.04775 0.251 -767.122 54.7619 0
8.3676 -5.46571 1152 -7.04775 0.251 -767.122 54.7619 0
8.37291 -4.92738 719 -5.8008 0.152 -705.599 37.7083 0
8.37812 -4.38356 771 -5.8008 0.152 -705.599 37.7083 0
8.38306 -3.83424 1366 -4.60328 0.019 -639.681 13.5119 0
8.38797 -3.27943 1916 -4.60328 0.019 -639.681 13.5119 0
8.39831 -2.16981 1518 -3.82874 0.255 -602.327 50.4464 0
8.40329 -1.6095 872 -2.60377 0.27 -547.12 51.4583 0
8.40825 -1.0492 683 -2.60377 0.27 -547.12 51.4583 0
8.41341 -0.4834 1132 -1.24146 0 -472.413 12.619 0
8.4187 0.0714113 1814 -1.24146 0 -472.413 12.619 0
8.42358 0.637209 2073 -0.439454 0.19 -430.94 43.4226 0
8.42894 1.19751 1763 -0.439454 0.19 -430.94 43.4226 0
8.43897 2.31812 532 0.697634 0.328 -382.874 60.506 0
8.44397 2.87293 790 2.16981 -0.007 -303.773 12.4405 0
8.45433 3.97706 2077 2.9773 0.102 -258.454 33.8393 0
8.46442 5.0702 1220 3.98255 0.312 -217.53 63.1845 0
8.4695 5.60853 580 3.98255 0.312 -217.53 63.1845 0
8.4744 6.14687 633 5.44923 0.026 -140.9 16.4583 0
8.47961 6.67421 1360 5.44923 0.026 -140.9 16.4583 0
8.48453 7.19606 1980 6.28969 0.076 -91.4614 24.2262 0
8.48987 7.71242 2020 6.28969 0.076 -91.4614 24.2262 0
8.49468 8.22329 1479 7.14113 0.347 -57.129 61.0417 0
8.49986 8.72317 787 7.14113 0.347 -57.129 61.0417 0
8.50483 9.21755 432 8.50893 0.11 9.61306 27.5 0
8.51006 9.70644 723 8.50893 0.11 9.61306 27.5 0
8.52004 10.6513 1868 9.50869 0.015 66.1928 11.875 0
8.52504 11.1127 1787 10.1294 0.247 95.3066 49.9405 0
8.53538 12.0026 753 11.2061 0.198 144.745 41.8452 0
8.54546 12.854 756 12.2882 0.011 201.874 13.5417 0
8.55068 13.2605 1197 12.2882 0.011 201.874 13.5417 0
8.55549 13.656 1512 12.9309 0.091 237.58 25.4167 0
8.56084 14.0461 1527 12.9309 0.091 237.58 25.4167 0
8.571 14.7821 1097 13.6176 0.198 269.715 40.119 0
8.57568 15.1282 987 14.48 0.16 309.541 33.9286 0
8.58603 15.7929 752 15.2216 0.095 347.993 25.506 0
8.59096 16.106 626 15.2216 0.095 347.993 25.506 0
8.60127 16.6938 825 15.9412 0.022 385.621 13.6012 0
8.60615 16.9684 1074 16.4685 0.08 410.89 22.1429 0
8.61142 17.2266 1201 16.4685 0.08 410.89 22.1429 0
8.61635 17.71 1135 16.897 0.137 434.236 29.2857 0
8.6216 17.9352 1000 16.897 0.137 434.236 29.2857 0
8.62637 18.144 926 17.6606 0.141 469.392 29.6429 0
8.63169 18.3417 884 17.6606 0.141 469.392 29.6429 0
8.6416 18.6933 773 18.1 0.144 489.167 30.7738 0
8.64685 18.8526 676 18.49 0.091 511.964 20.3274 0
8.65703 19.1327 489 18.8581 0.053 531.465 11.5476 0
8.66709 19.3689 543 19.1272 0.045 543.825 12.7083 0
8.67221 19.4733 569 19.1272 0.045 543.825 12.7083 0
8.68243 19.6381 559 19.325 0.038 555.086 11.3988 0
8.69224 19.7699 584 19.4953 0.053 563.6 11.3988 0
8.69742 19.8249 603 19.6216 0.061 569.093 13.6012 0
8.70262 19.8688 621 19.6216 0.061 569.093 13.6012 0
8.70745 19.9018 642 19.704 0.049 574.861 11.5476 0
8.71253 19.9292 647 19.704 0.049 574.861 11.5476 0
8.71766 19.9512 640 19.7645 0.053 577.882 12.0536 0
8.7227 19.9732 632 19.7645 0.053 577.882 12.0536 0
8.728 19.9842 607 19.8084 0.057 579.805 12.1726 0
8.73315 19.9897 596 19.8084 0.057 579.805 12.1726 0
8.74331 19.9952 591 19.8359 0.053 581.453 10.8036 0
9.75972 19.9952 599 19.8688 0.049 582.826 11.2202 0
9.76862 19.9952 599 19.8688 0.057 582.826 11.2202 0
9.77349 19.9952 595 19.8688 0.053 582.826 11.25 0
9.77874 19.9952 585 19.8688 0.053 582.826 11.25 0
9.78345 19.9897 565 19.8688 0.057 582.826 10.8333 0
9.78871 19.9787 531 19.8688 0.057 582.826 10.8333 0
9.79348 19.9622 482 19.8688 0.034 582.826 9.22619 0
9.79888 19.9457 415 19.8688 0.034 582.826 9.22619 0
9.80367 19.9183 326 19.8688 0.015 582.826 5.77381 0
9.80883 19.8853 214 19.8688 0.015 582.826 5.77381 0
9.81394 19.8469 76 19.8688 0.003 582.826 -0.178571 0
9.81937 19.7974 -89 19.8688 0.003 582.826 -0.178571 0
9.82933 19.6766 -475 19.8688 -0.041 582.826 -9.22619 0
9.83939 19.5173 -860 19.8578 -0.106 582.002 -20.119 0
9.84942 19.3195 -969 19.8084 -0.152 577.608 -27.5893 0
9.85932 19.0723 -917 19.6381 -0.16 568.269 -29.1071 0
9.86952 18.7812 -1011 19.3744 -0.194 549.592 -30.4464 0
9.87425 18.6164 -1059 18.957 -0.141 532.838 -28.6012 0
9.87957 18.4406 -1055 18.957 -0.141 532.838 -28.6012 0
9.88446 18.2483 -1009 18.7812 -0.141 513.612 -26.8155 0
9.8896 18.0451 -969 18.7812 -0.141 513.612 -26.8155 0
9.89446 17.8309 -954 18.144 -0.106 491.09 -23.4524 0
9.89966 17.6056 -918 18.144 -0.106 491.09 -23.4524 0
9.90493 17.3639 -830 17.9023 -0.072 465.547 -19.1667 0
9.90995 17.1058 -759 17.9023 -0.072 465.547 -19.1667 0
9.91497 16.8421 -724 17.3639 -0.061 452.363 -20.2976 0
9.92014 16.5619 -821 17.3639 -0.061 452.363 -20.2976 0
9.92506 16.2653 -963 16.5784 -0.133 416.383 -30.8333 0
9.93545 15.6446 -1209 16.3092 -0.19 388.917 -38.6905 0
9.94053 15.3095 -1311 16.3092 -0.19 388.917 -38.6905 0
9.94568 14.9689 -1352 15.7215 -0.213 373.261 -40.5952 0
9.95041 14.6119 -1319 15.7215 -0.213 373.261 -40.5952 0
9.95562 14.2438 -1195 15.0238 -0.152 334.535 -32.7976 0
9.96089 13.8648 -1054 15.0238 -0.152 334.535 -32.7976 0
9.96559 13.4748 -934 14.1999 -0.061 290.589 -19.1369 0
9.97095 13.0738 -901 14.1999 -0.061 290.589 -19.1369 0
9.98109 12.2333 -1270 13.3649 -0.083 252.961 -23.4524 0
9.98595 11.7993 -1476 12.6288 -0.202 220.276 -42.7083 0
9.99101 11.3544 -1516 12.6288 -0.202 220.276 -42.7083 0
9.99625 10.8985 -1417 11.8213 -0.205 177.43 -45.1786 0
10.0014 10.437 -1188 11.8213 -0.205 177.43 -45.1786 0
10.0114 8.98684 -1022 10.8051 -0.11 121.674 -24.8214 0
10.0219 7.98708 -1664 9.31094 -0.152 54.3825 -35.2679 0
10.0267 7.47072 -1634 8.49245 -0.267 12.909 -53.5417 0
10.0319 6.95436 -1348 8.49245 -0.267 12.909 -53.5417 0
10.0418 5.89418 -888 7.36635 -0.091 -51.0866 -27.7976 0
10.0523 4.81752 -1529 6.17982 -0.049 -108.49 -18.3631 0
10.0571 4.27369 -1816 5.28444 -0.297 -144.471 -55.744 0
10.0671 3.16956 -1246 4.24073 -0.244 -203.522 -46.9048 0
10.0725 2.61475 -808 4.24073 -0.244 -203.522 -46.9048 0
10.0775 2.05445 -792 2.87293 0.007 -277.68 -7.94643 0
10.0828 1.49414 -1243 2.87293 0.007 -277.68 -7.94643 0
10.0875 0.93384 -1767 1.87867 -0.221 -314.484 -47.7679 0
10.0927 0.373536 -1910 1.87867 -0.221 -314.484 -47.7679 0
10.0977 -0.186768 -1525 0.944827 -0.312 -365.022 -59.5833 0
10.1029 -0.747072 -947 0.944827 -0.312 -365.022 -59.5833 0
10.1129 -1.86768 -1088 -0.455934 0.026 -446.046 -8.00595 0
10.1179 -2.42798 -1690 -1.53809 -0.171 -486.97 -39.6726 0
10.1282 -3.53761 -1677 -2.40052 -0.354 -529.817 -66.6667 0
10.1382 -4.63624 -628 -3.77381 -0.007 -612.215 -10.1488 0
10.1485 -5.7184 -1444 -4.92738 -0.099 -658.083 -28.125 0
10.1536 -6.25124 -1879 -4.92738 -0.099 -658.083 -28.125 0
10.1585 -6.77858 -1785 -5.69643 -0.408 -692.415 -68.3036 0
10.1689 -7.81679 -725 -6.9269 -0.064 -768.221 -19.7321 0
10.1741 -8.32216 -706 -6.9269 -0.064 -768.221 -19.7321 0
10.184 -9.31643 -1649 -8.10244 -0.019 -821.23 -15.8929 0
10.1942 -10.2777 -1459 -8.82754 -0.324 -849.245 -61.131 0
10.2042 -11.2061 -691 -9.84377 -0.167 -909.396 -36.0119 0
10.2093 -11.651 -723 -10.9918 0.007 -969.82 -6.54762 0
10.2143 -12.0905 -998 -10.9918 0.007 -969.82 -6.54762 0
10.2197 -12.519 -1305 -11.7884 -0.156 -998.66 -38.8393 0
10.2245 -12.9364 -1430 -11.7884 -0.156 -998.66 -38.8393 0
10.2295 -13.3429 -1344 -12.5135 -0.259 -1037.94 -45.119 0
10.2346 -13.7384 -1142 -12.5135 -0.259 -1037.94 -45.119 0
10.2397 -14.1175 -918 -13.3979 -0.125 -1086.28 -27.9464 0
10.2447 -14.491 -787 -13.3979 -0.125 -1086.28 -27.9464 0
10.2497 -14.8536 -826 -14.2548 -0.045 -1129.95 -15.6548 0
10.2549 -15.1996 -909 -14.2548 -0.045 -1129.95 -15.6548 0
10.26 -15.5347 -978 -14.925 -0.102 -1160.43 -25.8333 0
10.2701 -16.1664 -1195 -15.5347 -0.144 -1189.55 -33.7798 0
10.2753 -16.4631 -1256 -15.5347 -0.144 -1189.55 -33.7798 0
10.2855 -17.0179 -1089 -16.095 -0.164 -1218.94 -35.8631 0
10.2906 -17.2815 -928 -16.6993 -0.183 -1248.87 -31.4286 0
10.2955 -17.5232 -769 -16.6993 -0.183 -1248.87 -31.4286 0
10.3005 -17.7594 -670 -17.2925 -0.053 -1282.66 -13.6012 0
10.3055 -17.9792 -671 -17.2925 -0.053 -1282.66 -13.6012 0
10.3107 -18.1824 -712 -17.7759 -0.03 -1305.45 -13.2143 0
10.3157 -18.3747 -700 -17.7759 -0.03 -1305.45 -13.2143 0
10.3207 -18.556 -614 -18.1659 -0.118 -1321.38 -21.7857 0
10.3259 -18.7262 -590 -18.1659 -0.118 -1321.38 -21.7857 0
10.3308 -18.8855 -609 -18.5505 -0.091 -1340.34 -18.7798 0
10.336 -19.0284 -682 -18.5505 -0.091 -1340.34 -18.7798 0
10.3411 -19.1602 -762 -18.8251 -0.099 -1354.62 -20.3869 0
10.3461 -19.2811 -829 -18.8251 -0.099 -1354.62 -20.3869 0
10.3512 -19.3909 -867 -19.0339 -0.148 -1364.51 -26.1905 0
10.3564 -19.4898 -858 -19.0339 -0.148 -1364.51 -26.1905 0
10.3612 -19.6546 -805 -19.2371 -0.133 -1374.12 -27.8869 0
10.3662 -19.6546 -805 -19.2371 -0.133 -1374.12 -27.8869 0
10.3713 -19.7809 -857 -19.4184 -0.125 -1383.46 -25.744 0
10.3763 -19.8304 -850 -19.4184 -0.125 -1383.46 -25.744 0
10.3814 -19.8743 -796 -19.5832 -0.152 -1391.15 -28.2143 0
10.3868 -19.9073 -802 -19.5832 -0.152 -1391.15 -28.2143 0
10.3916 -19.9347 -832 -19.6711 -0.152 -1396.09 -25.9226 0
10.3969 -19.9567 -840 -19.6711 -0.152 -1396.09 -25.9226 0
10.4019 -19.9732 -838 -19.7095 -0.144 -1398.01 -27.0536 0
10.412 -19.9897 -797 -19.7425 -0.133 -1399.39 -27.0238 0
10.4172 -19.9952 -773 -19.7425 -0.133 -1399.39 -27.0238 0
10.4272 -19.9952 -753 -19.7699 -0.141 -1400.49 -25.8929 0
11.4387 -19.9952 -778 -19.8029 -0.164 -1402.41 -25.119 0
11.447 -19.9952 -778 -19.8029 -0.137 -1402.41 -25.119 0
11.4573 -19.9897 -761 -19.8029 -0.141 -1402.41 -24.6429 0
11.4624 -19.9842 -739 -19.8029 -0.141 -1402.41 -24.6429 0
11.4724 -19.9622 -650 -19.8029 -0.137 -1402.41 -22.8869 0
11.4778 -19.9402 -579 -19.8029 -0.099 -1402.41 -19.1964 0
11.4828 -19.9128 -486 -19.8029 -0.099 -1402.41 -19.1964 0
11.4878 -19.8798 -369 -19.8029 -0.057 -1402.41 -12.9464 0
11.4927 -19.8359 -226 -19.8029 -0.057 -1402.41 -12.9464 0
11.4979 -19.7919 -64 -19.8029 -0.015 -1402.13 -4.1369 0
11.503 -19.7315 128 -19.8029 -0.015 -1402.13 -4.1369 0
11.508 -19.6656 343 -19.7974 0.015 -1401.86 8.24405 0
11.5182 -19.5008 569 -19.7645 0.061 -1398.01 17.2619 0
11.5233 -19.4019 515 -19.7645 0.061 -1398.01 17.2619 0
11.5285 -19.2975 451 -19.5832 0.045 -1385.1 11.7857 0
11.5336 -19.1767 475 -19.5832 0.045 -1385.1 11.7857 0
11.5388 -19.0448 540 -19.3415 0.034 -1372.2 10.9821 0
11.5437 -18.902 655 -19.3415 0.034 -1372.2 10.9821 0
11.5489 -18.7482 785 -19.1218 0.068 -1360.93 18.5714 0
11.5539 -18.5834 861 -19.1218 0.068 -1360.93 18.5714 0
11.5588 -18.4021 904 -18.8581 0.076 -1344.73 20.9821 0
11.5641 -18.2099 943 -18.8581 0.076 -1344.73 20.9821 0
11.574 -17.7869 1099 -18.5065 0.083 -1336.22 23.2738 0
11.5794 -17.5562 1187 -18.1275 0.186 -1310.12 37.1131 0
11.5895 -17.0563 1192 -17.6935 0.198 -1298.04 37.381 0
11.5945 -16.7872 1089 -17.6935 0.198 -1298.04 37.381 0
11.5995 -16.5015 955 -17.1222 0.102 -1268.37 30.506 0
11.6042 -16.2049 837 -17.1222 0.102 -1268.37 30.506 0
11.6096 -15.8973 811 -16.474 0.091 -1221.41 25.119 0
11.6145 -15.5787 897 -16.474 0.091 -1221.41 25.119 0
11.6196 -15.2436 1066 -15.8588 0.087 -1204.65 23.6905 0
11.6245 -14.8975 1211 -15.8588 0.087 -1204.65 23.6905 0
11.6299 -14.5404 1293 -15.271 0.141 -1156.31 31.1607 0
11.6347 -14.1724 1350 -15.271 0.141 -1156.31 31.1607 0
11.64 -13.7879 1409 -14.5789 0.171 -1141.76 39.4345 0
11.6449 -13.3924 1423 -14.5789 0.171 -1141.76 39.4345 0
11.65 -12.9914 1274 -13.8263 0.202 -1105.78 45.3274 0
11.6603 -12.1454 695 -12.876 0.045 -1031.07 19.7024 0
11.6705 -11.261 1118 -11.9422 0.099 -989.596 25.4167 0
11.6807 -10.3382 1726 -11.272 0.221 -953.89 47.2321 0
11.6907 -9.38235 1259 -9.76138 0.167 -902.804 40.7738 0
11.6955 -8.88796 925 -9.76138 0.167 -902.804 40.7738 0
11.7006 -8.38808 849 -8.65175 0.049 -843.477 20.5655 0
11.7057 -7.88271 1106 -8.65175 0.049 -843.477 20.5655 0
11.7109 -7.36635 1542 -8.21779 0.129 -798.708 33.75 0
11.7158 -6.84999 1789 -8.21779 0.129 -798.708 33.75 0
11.721 -6.32265 1751 -7.37734 0.308 -779.757 55.4167 0
11.7259 -5.78981 1414 -7.37734 0.308 -779.757 55.4167 0
11.7309 -5.25148 913 -6.21278 0.106 -726.198 28.4821 0
11.7411 -4.16383 957 -4.9109 0.026 -656.435 17.7976 0
11.7514 -3.0597 2026 -4.09242 0.141 -612.489 37.381 0
11.7564 -1.94458 1221 -4.09242 0.141 -612.489 37.381 0
11.7616 -1.38428 693 -2.30713 0.205 -530.916 41.369 0
11.7665 -0.823977 794 -2.30713 0.205 -530.916 41.369 0
11.7716 -0.258179 1426 -1.06568 0 -460.603 11.7857 0
11.7769 0.296632 1983 -1.06568 0 -460.603 11.7857 0
11.7819 0.862429 1992 -0.280152 0.228 -424.348 53.4821 0
11.7869 1.42273 1459 -0.280152 0.228 -424.348 53.4821 0
11.792 1.98304 739 0.994265 0.247 -366.944 51.0417 0
11.797 2.53785 521 0.994265 0.247 -366.944 51.0417 0
11.802 3.09815 1074 2.37855 -0.034 -290.04 7.41071 0
11.8124 4.19679 2093 3.10914 0.217 -252.686 45.2083 0
11.8225 5.28993 916 4.25172 0.389 -203.248 56.5179 0
11.8273 5.82277 471 4.25172 0.389 -203.248 56.5179 0
11.8325 6.35561 853 5.67995 -0.022 -126.068 8.21429 0
11.8375 6.88295 1620 5.67995 -0.022 -126.068 8.21429 0
11.8427 7.4048 2059 6.41054 0.129 -85.9682 34.9702 0
11.8478 7.91567 1850 6.41054 0.129 -85.9682 34.9702 0
11.8529 8.42653 1212 7.38283 0.32 -45.868 59.256 0
11.8578 8.92092 586 7.38283 0.32 -45.868 59.256 0
11.8682 9.89871 970 8.75063 0.03 24.7193 17.0833 0
11.8731 10.3711 1613 9.61306 0.034 72.2353 19.6429 0
11.8832 11.294 1631 10.2942 0.236 103.272 52.9762 0
11.8883 11.7389 1079 10.2942 0.236 103.272 52.9762 0
11.8934 12.1784 617 11.4258 0.171 157.105 34.9107 0
11.8985 12.6013 589 11.4258 0.171 157.105 34.9107 0
11.9035 13.0188 936 12.4311 0.038 210.389 13.75 0
11.9086 13.4198 1352 12.4311 0.038 210.389 13.75 0
11.9138 13.8153 1555 13.0298 0.122 243.348 30.4464 0
11.9188 14.1944 1487 13.0298 0.122 243.348 30.4464 0
11.9239 14.5624 1242 13.7659 0.186 277.68 39.6131 0
11.9292 14.9195 1043 13.7659 0.186 277.68 39.6131 0
11.9342 15.2655 934 14.6228 0.148 316.956 33.5417 0
11.9444 15.9192 693 15.3589 0.087 356.233 22.4107 0
11.9545 16.5235 677 16.0511 0.022 391.938 13.4226 0
11.9596 16.8036 895 16.0511 0.022 391.938 13.4226 0
11.9644 17.0728 1107 16.5455 0.087 415.284 24.9107 0
11.9698 17.331 1196 16.5455 0.087 415.284 24.9107 0
11.9746 17.5727 1192 16.9849 0.118 439.729 28.6905 0
11.9799 17.8034 1084 16.9849 0.118 439.729 28.6905 0
11.9847 18.0176 970 17.4903 0.129 463.624 28.244 0
11.9898 18.2209 926 17.4903 0.129 463.624 28.244 0
11.9949 18.4131 885 17.9572 0.16 482.85 32.1131 0
12.0002 18.5944 820 17.9572 0.16 482.85 32.1131 0
12.0103 18.913 635 18.3582 0.122 504.548 25.5357 0
12.0151 19.0558 526 18.7317 0.045 526.521 13.1548 0
12.0252 19.303 532 19.0448 0.045 540.803 11.756 0
12.0354 19.5063 563 19.2591 0.064 551.515 13.006 0
12.0405 19.5942 567 19.2591 0.064 551.515 13.006 0
12.0456 19.6711 563 19.4349 0.03 561.677 10.8631 0
12.0507 19.737 574 19.4349 0.03 561.677 10.8631 0
12.0556 19.7919 573 19.5722 0.038 567.445 13.6607 0
12.061 19.8414 589 19.5722 0.038 567.445 13.6607 0
12.0658 19.8798 606 19.6766 0.045 573.488 12.1131 0
12.0709 19.9128 626 19.6766 0.045 573.488 12.1131 0
12.0758 19.9402 642 19.737 0.049 577.333 11.7857 0
12.081 19.9622 646 19.737 0.049 577.333 11.7857 0
12.0861 19.9787 630 19.7809 0.061 579.256 12.6488 0
12.0911 19.9842 618 19.7809 0.061 579.256 12.6488 0
12.1014 19.9952 596 19.8139 0.053 581.178 11.25 0
12.1062 19.9952 572 19.8304 0.041 581.727 11.1607 0
13.1225 19.9952 604 19.8523 0.057 582.826 11.5179 0
13.1315 19.9952 605 19.8523 0.057 582.826 11.5476 0
13.1414 19.9897 584 19.8523 0.049 582.826 11.5476 0
13.1466 19.9842 559 19.8523 0.049 582.826 11.5476 0
13.1517 19.9732 520 19.8523 0.038 582.826 10.2083 0
13.1566 19.9567 464 19.8523 0.038 582.826 10.2083 0
13.1616 19.9347 388 19.8523 0.03 582.826 7.35119 0
13.167 19.9073 290 19.8523 0.03 582.826 7.35119 0
13.1718 19.8743 168 19.8523 0 582.826 2.20238 0
13.1771 19.8304 19 19.8523 0 582.826 2.20238 0
13.1871 19.7205 -356 19.8523 -0.03 582.826 -5.83333 0
13.1921 19.6491 -569 19.8523 -0.076 582.551 -16.756 0
13.1974 19.5722 -777 19.8523 -0.076 582.551 -16.756 0
13.2021 19.4843 -905 19.8249 -0.118 579.805 -26.4286 0
13.2073 19.3854 -975 19.8249 -0.118 579.805 -26.4286 0
13.2123 19.2756 -968 19.693 -0.152 571.565 -28.869 0
13.2174 19.1547 -933 19.693 -0.152 571.565 -28.869 0
13.2224 19.0174 -919 19.4458 -0.164 561.128 -31.3393 0
13.2277 18.8746 -976 19.4458 -0.164 561.128 -31.3393 0
13.2328 18.7153 -1047 19.1822 -0.133 546.296 -29.4643 0
13.2379 18.545 -1074 19.1822 -0.133 546.296 -29.4643 0
13.2428 18.3637 -1049 18.8801 -0.164 529.542 -28.6607 0
13.2481 18.1714 -982 18.8801 -0.164 529.542 -28.6607 0
13.253 17.9627 -950 18.479 -0.129 509.492 -26.1905 0
13.2631 17.5068 -887 18.0341 -0.095 486.146 -22.2024 0
13.2683 17.2596 -799 18.0341 -0.095 486.146 -22.2024 0
13.2732 17.0014 -727 17.5177 -0.08 460.328 -18.4226 0
13.2783 16.7322 -729 17.5177 -0.08 460.328 -18.4226 0
13.2834 16.4466 -854 16.9629 -0.091 435.334 -21.756 0
13.2885 16.1444 -1033 16.9629 -0.091 435.334 -21.756 0
13.2936 15.8368 -1161 16.4685 -0.129 411.439 -32.7976 0
13.2988 15.5127 -1276 16.4685 -0.129 411.439 -32.7976 0
13.3037 15.1776 -1328 15.9027 -0.198 383.698 -41.1607 0
13.3089 14.8261 -1357 15.9027 -0.198 383.698 -41.1607 0
13.3138 14.469 -1284 15.2381 -0.183 347.718 -37.5595 0
13.324 13.711 -964 14.4361 -0.061 302.949 -20.7143 0
13.3292 13.3155 -880 14.4361 -0.061 302.949 -20.7143 0
13.3391 12.4915 -1144 13.5901 -0.08 263.398 -19.5833 0
13.3494 11.6236 -1492 12.8376 -0.183 230.988 -38.0357 0
13.3545 11.1731 -1488 12.0685 -0.297 191.712 -46.6667 0
13.3595 10.7172 -1326 12.0685 -0.297 191.712 -46.6667 0
13.3646 10.2448 -1061 11.1127 -0.141 138.977 -31.3988 0
13.3697 9.77236 -837 11.1127 -0.141 138.977 -31.3988 0
13.3747 9.28347 -864 10.0305 -0.041 85.1443 -17.7083 0
13.38 8.78908 -1170 10.0305 -0.041 85.1443 -17.7083 0
13.385 8.2892 -1551 9.14614 -0.205 47.2413 -40.744 0
13.3899 7.77834 -1709 9.14614 -0.205 47.2413 -40.744 0
13.395 7.26747 -1563 8.2892 -0.267 2.19727 -52.2024 0
13.4052 6.21278 -876 7.10268 -0.08 -64.5448 -21.3095 0
13.4154 5.14161 -1285 5.9601 -0.068 -116.455 -23.75 0
13.4205 4.59779 -1697 5.9601 -0.068 -116.455 -23.75 0
13.4254 4.05396 -1836 5.10316 -0.366 -152.71 -60.9821 0
13.4306 3.49915 -1536 5.10316 -0.366 -152.71 -60.9821 0
13.4355 2.94984 -1035 3.95509 -0.175 -219.452 -36.4286 0
13.4406 2.38953 -744 3.95509 -0.175 -219.452 -36.4286 0
13.4458 1.82923 -942 2.62025 0.019 -287.842 -9.67262 0
13.4507 1.26892 -1473 2.62025 0.019 -287.842 -9.67262 0
13.4558 0.70862 -1892 1.70838 -0.305 -321.076 -57.1131 0
13.461 0.148316 -1815 1.70838 -0.305 -321.076 -57.1131 0
13.4659 -0.411988 -1276 0.681154 -0.244 -380.677 -50.119 0
13.4713 -0.972292 -774 0.681154 -0.244 -380.677 -50.119 0
13.4814 -2.0929 -1334 -0.741579 0.045 -458.68 -4.79167 0
13.4913 -3.20802 -1918 -1.70289 -0.228 -492.463 -51.2202 0
13.4965 -4.30665 -808 -2.64771 -0.301 -544.099 -59.7619 0
13.5066 -5.3943 -1065 -4.07044 0.053 -626.222 -3.5119 0
13.5115 -5.93263 -1665 -4.07044 0.053 -626.222 -3.5119 0
13.5168 -6.45998 -1900 -5.44923 -0.339 -677.858 -65.0298 0
13.5216 -6.98732 -1587 -5.44923 -0.339 -677.858 -65.0298 0
13.5268 -7.50917 -982 -6.52589 -0.183 -743.227 -38.9881 0
13.537 -8.52541 -854 -7.82778 0.03 -811.617 -3.95833 0
13.542 -9.0198 -1367 -7.82778 0.03 -811.617 -3.95833 0
13.5524 -9.99209 -1693 -8.62429 -0.24 -838.259 -52.9762 0
13.5624 -10.9314 -849 -9.5032 -0.362 -888.247 -50.0893 0
13.5674 -11.3819 -641 -10.6842 0.003 -954.714 -9.19643 0
13.5726 -11.8268 -803 -10.6842 0.003 -954.714 -9.19643 0
13.5776 -12.2608 -1131 -11.5961 -0.102 -991.244 -26.6964 0
13.5827 -12.6837 -1385 -11.5961 -0.102 -991.244 -26.6964 0
13.5876 -13.1012 -1428 -12.2882 -0.259 -1024.2 -47.4702 0
13.5928 -13.5022 -1268 -12.2882 -0.259 -1024.2 -47.4702 0
13.5977 -13.8922 -1049 -13.1342 -0.16 -1071.44 -33.9583 0
13.603 -14.2713 -857 -13.1342 -0.16 -1071.44 -33.9583 0
13.6079 -14.6393 -797 -14.0241 -0.038 -1117.86 -17.4405 0
13.6132 -14.9909 -847 -14.0241 -0.038 -1117.86 -17.4405 0
13.6232 -15.6665 -1012 -14.7492 -0.076 -1152.19 -21.131 0
13.6335 -16.2873 -1213 -15.3754 -0.144 -1180.48 -32.3214 0
13.6385 -16.5784 -1237 -15.9412 -0.141 -1210.42 -34.8512 0
13.6435 -16.8586 -1158 -15.9412 -0.141 -1210.42 -34.8512 0
13.6486 -17.1277 -1014 -16.529 -0.194 -1238.99 -34.9107 0
13.6536 -17.3804 -854 -16.529 -0.194 -1238.99 -34.9107 0
13.6585 -17.6166 -715 -17.1332 -0.083 -1272.49 -19.2857 0
13.6636 -17.8473 -647 -17.1332 -0.083 -1272.49 -19.2857 0
13.6688 -18.0616 -667 -17.6606 -0.03 -1300.24 -10.2083 0
13.6737 -18.2648 -672 -17.6606 -0.03 -1300.24 -10.2083 0
13.679 -18.4516 -622 -18.0726 -0.099 -1316.17 -20.3869 0
13.6842 -18.6274 -605 -18.0726 -0.099 -1316.17 -20.3869 0
13.6942 -18.9405 -652 -18.4571 -0.091 -1334.57 -20.119 0
13.7044 -19.2096 -772 -18.7592 -0.083 -1351.05 -18.6607 0
13.7142 -19.4294 -865 -18.9899 -0.137 -1361.76 -27.1726 0
13.7195 -19.5282 -850 -19.1877 -0.152 -1370.82 -27.381 0
13.7244 -19.6106 -827 -19.1877 -0.152 -1370.82 -27.381 0
13.7299 -19.6821 -817 -19.3744 -0.118 -1380.98 -25.8333 0
13.7345 -19.748 -841 -19.3744 -0.118 -1380.98 -25.8333 0
13.7398 -19.8029 -853 -19.5118 -0.164 -1387.3 -27.1131 0
13.7451 -19.8523 -825 -19.5118 -0.164 -1387.3 -27.1131 0
13.75 -19.8908 -799 -19.6161 -0.183 -1392.25 -27.5 0
13.7602 -19.9457 -844 -19.6875 -0.144 -1396.64 -25.7143 0
13.7704 -19.9787 -826 -19.7315 -0.171 -1398.01 -27.4702 0
13.7805 -19.9952 -784 -19.7645 -0.144 -1399.66 -26.4881 0
13.7857 -19.9952 -766 -19.7645 -0.144 -1399.66 -26.4881 0
13.7957 -19.9952 -742 -19.7809 -0.137 -1400.49 -25.7143 0
14.8122 -19.9952 -782 -19.8139 -0.122 -1402.13 -25.4762 0
14.8204 -19.9952 -783 -19.8139 -0.164 -1402.13 -25.506 0
14.8254 -19.9952 -781 -19.8139 -0.144 -1402.13 -25.4464 0
14.8307 -19.9952 -774 -19.8139 -0.144 -1402.13 -25.4464 0
14.8358 -19.9897 -758 -19.8139 -0.144 -1402.13 -24.7619 0
14.8406 -19.9842 -731 -19.8139 -0.144 -1402.13 -24.7619 0
14.8459 -19.9677 -689 -19.8139 -0.133 -1402.13 -22.6786 0
14.8507 -19.9512 -629 -19.8139 -0.133 -1402.13 -22.6786 0
14.8561 -19.9292 -549 -19.8139 -0.11 -1402.13 -18.5417 0
14.8663 -19.8633 -320 -19.8139 -0.053 -1402.13 -11.6964 0
14.8714 -19.8194 -175 -19.8139 -0.053 -1402.13 -11.6964 0
14.8813 -19.704 203 -19.8084 -0.007 -1401.86 -2.20238 0
14.8862 -19.6381 413 -19.8029 0.034 -1401.58 10.9524 0
14.8964 -19.4623 571 -19.7535 0.072 -1395.82 16.8155 0
14.9016 -19.2481 456 -19.7535 0.072 -1395.82 16.8155 0
14.9065 -19.1272 496 -19.4184 0.034 -1382.08 10.2976 0
14.9117 -18.9899 586 -19.4184 0.034 -1382.08 10.2976 0
14.9165 -18.8416 700 -19.1987 0.041 -1370.27 13.006 0
14.9217 -18.6823 808 -19.1987 0.041 -1370.27 13.006 0
14.9269 -18.512 882 -18.9515 0.091 -1357.64 18.7202 0
14.9321 -18.3252 914 -18.9515 0.091 -1357.64 18.7202 0
14.942 -17.9187 1035 -18.6274 0.083 -1340.88 21.0119 0
14.9522 -17.4628 1221 -18.2538 0.137 -1324.95 30.3571 0
14.9572 -17.2101 1209 -17.8473 0.186 -1292 35.5655 0
14.9673 -16.6718 1034 -17.309 0.144 -1261.78 28.6012 0
14.9777 -16.084 827 -16.6883 0.106 -1231.02 25.8929 0
14.9879 -15.4468 933 -16.0401 0.08 -1197.51 22.7679 0
14.9927 -15.1062 1100 -16.0401 0.08 -1197.51 22.7679 0
14.9979 -14.7547 1262 -15.4578 0.106 -1165.1 27.1131 0
15.0028 -14.3921 1322 -15.4578 0.106 -1165.1 27.1131 0
15.0079 -14.0186 1357 -14.8041 0.205 -1135.44 42.2619 0
15.0131 -13.6341 1433 -14.8041 0.205 -1135.44 42.2619 0
15.0182 -13.2331 1395 -14.0735 0.205 -1097.26 44.5238 0
15.023 -12.8266 1185 -14.0735 0.205 -1097.26 44.5238 0
15.0285 -12.4036 858 -13.1946 0.08 -1045.63 23.4226 0
15.0386 -11.5357 815 -12.1949 0.057 -1000.31 19.8512 0
15.0436 -11.0797 1289 -12.1949 0.057 -1000.31 19.8512 0
15.0485 -10.6238 1643 -11.4807 0.114 -982.729 30.2381 0
15.0586 -9.67349 1485 -10.6678 0.247 -945.376 49.4048 0
15.0639 -9.18459 1105 -10.6678 0.247 -945.376 49.4048 0
15.069 -8.69021 849 -9.53066 0.087 -859.957 23.75 0
15.0737 -8.19033 909 -9.53066 0.087 -859.957 23.75 0
15.0791 -7.67946 1263 -8.47597 0.045 -832.766 19.494 0
15.0891 -6.63576 1791 -7.65749 0.259 -771.242 52.9167 0
15.0993 -5.57558 1239 -6.60829 0.19 -712.465 41.369 0
15.1043 -5.03724 774 -6.60829 0.19 -712.465 41.369 0
15.1092 -4.48793 679 -5.28444 0 -644.624 12.9464 0
15.1141 -3.9441 1195 -5.28444 0 -644.624 12.9464 0
15.1192 -3.38929 1810 -4.31214 0.194 -622.377 45.1786 0
15.1295 -2.27967 1629 -2.76856 0.301 -553.987 54.6726 0
15.1347 -1.71936 992 -2.76856 0.301 -553.987 54.6726 0
15.1397 -1.15906 629 -2.02698 0.137 -515.535 32.8571 0
15.1449 -0.598756 982 -2.02698 0.137 -515.535 32.8571 0
15.1551 0.521852 2067 -0.900881 0.007 -450.99 15.3869 0
15.1652 1.64795 1203 -0.0878908 0.286 -416.383 60.5357 0
15.1704 2.20276 567 1.27991 0.179 -351.289 42.0238 0
15.1805 3.31788 1377 2.55982 -0.03 -279.053 7.94643 0
15.1856 3.8672 2032 2.55982 -0.03 -279.053 7.94643 0
15.1957 4.96034 1401 3.26844 0.274 -246.094 54.6429 0
15.2059 6.037 514 4.54286 0.251 -188.416 48.4821 0
15.2107 6.56984 1139 5.87221 -0.038 -114.258 6.07143 0
15.2158 7.09169 1869 5.87221 -0.038 -114.258 6.07143 0
15.2209 7.60805 2068 6.54237 0.198 -80.475 45.506 0
15.226 8.11892 1647 6.54237 0.198 -80.475 45.506 0
15.2363 9.11867 458 7.63552 0.289 -33.2337 54.375 0
15.2465 10.091 1222 8.97585 -0.011 37.9029 10.3869 0
15.2566 11.0193 1837 9.72292 0.087 77.7285 28.3036 0
15.2615 11.9147 865 10.481 0.244 112.335 53.4524 0
15.2668 12.3487 532 10.481 0.244 112.335 53.4524 0
15.2715 12.7716 663 12.1839 0.03 196.93 15.506 0
15.2767 13.1781 1091 12.1839 0.03 196.93 15.506 0
15.2816 13.5791 1472 12.854 0.076 234.559 23.8393 0
15.2869 13.9692 1553 12.854 0.076 234.559 23.8393 0
15.2917 14.3427 1401 13.5132 0.156 266.694 38.9881 0
15.2969 14.7107 1169 13.5132 0.156 266.694 38.9881 0
15.3019 15.0623 1000 14.3647 0.141 305.695 35 0
15.307 15.4029 904 14.3647 0.141 305.695 35 0
15.317 16.0456 636 15.1337 0.114 344.148 27.1131 0
15.3273 16.6388 739 15.8533 0.038 382.874 13.4524 0
15.3323 16.9135 987 16.4136 0.072 409.242 20.2083 0
15.3423 17.4299 1194 16.8421 0.125 431.764 29.6429 0
15.3476 17.6661 1171 16.8421 0.125 431.764 29.6429 0
15.3576 18.1 981 17.32 0.118 457.032 27.9464 0
15.3627 18.3033 919 17.8144 0.148 477.357 31.131 0
15.3679 18.49 861 17.8144 0.148 477.357 31.131 0
15.3728 18.6603 777 18.2319 0.129 497.407 29.5833 0
15.3781 18.8251 689 18.2319 0.129 497.407 29.5833 0
15.3882 19.1108 529 18.6164 0.049 520.204 17.0238 0
15.3983 19.347 512 18.9515 0.038 536.958 11.994 0
15.4083 19.5447 561 19.1932 0.045 548.494 12.9167 0
15.4134 19.6271 579 19.3744 0.034 559.48 10.3869 0
15.4235 19.759 570 19.5228 0.049 566.072 12.7083 0
15.4288 19.8139 566 19.5228 0.049 566.072 12.7083 0
15.4337 19.8578 600 19.6436 0.045 571.84 12.7976 0
15.439 19.8963 625 19.6436 0.045 571.84 12.7976 0
15.4438 19.9238 636 19.7095 0.053 576.234 12.2917 0
15.454 19.9677 638 19.759 0.057 578.706 12.7976 0
15.459 19.9787 626 19.759 0.057 578.706 12.7976 0
15.4643 19.9897 618 19.7974 0.041 580.629 11.994 0
15.4741 19.9952 607 19.8139 0.041 581.453 11.7262 0
15.4844 19.9952 582 19.8249 0.045 582.002 10.9524 0
